2022-05-17 17:14:49 - INFO: 7426708a6b758c5a032f08bf662c315ee5293bb5 processed 1200 bytes -> quic_actor/src/udpactor.rs-255
2022-05-17 17:14:49 - WARN: 7426708a6b758c5a032f08bf662c315ee5293bb5 written 1200 bytes -> quic_actor/src/udpactor.rs-336
2022-05-17 17:14:49 - INFO: Successfuly sent 1200 bytes -> quic_actor/src/udpactor.rs-79
2022-05-17 17:14:49 - INFO: Successfuly sent 715 bytes -> quic_actor/src/udpactor.rs-79
2022-05-17 17:14:49 - WARN: 7426708a6b758c5a032f08bf662c315ee5293bb5 written 715 bytes -> quic_actor/src/udpactor.rs-336
2022-05-17 17:14:49 - INFO: Got packet Some(Initial version=1 dcid=7426708a6b758c5a032f08bf662c315ee5293bb5 scid=a7b7e95fb68541e703eb5b7f0f848f08e4141e32 token=7175696368657f000001d0301133dd9001344a59631c5620fb53) -> quic_actor/src/udpactor.rs-153
2022-05-17 17:14:49 - INFO: Client found -> quic_actor/src/udpactor.rs-233
2022-05-17 17:14:49 - INFO: 7426708a6b758c5a032f08bf662c315ee5293bb5 processed 1350 bytes -> quic_actor/src/udpactor.rs-255
2022-05-17 17:14:49 - WARN: 7426708a6b758c5a032f08bf662c315ee5293bb5 received 1096 bytes -> quic_actor/src/udpactor.rs-268
2022-05-17 17:14:49 - INFO: 7426708a6b758c5a032f08bf662c315ee5293bb5 stream 2 has 1096 bytes (fin? false) -> quic_actor/src/udpactor.rs-272
2022-05-17 17:14:49 - INFO: 7426708a6b758c5a032f08bf662c315ee5293bb5 got GET request for "./127.0.0.1:4480/LONG_README.md" on stream 2 -> quic_actor/src/udpactor.rs-430
2022-05-17 17:14:49 - ERROR: 7426708a6b758c5a032f08bf662c315ee5293bb5 sending response of size 42127 on stream 2 -> quic_actor/src/udpactor.rs-449
2022-05-17 17:14:49 - ERROR: 7426708a6b758c5a032f08bf662c315ee5293bb5 stream send failed InvalidStreamState(2) -> quic_actor/src/udpactor.rs-461
2022-05-17 17:14:49 - WARN: 7426708a6b758c5a032f08bf662c315ee5293bb5 written 565 bytes -> quic_actor/src/udpactor.rs-336
2022-05-17 17:14:49 - INFO: Got packet Some(Short dcid=7426708a6b758c5a032f08bf662c315ee5293bb5 key_phase=false) -> quic_actor/src/udpactor.rs-153
2022-05-17 17:14:49 - INFO: Client found -> quic_actor/src/udpactor.rs-233
2022-05-17 17:14:49 - INFO: 7426708a6b758c5a032f08bf662c315ee5293bb5 processed 1350 bytes -> quic_actor/src/udpactor.rs-255
2022-05-17 17:14:49 - INFO: Successfuly sent 565 bytes -> quic_actor/src/udpactor.rs-79
2022-05-17 17:14:49 - WARN: 7426708a6b758c5a032f08bf662c315ee5293bb5 received 1306 bytes -> quic_actor/src/udpactor.rs-268
2022-05-17 17:14:49 - INFO: 7426708a6b758c5a032f08bf662c315ee5293bb5 stream 2 has 1306 bytes (fin? false) -> quic_actor/src/udpactor.rs-272
2022-05-17 17:14:49 - WARN: 7426708a6b758c5a032f08bf662c315ee5293bb5 written 43 bytes -> quic_actor/src/udpactor.rs-336
2022-05-17 17:14:49 - INFO: Got packet Some(Short dcid=7426708a6b758c5a032f08bf662c315ee5293bb5 key_phase=false) -> quic_actor/src/udpactor.rs-153
2022-05-17 17:14:49 - INFO: Client found -> quic_actor/src/udpactor.rs-233
2022-05-17 17:14:49 - INFO: 7426708a6b758c5a032f08bf662c315ee5293bb5 processed 1350 bytes -> quic_actor/src/udpactor.rs-255
2022-05-17 17:14:49 - WARN: 7426708a6b758c5a032f08bf662c315ee5293bb5 received 1306 bytes -> quic_actor/src/udpactor.rs-268
2022-05-17 17:14:49 - INFO: Successfuly sent 43 bytes -> quic_actor/src/udpactor.rs-79
2022-05-17 17:14:49 - INFO: 7426708a6b758c5a032f08bf662c315ee5293bb5 stream 2 has 1306 bytes (fin? false) -> quic_actor/src/udpactor.rs-272
2022-05-17 17:14:49 - WARN: 7426708a6b758c5a032f08bf662c315ee5293bb5 written 44 bytes -> quic_actor/src/udpactor.rs-336
2022-05-17 17:14:49 - INFO: Got packet Some(Short dcid=7426708a6b758c5a032f08bf662c315ee5293bb5 key_phase=false) -> quic_actor/src/udpactor.rs-153
2022-05-17 17:14:49 - INFO: Client found -> quic_actor/src/udpactor.rs-233
2022-05-17 17:14:49 - INFO: Successfuly sent 44 bytes -> quic_actor/src/udpactor.rs-79
2022-05-17 17:14:49 - INFO: 7426708a6b758c5a032f08bf662c315ee5293bb5 processed 1350 bytes -> quic_actor/src/udpactor.rs-255
2022-05-17 17:14:49 - WARN: 7426708a6b758c5a032f08bf662c315ee5293bb5 received 1306 bytes -> quic_actor/src/udpactor.rs-268
2022-05-17 17:14:49 - INFO: 7426708a6b758c5a032f08bf662c315ee5293bb5 stream 2 has 1306 bytes (fin? false) -> quic_actor/src/udpactor.rs-272
2022-05-17 17:14:49 - WARN: 7426708a6b758c5a032f08bf662c315ee5293bb5 written 43 bytes -> quic_actor/src/udpactor.rs-336
2022-05-17 17:14:49 - INFO: Got packet Some(Short dcid=7426708a6b758c5a032f08bf662c315ee5293bb5 key_phase=false) -> quic_actor/src/udpactor.rs-153
2022-05-17 17:14:49 - INFO: Client found -> quic_actor/src/udpactor.rs-233
2022-05-17 17:14:49 - INFO: 7426708a6b758c5a032f08bf662c315ee5293bb5 processed 1350 bytes -> quic_actor/src/udpactor.rs-255
2022-05-17 17:14:49 - WARN: 7426708a6b758c5a032f08bf662c315ee5293bb5 received 1306 bytes -> quic_actor/src/udpactor.rs-268
2022-05-17 17:14:49 - INFO: 7426708a6b758c5a032f08bf662c315ee5293bb5 stream 2 has 1306 bytes (fin? false) -> quic_actor/src/udpactor.rs-272
2022-05-17 17:14:49 - WARN: 7426708a6b758c5a032f08bf662c315ee5293bb5 written 43 bytes -> quic_actor/src/udpactor.rs-336
2022-05-17 17:14:49 - INFO: Got packet Some(Short dcid=7426708a6b758c5a032f08bf662c315ee5293bb5 key_phase=false) -> quic_actor/src/udpactor.rs-153
2022-05-17 17:14:49 - INFO: Client found -> quic_actor/src/udpactor.rs-233
2022-05-17 17:14:49 - INFO: Successfuly sent 43 bytes -> quic_actor/src/udpactor.rs-79
2022-05-17 17:14:49 - INFO: 7426708a6b758c5a032f08bf662c315ee5293bb5 processed 1350 bytes -> quic_actor/src/udpactor.rs-255
2022-05-17 17:14:49 - INFO: Successfuly sent 43 bytes -> quic_actor/src/udpactor.rs-79
2022-05-17 17:14:49 - WARN: 7426708a6b758c5a032f08bf662c315ee5293bb5 received 1306 bytes -> quic_actor/src/udpactor.rs-268
2022-05-17 17:14:49 - INFO: 7426708a6b758c5a032f08bf662c315ee5293bb5 stream 2 has 1306 bytes (fin? false) -> quic_actor/src/udpactor.rs-272
2022-05-17 17:14:49 - WARN: 7426708a6b758c5a032f08bf662c315ee5293bb5 written 43 bytes -> quic_actor/src/udpactor.rs-336
2022-05-17 17:14:49 - INFO: Successfuly sent 43 bytes -> quic_actor/src/udpactor.rs-79
2022-05-17 17:14:49 - INFO: Got packet Some(Short dcid=7426708a6b758c5a032f08bf662c315ee5293bb5 key_phase=false) -> quic_actor/src/udpactor.rs-153
2022-05-17 17:14:49 - INFO: Client found -> quic_actor/src/udpactor.rs-233
2022-05-17 17:14:49 - INFO: 7426708a6b758c5a032f08bf662c315ee5293bb5 processed 1350 bytes -> quic_actor/src/udpactor.rs-255
2022-05-17 17:14:49 - WARN: 7426708a6b758c5a032f08bf662c315ee5293bb5 received 1306 bytes -> quic_actor/src/udpactor.rs-268
2022-05-17 17:14:49 - INFO: 7426708a6b758c5a032f08bf662c315ee5293bb5 stream 2 has 1306 bytes (fin? false) -> quic_actor/src/udpactor.rs-272
2022-05-17 17:14:49 - WARN: 7426708a6b758c5a032f08bf662c315ee5293bb5 written 43 bytes -> quic_actor/src/udpactor.rs-336
2022-05-17 17:14:49 - INFO: Got packet Some(Short dcid=7426708a6b758c5a032f08bf662c315ee5293bb5 key_phase=false) -> quic_actor/src/udpactor.rs-153
2022-05-17 17:14:49 - INFO: Client found -> quic_actor/src/udpactor.rs-233
2022-05-17 17:14:49 - INFO: 7426708a6b758c5a032f08bf662c315ee5293bb5 processed 1350 bytes -> quic_actor/src/udpactor.rs-255
2022-05-17 17:14:49 - WARN: 7426708a6b758c5a032f08bf662c315ee5293bb5 received 1306 bytes -> quic_actor/src/udpactor.rs-268
2022-05-17 17:14:49 - INFO: 7426708a6b758c5a032f08bf662c315ee5293bb5 stream 2 has 1306 bytes (fin? false) -> quic_actor/src/udpactor.rs-272
2022-05-17 17:14:49 - WARN: 7426708a6b758c5a032f08bf662c315ee5293bb5 written 43 bytes -> quic_actor/src/udpactor.rs-336
2022-05-17 17:14:49 - INFO: Got packet Some(Short dcid=7426708a6b758c5a032f08bf662c315ee5293bb5 key_phase=false) -> quic_actor/src/udpactor.rs-153
2022-05-17 17:14:49 - INFO: Client found -> quic_actor/src/udpactor.rs-233
2022-05-17 17:14:49 - INFO: 7426708a6b758c5a032f08bf662c315ee5293bb5 processed 1350 bytes -> quic_actor/src/udpactor.rs-255
2022-05-17 17:14:49 - WARN: 7426708a6b758c5a032f08bf662c315ee5293bb5 received 1306 bytes -> quic_actor/src/udpactor.rs-268
2022-05-17 17:14:49 - INFO: 7426708a6b758c5a032f08bf662c315ee5293bb5 stream 2 has 1306 bytes (fin? false) -> quic_actor/src/udpactor.rs-272
2022-05-17 17:14:49 - WARN: 7426708a6b758c5a032f08bf662c315ee5293bb5 written 43 bytes -> quic_actor/src/udpactor.rs-336
2022-05-17 17:14:49 - INFO: Got packet Some(Short dcid=7426708a6b758c5a032f08bf662c315ee5293bb5 key_phase=false) -> quic_actor/src/udpactor.rs-153
2022-05-17 17:14:49 - INFO: Client found -> quic_actor/src/udpactor.rs-233
2022-05-17 17:14:49 - INFO: Successfuly sent 43 bytes -> quic_actor/src/udpactor.rs-79
2022-05-17 17:14:49 - INFO: 7426708a6b758c5a032f08bf662c315ee5293bb5 processed 1350 bytes -> quic_actor/src/udpactor.rs-255
2022-05-17 17:14:49 - WARN: 7426708a6b758c5a032f08bf662c315ee5293bb5 received 1306 bytes -> quic_actor/src/udpactor.rs-268
2022-05-17 17:14:49 - INFO: 7426708a6b758c5a032f08bf662c315ee5293bb5 stream 2 has 1306 bytes (fin? false) -> quic_actor/src/udpactor.rs-272
2022-05-17 17:14:49 - WARN: 7426708a6b758c5a032f08bf662c315ee5293bb5 written 43 bytes -> quic_actor/src/udpactor.rs-336
2022-05-17 17:14:49 - INFO: Got packet Some(Short dcid=7426708a6b758c5a032f08bf662c315ee5293bb5 key_phase=false) -> quic_actor/src/udpactor.rs-153
2022-05-17 17:14:49 - INFO: Client found -> quic_actor/src/udpactor.rs-233
2022-05-17 17:14:49 - INFO: 7426708a6b758c5a032f08bf662c315ee5293bb5 processed 99 bytes -> quic_actor/src/udpactor.rs-255
2022-05-17 17:14:49 - WARN: 7426708a6b758c5a032f08bf662c315ee5293bb5 received 55 bytes -> quic_actor/src/udpactor.rs-268
2022-05-17 17:14:49 - INFO: 7426708a6b758c5a032f08bf662c315ee5293bb5 stream 2 has 55 bytes (fin? false) -> quic_actor/src/udpactor.rs-272
2022-05-17 17:14:49 - WARN: 7426708a6b758c5a032f08bf662c315ee5293bb5 written 44 bytes -> quic_actor/src/udpactor.rs-336
2022-05-17 17:14:49 - INFO: Got packet Some(Short dcid=7426708a6b758c5a032f08bf662c315ee5293bb5 key_phase=false) -> quic_actor/src/udpactor.rs-153
2022-05-17 17:14:49 - INFO: Client found -> quic_actor/src/udpactor.rs-233
2022-05-17 17:14:49 - INFO: 7426708a6b758c5a032f08bf662c315ee5293bb5 processed 644 bytes -> quic_actor/src/udpactor.rs-255
2022-05-17 17:14:49 - WARN: 7426708a6b758c5a032f08bf662c315ee5293bb5 received 595 bytes -> quic_actor/src/udpactor.rs-268
2022-05-17 17:14:49 - INFO: 7426708a6b758c5a032f08bf662c315ee5293bb5 stream 2 has 595 bytes (fin? false) -> quic_actor/src/udpactor.rs-272
2022-05-17 17:14:49 - WARN: 7426708a6b758c5a032f08bf662c315ee5293bb5 written 43 bytes -> quic_actor/src/udpactor.rs-336
2022-05-17 17:14:49 - INFO: Successfuly sent 43 bytes -> quic_actor/src/udpactor.rs-79
2022-05-17 17:14:49 - INFO: Successfuly sent 43 bytes -> quic_actor/src/udpactor.rs-79
2022-05-17 17:14:49 - INFO: Successfuly sent 43 bytes -> quic_actor/src/udpactor.rs-79
2022-05-17 17:14:49 - INFO: Successfuly sent 44 bytes -> quic_actor/src/udpactor.rs-79
2022-05-17 17:14:49 - INFO: Successfuly sent 43 bytes -> quic_actor/src/udpactor.rs-79
2022-05-17 17:14:58 - INFO: Got packet Some(Initial version=1 dcid=8d57790469c23544dafe0dc194d6783e scid=61e3fafbcda9e844dfca62bdc3ab10ea106ac38b token=) -> quic_actor/src/udpactor.rs-153
2022-05-17 17:14:58 - WARN: New Client -> quic_actor/src/udpactor.rs-167
2022-05-17 17:14:58 - WARN: Doing stateless retry -> quic_actor/src/udpactor.rs-98
2022-05-17 17:14:58 - INFO: Successfuly sent 89 bytes -> quic_actor/src/udpactor.rs-79
2022-05-17 17:14:58 - INFO: Got packet Some(Initial version=1 dcid=c73b81e790663a0f885333f28acf43f3223775fc scid=61e3fafbcda9e844dfca62bdc3ab10ea106ac38b token=7175696368657f0000018d57790469c23544dafe0dc194d6783e) -> quic_actor/src/udpactor.rs-153
2022-05-17 17:14:58 - WARN: New Client -> quic_actor/src/udpactor.rs-167
2022-05-17 17:14:58 - INFO: c73b81e790663a0f885333f28acf43f3223775fc processed 1200 bytes -> quic_actor/src/udpactor.rs-255
2022-05-17 17:14:58 - WARN: c73b81e790663a0f885333f28acf43f3223775fc written 1200 bytes -> quic_actor/src/udpactor.rs-336
2022-05-17 17:14:58 - WARN: c73b81e790663a0f885333f28acf43f3223775fc written 715 bytes -> quic_actor/src/udpactor.rs-336
2022-05-17 17:14:58 - INFO: Successfuly sent 1200 bytes -> quic_actor/src/udpactor.rs-79
2022-05-17 17:14:58 - INFO: Successfuly sent 715 bytes -> quic_actor/src/udpactor.rs-79
2022-05-17 17:14:58 - INFO: Got packet Some(Initial version=1 dcid=c73b81e790663a0f885333f28acf43f3223775fc scid=61e3fafbcda9e844dfca62bdc3ab10ea106ac38b token=7175696368657f0000018d57790469c23544dafe0dc194d6783e) -> quic_actor/src/udpactor.rs-153
2022-05-17 17:14:58 - INFO: Client found -> quic_actor/src/udpactor.rs-233
2022-05-17 17:14:58 - INFO: c73b81e790663a0f885333f28acf43f3223775fc processed 1350 bytes -> quic_actor/src/udpactor.rs-255
2022-05-17 17:14:58 - WARN: c73b81e790663a0f885333f28acf43f3223775fc received 1096 bytes -> quic_actor/src/udpactor.rs-268
2022-05-17 17:14:58 - INFO: c73b81e790663a0f885333f28acf43f3223775fc stream 2 has 1096 bytes (fin? false) -> quic_actor/src/udpactor.rs-272
2022-05-17 17:14:58 - INFO: c73b81e790663a0f885333f28acf43f3223775fc got GET request for "./127.0.0.1:4480/LONG_README.md" on stream 2 -> quic_actor/src/udpactor.rs-430
2022-05-17 17:14:58 - ERROR: c73b81e790663a0f885333f28acf43f3223775fc sending response of size 42127 on stream 2 -> quic_actor/src/udpactor.rs-449
2022-05-17 17:14:58 - ERROR: c73b81e790663a0f885333f28acf43f3223775fc stream send failed InvalidStreamState(2) -> quic_actor/src/udpactor.rs-461
2022-05-17 17:14:58 - WARN: c73b81e790663a0f885333f28acf43f3223775fc written 565 bytes -> quic_actor/src/udpactor.rs-336
2022-05-17 17:14:58 - INFO: Got packet Some(Short dcid=c73b81e790663a0f885333f28acf43f3223775fc key_phase=false) -> quic_actor/src/udpactor.rs-153
2022-05-17 17:14:58 - INFO: Client found -> quic_actor/src/udpactor.rs-233
2022-05-17 17:14:58 - INFO: c73b81e790663a0f885333f28acf43f3223775fc processed 1350 bytes -> quic_actor/src/udpactor.rs-255
2022-05-17 17:14:58 - WARN: c73b81e790663a0f885333f28acf43f3223775fc received 1306 bytes -> quic_actor/src/udpactor.rs-268
2022-05-17 17:14:58 - INFO: c73b81e790663a0f885333f28acf43f3223775fc stream 2 has 1306 bytes (fin? false) -> quic_actor/src/udpactor.rs-272
2022-05-17 17:14:58 - WARN: c73b81e790663a0f885333f28acf43f3223775fc written 43 bytes -> quic_actor/src/udpactor.rs-336
2022-05-17 17:14:58 - INFO: Got packet Some(Short dcid=c73b81e790663a0f885333f28acf43f3223775fc key_phase=false) -> quic_actor/src/udpactor.rs-153
2022-05-17 17:14:58 - INFO: Client found -> quic_actor/src/udpactor.rs-233
2022-05-17 17:14:58 - INFO: c73b81e790663a0f885333f28acf43f3223775fc processed 1350 bytes -> quic_actor/src/udpactor.rs-255
2022-05-17 17:14:58 - WARN: c73b81e790663a0f885333f28acf43f3223775fc received 1306 bytes -> quic_actor/src/udpactor.rs-268
2022-05-17 17:14:58 - INFO: c73b81e790663a0f885333f28acf43f3223775fc stream 2 has 1306 bytes (fin? false) -> quic_actor/src/udpactor.rs-272
2022-05-17 17:14:58 - WARN: c73b81e790663a0f885333f28acf43f3223775fc written 43 bytes -> quic_actor/src/udpactor.rs-336
2022-05-17 17:14:58 - INFO: Got packet Some(Short dcid=c73b81e790663a0f885333f28acf43f3223775fc key_phase=false) -> quic_actor/src/udpactor.rs-153
2022-05-17 17:14:58 - INFO: Client found -> quic_actor/src/udpactor.rs-233
2022-05-17 17:14:58 - INFO: c73b81e790663a0f885333f28acf43f3223775fc processed 1350 bytes -> quic_actor/src/udpactor.rs-255
2022-05-17 17:14:58 - WARN: c73b81e790663a0f885333f28acf43f3223775fc received 1306 bytes -> quic_actor/src/udpactor.rs-268
2022-05-17 17:14:58 - INFO: c73b81e790663a0f885333f28acf43f3223775fc stream 2 has 1306 bytes (fin? false) -> quic_actor/src/udpactor.rs-272
2022-05-17 17:14:58 - WARN: c73b81e790663a0f885333f28acf43f3223775fc written 44 bytes -> quic_actor/src/udpactor.rs-336
2022-05-17 17:14:58 - INFO: Got packet Some(Short dcid=c73b81e790663a0f885333f28acf43f3223775fc key_phase=false) -> quic_actor/src/udpactor.rs-153
2022-05-17 17:14:58 - INFO: Client found -> quic_actor/src/udpactor.rs-233
2022-05-17 17:14:58 - INFO: c73b81e790663a0f885333f28acf43f3223775fc processed 1350 bytes -> quic_actor/src/udpactor.rs-255
2022-05-17 17:14:58 - WARN: c73b81e790663a0f885333f28acf43f3223775fc received 1306 bytes -> quic_actor/src/udpactor.rs-268
2022-05-17 17:14:58 - INFO: c73b81e790663a0f885333f28acf43f3223775fc stream 2 has 1306 bytes (fin? false) -> quic_actor/src/udpactor.rs-272
2022-05-17 17:14:58 - WARN: c73b81e790663a0f885333f28acf43f3223775fc written 43 bytes -> quic_actor/src/udpactor.rs-336
2022-05-17 17:14:58 - INFO: Got packet Some(Short dcid=c73b81e790663a0f885333f28acf43f3223775fc key_phase=false) -> quic_actor/src/udpactor.rs-153
2022-05-17 17:14:58 - INFO: Client found -> quic_actor/src/udpactor.rs-233
2022-05-17 17:14:58 - INFO: c73b81e790663a0f885333f28acf43f3223775fc processed 1350 bytes -> quic_actor/src/udpactor.rs-255
2022-05-17 17:14:58 - WARN: c73b81e790663a0f885333f28acf43f3223775fc received 1306 bytes -> quic_actor/src/udpactor.rs-268
2022-05-17 17:14:58 - INFO: c73b81e790663a0f885333f28acf43f3223775fc stream 2 has 1306 bytes (fin? false) -> quic_actor/src/udpactor.rs-272
2022-05-17 17:14:58 - WARN: c73b81e790663a0f885333f28acf43f3223775fc written 43 bytes -> quic_actor/src/udpactor.rs-336
2022-05-17 17:14:58 - INFO: Successfuly sent 565 bytes -> quic_actor/src/udpactor.rs-79
2022-05-17 17:14:58 - INFO: Successfuly sent 43 bytes -> quic_actor/src/udpactor.rs-79
2022-05-17 17:14:58 - INFO: Successfuly sent 43 bytes -> quic_actor/src/udpactor.rs-79
2022-05-17 17:14:58 - INFO: Successfuly sent 44 bytes -> quic_actor/src/udpactor.rs-79
2022-05-17 17:14:58 - INFO: Successfuly sent 43 bytes -> quic_actor/src/udpactor.rs-79
2022-05-17 17:14:58 - INFO: Got packet Some(Short dcid=c73b81e790663a0f885333f28acf43f3223775fc key_phase=false) -> quic_actor/src/udpactor.rs-153
2022-05-17 17:14:58 - INFO: Client found -> quic_actor/src/udpactor.rs-233
2022-05-17 17:14:58 - INFO: c73b81e790663a0f885333f28acf43f3223775fc processed 1350 bytes -> quic_actor/src/udpactor.rs-255
2022-05-17 17:14:58 - WARN: c73b81e790663a0f885333f28acf43f3223775fc received 1306 bytes -> quic_actor/src/udpactor.rs-268
2022-05-17 17:14:58 - INFO: c73b81e790663a0f885333f28acf43f3223775fc stream 2 has 1306 bytes (fin? false) -> quic_actor/src/udpactor.rs-272
2022-05-17 17:14:58 - WARN: c73b81e790663a0f885333f28acf43f3223775fc written 43 bytes -> quic_actor/src/udpactor.rs-336
2022-05-17 17:14:58 - INFO: Got packet Some(Short dcid=c73b81e790663a0f885333f28acf43f3223775fc key_phase=false) -> quic_actor/src/udpactor.rs-153
2022-05-17 17:14:58 - INFO: Client found -> quic_actor/src/udpactor.rs-233
2022-05-17 17:14:58 - INFO: c73b81e790663a0f885333f28acf43f3223775fc processed 1350 bytes -> quic_actor/src/udpactor.rs-255
2022-05-17 17:14:58 - WARN: c73b81e790663a0f885333f28acf43f3223775fc received 1306 bytes -> quic_actor/src/udpactor.rs-268
2022-05-17 17:14:58 - INFO: c73b81e790663a0f885333f28acf43f3223775fc stream 2 has 1306 bytes (fin? false) -> quic_actor/src/udpactor.rs-272
2022-05-17 17:14:58 - INFO: Successfuly sent 43 bytes -> quic_actor/src/udpactor.rs-79
2022-05-17 17:14:58 - INFO: Successfuly sent 43 bytes -> quic_actor/src/udpactor.rs-79
2022-05-17 17:14:58 - INFO: Successfuly sent 43 bytes -> quic_actor/src/udpactor.rs-79
2022-05-17 17:14:58 - WARN: c73b81e790663a0f885333f28acf43f3223775fc written 43 bytes -> quic_actor/src/udpactor.rs-336
2022-05-17 17:14:58 - INFO: Got packet Some(Short dcid=c73b81e790663a0f885333f28acf43f3223775fc key_phase=false) -> quic_actor/src/udpactor.rs-153
2022-05-17 17:14:58 - INFO: Client found -> quic_actor/src/udpactor.rs-233
2022-05-17 17:14:58 - INFO: c73b81e790663a0f885333f28acf43f3223775fc processed 1350 bytes -> quic_actor/src/udpactor.rs-255
2022-05-17 17:14:58 - WARN: c73b81e790663a0f885333f28acf43f3223775fc received 1306 bytes -> quic_actor/src/udpactor.rs-268
2022-05-17 17:14:58 - INFO: c73b81e790663a0f885333f28acf43f3223775fc stream 2 has 1306 bytes (fin? false) -> quic_actor/src/udpactor.rs-272
2022-05-17 17:14:58 - WARN: c73b81e790663a0f885333f28acf43f3223775fc written 43 bytes -> quic_actor/src/udpactor.rs-336
2022-05-17 17:14:58 - INFO: Got packet Some(Short dcid=c73b81e790663a0f885333f28acf43f3223775fc key_phase=false) -> quic_actor/src/udpactor.rs-153
2022-05-17 17:14:58 - INFO: Client found -> quic_actor/src/udpactor.rs-233
2022-05-17 17:14:58 - INFO: c73b81e790663a0f885333f28acf43f3223775fc processed 1350 bytes -> quic_actor/src/udpactor.rs-255
2022-05-17 17:14:58 - WARN: c73b81e790663a0f885333f28acf43f3223775fc received 1306 bytes -> quic_actor/src/udpactor.rs-268
2022-05-17 17:14:58 - INFO: c73b81e790663a0f885333f28acf43f3223775fc stream 2 has 1306 bytes (fin? false) -> quic_actor/src/udpactor.rs-272
2022-05-17 17:14:58 - WARN: c73b81e790663a0f885333f28acf43f3223775fc written 44 bytes -> quic_actor/src/udpactor.rs-336
2022-05-17 17:14:58 - INFO: Got packet Some(Short dcid=c73b81e790663a0f885333f28acf43f3223775fc key_phase=false) -> quic_actor/src/udpactor.rs-153
2022-05-17 17:14:58 - INFO: Client found -> quic_actor/src/udpactor.rs-233
2022-05-17 17:14:58 - INFO: c73b81e790663a0f885333f28acf43f3223775fc processed 99 bytes -> quic_actor/src/udpactor.rs-255
2022-05-17 17:14:58 - WARN: c73b81e790663a0f885333f28acf43f3223775fc received 55 bytes -> quic_actor/src/udpactor.rs-268
2022-05-17 17:14:58 - INFO: c73b81e790663a0f885333f28acf43f3223775fc stream 2 has 55 bytes (fin? false) -> quic_actor/src/udpactor.rs-272
2022-05-17 17:14:58 - WARN: c73b81e790663a0f885333f28acf43f3223775fc written 43 bytes -> quic_actor/src/udpactor.rs-336
2022-05-17 17:14:58 - INFO: Got packet Some(Short dcid=c73b81e790663a0f885333f28acf43f3223775fc key_phase=false) -> quic_actor/src/udpactor.rs-153
2022-05-17 17:14:58 - INFO: Client found -> quic_actor/src/udpactor.rs-233
2022-05-17 17:14:58 - INFO: Successfuly sent 43 bytes -> quic_actor/src/udpactor.rs-79
2022-05-17 17:14:58 - INFO: c73b81e790663a0f885333f28acf43f3223775fc processed 644 bytes -> quic_actor/src/udpactor.rs-255
2022-05-17 17:14:58 - INFO: Successfuly sent 44 bytes -> quic_actor/src/udpactor.rs-79
2022-05-17 17:14:58 - INFO: Successfuly sent 43 bytes -> quic_actor/src/udpactor.rs-79
2022-05-17 17:14:58 - WARN: c73b81e790663a0f885333f28acf43f3223775fc received 595 bytes -> quic_actor/src/udpactor.rs-268
2022-05-17 17:14:58 - INFO: c73b81e790663a0f885333f28acf43f3223775fc stream 2 has 595 bytes (fin? false) -> quic_actor/src/udpactor.rs-272
2022-05-17 17:14:58 - WARN: c73b81e790663a0f885333f28acf43f3223775fc written 44 bytes -> quic_actor/src/udpactor.rs-336
2022-05-17 17:14:58 - INFO: Successfuly sent 44 bytes -> quic_actor/src/udpactor.rs-79
2022-05-17 17:15:17 - INFO: Got packet Some(Initial version=1 dcid=98a7de03076c6de6b59f519925d8f575 scid=7afd299e73af652486bc30f619c4c76fe73bad31 token=) -> quic_actor/src/udpactor.rs-153
2022-05-17 17:15:17 - WARN: New Client -> quic_actor/src/udpactor.rs-167
2022-05-17 17:15:17 - WARN: Doing stateless retry -> quic_actor/src/udpactor.rs-98
2022-05-17 17:15:17 - INFO: Successfuly sent 89 bytes -> quic_actor/src/udpactor.rs-79
2022-05-17 17:15:17 - INFO: Got packet Some(Initial version=1 dcid=ff276e6ec98cab2cf30e05c551f9164f833be623 scid=7afd299e73af652486bc30f619c4c76fe73bad31 token=7175696368657f00000198a7de03076c6de6b59f519925d8f575) -> quic_actor/src/udpactor.rs-153
2022-05-17 17:15:17 - WARN: New Client -> quic_actor/src/udpactor.rs-167
2022-05-17 17:15:17 - INFO: ff276e6ec98cab2cf30e05c551f9164f833be623 processed 1200 bytes -> quic_actor/src/udpactor.rs-255
2022-05-17 17:15:17 - WARN: ff276e6ec98cab2cf30e05c551f9164f833be623 written 1200 bytes -> quic_actor/src/udpactor.rs-336
2022-05-17 17:15:17 - INFO: Successfuly sent 1200 bytes -> quic_actor/src/udpactor.rs-79
2022-05-17 17:15:17 - INFO: Successfuly sent 715 bytes -> quic_actor/src/udpactor.rs-79
2022-05-17 17:15:17 - WARN: ff276e6ec98cab2cf30e05c551f9164f833be623 written 715 bytes -> quic_actor/src/udpactor.rs-336
2022-05-17 17:15:17 - INFO: Got packet Some(Initial version=1 dcid=ff276e6ec98cab2cf30e05c551f9164f833be623 scid=7afd299e73af652486bc30f619c4c76fe73bad31 token=7175696368657f00000198a7de03076c6de6b59f519925d8f575) -> quic_actor/src/udpactor.rs-153
2022-05-17 17:15:17 - INFO: Client found -> quic_actor/src/udpactor.rs-233
2022-05-17 17:15:17 - INFO: ff276e6ec98cab2cf30e05c551f9164f833be623 processed 1350 bytes -> quic_actor/src/udpactor.rs-255
2022-05-17 17:15:17 - WARN: ff276e6ec98cab2cf30e05c551f9164f833be623 received 1096 bytes -> quic_actor/src/udpactor.rs-268
2022-05-17 17:15:17 - INFO: ff276e6ec98cab2cf30e05c551f9164f833be623 stream 2 has 1096 bytes (fin? false) -> quic_actor/src/udpactor.rs-272
2022-05-17 17:15:17 - INFO: ff276e6ec98cab2cf30e05c551f9164f833be623 got GET request for "./127.0.0.1:4480/LONG_README.md" on stream 2 -> quic_actor/src/udpactor.rs-430
2022-05-17 17:15:17 - ERROR: ff276e6ec98cab2cf30e05c551f9164f833be623 sending response of size 42127 on stream 2 -> quic_actor/src/udpactor.rs-449
2022-05-17 17:15:17 - ERROR: ff276e6ec98cab2cf30e05c551f9164f833be623 stream send failed InvalidStreamState(2) -> quic_actor/src/udpactor.rs-461
2022-05-17 17:15:17 - WARN: ff276e6ec98cab2cf30e05c551f9164f833be623 written 565 bytes -> quic_actor/src/udpactor.rs-336
2022-05-17 17:15:17 - INFO: Got packet Some(Short dcid=ff276e6ec98cab2cf30e05c551f9164f833be623 key_phase=false) -> quic_actor/src/udpactor.rs-153
2022-05-17 17:15:17 - INFO: Client found -> quic_actor/src/udpactor.rs-233
2022-05-17 17:15:17 - INFO: ff276e6ec98cab2cf30e05c551f9164f833be623 processed 333 bytes -> quic_actor/src/udpactor.rs-255
2022-05-17 17:15:17 - WARN: ff276e6ec98cab2cf30e05c551f9164f833be623 received 289 bytes -> quic_actor/src/udpactor.rs-268
2022-05-17 17:15:17 - INFO: ff276e6ec98cab2cf30e05c551f9164f833be623 stream 2 has 289 bytes (fin? true) -> quic_actor/src/udpactor.rs-272
2022-05-17 17:15:17 - WARN: ff276e6ec98cab2cf30e05c551f9164f833be623 written 43 bytes -> quic_actor/src/udpactor.rs-336
2022-05-17 17:15:17 - INFO: Successfuly sent 565 bytes -> quic_actor/src/udpactor.rs-79
2022-05-17 17:15:17 - INFO: Successfuly sent 43 bytes -> quic_actor/src/udpactor.rs-79
2022-05-17 17:15:17 - INFO: Got packet Some(Short dcid=ff276e6ec98cab2cf30e05c551f9164f833be623 key_phase=false) -> quic_actor/src/udpactor.rs-153
2022-05-17 17:15:17 - INFO: Client found -> quic_actor/src/udpactor.rs-233
2022-05-17 17:15:17 - INFO: ff276e6ec98cab2cf30e05c551f9164f833be623 processed 43 bytes -> quic_actor/src/udpactor.rs-255
2022-05-17 17:16:15 - INFO: Got packet Some(Initial version=1 dcid=8da3bb29db6bb6a46a9da6190afc9595 scid=4144861d8a5ed6e4b49cf59c64457f49ed177b3f token=) -> quic_actor/src/udpactor.rs-153
2022-05-17 17:16:15 - WARN: New Client -> quic_actor/src/udpactor.rs-167
2022-05-17 17:16:15 - WARN: Doing stateless retry -> quic_actor/src/udpactor.rs-98
2022-05-17 17:16:15 - INFO: Successfuly sent 89 bytes -> quic_actor/src/udpactor.rs-79
2022-05-17 17:16:15 - INFO: Got packet Some(Initial version=1 dcid=0cf8da29e0beecbe698052a95589f6143a1abf48 scid=4144861d8a5ed6e4b49cf59c64457f49ed177b3f token=7175696368657f0000018da3bb29db6bb6a46a9da6190afc9595) -> quic_actor/src/udpactor.rs-153
2022-05-17 17:16:15 - WARN: New Client -> quic_actor/src/udpactor.rs-167
2022-05-17 17:16:15 - INFO: 0cf8da29e0beecbe698052a95589f6143a1abf48 processed 1200 bytes -> quic_actor/src/udpactor.rs-255
2022-05-17 17:16:15 - WARN: 0cf8da29e0beecbe698052a95589f6143a1abf48 written 1200 bytes -> quic_actor/src/udpactor.rs-336
2022-05-17 17:16:15 - INFO: Successfuly sent 1200 bytes -> quic_actor/src/udpactor.rs-79
2022-05-17 17:16:15 - WARN: 0cf8da29e0beecbe698052a95589f6143a1abf48 written 715 bytes -> quic_actor/src/udpactor.rs-336
2022-05-17 17:16:15 - INFO: Successfuly sent 715 bytes -> quic_actor/src/udpactor.rs-79
2022-05-17 17:16:15 - INFO: Got packet Some(Initial version=1 dcid=0cf8da29e0beecbe698052a95589f6143a1abf48 scid=4144861d8a5ed6e4b49cf59c64457f49ed177b3f token=7175696368657f0000018da3bb29db6bb6a46a9da6190afc9595) -> quic_actor/src/udpactor.rs-153
2022-05-17 17:16:15 - INFO: Client found -> quic_actor/src/udpactor.rs-233
2022-05-17 17:16:15 - INFO: 0cf8da29e0beecbe698052a95589f6143a1abf48 processed 1200 bytes -> quic_actor/src/udpactor.rs-255
2022-05-17 17:16:15 - INFO: Got packet Some(Handshake version=1 dcid=0cf8da29e0beecbe698052a95589f6143a1abf48 scid=4144861d8a5ed6e4b49cf59c64457f49ed177b3f) -> quic_actor/src/udpactor.rs-153
2022-05-17 17:16:15 - INFO: Client found -> quic_actor/src/udpactor.rs-233
2022-05-17 17:16:15 - INFO: 0cf8da29e0beecbe698052a95589f6143a1abf48 processed 112 bytes -> quic_actor/src/udpactor.rs-255
2022-05-17 17:16:15 - WARN: 0cf8da29e0beecbe698052a95589f6143a1abf48 written 71 bytes -> quic_actor/src/udpactor.rs-336
2022-05-17 17:16:15 - WARN: 0cf8da29e0beecbe698052a95589f6143a1abf48 written 112 bytes -> quic_actor/src/udpactor.rs-336
2022-05-17 17:16:15 - WARN: 0cf8da29e0beecbe698052a95589f6143a1abf48 written 112 bytes -> quic_actor/src/udpactor.rs-336
2022-05-17 17:16:15 - INFO: Successfuly sent 71 bytes -> quic_actor/src/udpactor.rs-79
2022-05-17 17:16:15 - INFO: Successfuly sent 112 bytes -> quic_actor/src/udpactor.rs-79
2022-05-17 17:16:15 - INFO: Successfuly sent 112 bytes -> quic_actor/src/udpactor.rs-79
2022-05-17 17:16:15 - INFO: Successfuly sent 112 bytes -> quic_actor/src/udpactor.rs-79
2022-05-17 17:16:15 - WARN: 0cf8da29e0beecbe698052a95589f6143a1abf48 written 112 bytes -> quic_actor/src/udpactor.rs-336
2022-05-17 17:16:15 - WARN: 0cf8da29e0beecbe698052a95589f6143a1abf48 written 112 bytes -> quic_actor/src/udpactor.rs-336
2022-05-17 17:16:15 - WARN: 0cf8da29e0beecbe698052a95589f6143a1abf48 written 112 bytes -> quic_actor/src/udpactor.rs-336
2022-05-17 17:16:15 - WARN: 0cf8da29e0beecbe698052a95589f6143a1abf48 written 112 bytes -> quic_actor/src/udpactor.rs-336
2022-05-17 17:16:15 - WARN: 0cf8da29e0beecbe698052a95589f6143a1abf48 written 73 bytes -> quic_actor/src/udpactor.rs-336
2022-05-17 17:16:15 - INFO: Successfuly sent 112 bytes -> quic_actor/src/udpactor.rs-79
2022-05-17 17:16:15 - INFO: Successfuly sent 112 bytes -> quic_actor/src/udpactor.rs-79
2022-05-17 17:16:15 - INFO: Successfuly sent 112 bytes -> quic_actor/src/udpactor.rs-79
2022-05-17 17:16:15 - INFO: Successfuly sent 73 bytes -> quic_actor/src/udpactor.rs-79
2022-05-17 17:16:15 - INFO: Got packet Some(Short dcid=0cf8da29e0beecbe698052a95589f6143a1abf48 key_phase=false) -> quic_actor/src/udpactor.rs-153
2022-05-17 17:16:15 - INFO: Client found -> quic_actor/src/udpactor.rs-233
2022-05-17 17:16:15 - INFO: 0cf8da29e0beecbe698052a95589f6143a1abf48 processed 43 bytes -> quic_actor/src/udpactor.rs-255
2022-05-17 17:16:15 - INFO: Got packet Some(Short dcid=0cf8da29e0beecbe698052a95589f6143a1abf48 key_phase=false) -> quic_actor/src/udpactor.rs-153
2022-05-17 17:16:15 - INFO: Client found -> quic_actor/src/udpactor.rs-233
2022-05-17 17:16:15 - INFO: 0cf8da29e0beecbe698052a95589f6143a1abf48 processed 43 bytes -> quic_actor/src/udpactor.rs-255
2022-05-17 17:20:13 - INFO: Got packet Some(Initial version=1 dcid=720c2ea5bfad24780338a84ca05e4323 scid=278ae63accc25c072cb7c1609870f6a751524e27 token=) -> quic_actor/src/udpactor.rs-153
2022-05-17 17:20:13 - WARN: New Client -> quic_actor/src/udpactor.rs-167
2022-05-17 17:20:13 - WARN: Doing stateless retry -> quic_actor/src/udpactor.rs-98
2022-05-17 17:20:13 - INFO: Successfuly sent 89 bytes -> quic_actor/src/udpactor.rs-79
2022-05-17 17:20:13 - INFO: Got packet Some(Initial version=1 dcid=259970e723036d1f93fb5ea5e33884f896c4d242 scid=278ae63accc25c072cb7c1609870f6a751524e27 token=7175696368657f000001720c2ea5bfad24780338a84ca05e4323) -> quic_actor/src/udpactor.rs-153
2022-05-17 17:20:13 - WARN: New Client -> quic_actor/src/udpactor.rs-167
2022-05-17 17:20:13 - INFO: 259970e723036d1f93fb5ea5e33884f896c4d242 processed 1200 bytes -> quic_actor/src/udpactor.rs-255
2022-05-17 17:20:13 - WARN: 259970e723036d1f93fb5ea5e33884f896c4d242 written 1200 bytes -> quic_actor/src/udpactor.rs-336
2022-05-17 17:20:13 - INFO: Successfuly sent 1200 bytes -> quic_actor/src/udpactor.rs-79
2022-05-17 17:20:13 - INFO: Successfuly sent 715 bytes -> quic_actor/src/udpactor.rs-79
2022-05-17 17:20:13 - WARN: 259970e723036d1f93fb5ea5e33884f896c4d242 written 715 bytes -> quic_actor/src/udpactor.rs-336
2022-05-17 17:20:13 - INFO: Got packet Some(Initial version=1 dcid=259970e723036d1f93fb5ea5e33884f896c4d242 scid=278ae63accc25c072cb7c1609870f6a751524e27 token=7175696368657f000001720c2ea5bfad24780338a84ca05e4323) -> quic_actor/src/udpactor.rs-153
2022-05-17 17:20:13 - INFO: Client found -> quic_actor/src/udpactor.rs-233
2022-05-17 17:20:13 - INFO: 259970e723036d1f93fb5ea5e33884f896c4d242 processed 1200 bytes -> quic_actor/src/udpactor.rs-255
2022-05-17 17:20:13 - INFO: Got packet Some(Handshake version=1 dcid=259970e723036d1f93fb5ea5e33884f896c4d242 scid=278ae63accc25c072cb7c1609870f6a751524e27) -> quic_actor/src/udpactor.rs-153
2022-05-17 17:20:13 - INFO: Client found -> quic_actor/src/udpactor.rs-233
2022-05-17 17:20:13 - INFO: 259970e723036d1f93fb5ea5e33884f896c4d242 processed 1350 bytes -> quic_actor/src/udpactor.rs-255
2022-05-17 17:20:13 - WARN: 259970e723036d1f93fb5ea5e33884f896c4d242 received 1195 bytes -> quic_actor/src/udpactor.rs-268
2022-05-17 17:20:13 - INFO: 259970e723036d1f93fb5ea5e33884f896c4d242 stream 4 has 1195 bytes (fin? false) -> quic_actor/src/udpactor.rs-272
2022-05-17 17:20:13 - INFO: 259970e723036d1f93fb5ea5e33884f896c4d242 got GET request for "./127.0.0.1:4480/LONG_README.md" on stream 4 -> quic_actor/src/udpactor.rs-430
2022-05-17 17:20:13 - ERROR: 259970e723036d1f93fb5ea5e33884f896c4d242 sending response of size 42127 on stream 4 -> quic_actor/src/udpactor.rs-449
2022-05-17 17:20:13 - WARN: 259970e723036d1f93fb5ea5e33884f896c4d242 written 1350 bytes -> quic_actor/src/udpactor.rs-336
2022-05-17 17:20:13 - WARN: 259970e723036d1f93fb5ea5e33884f896c4d242 written 1350 bytes -> quic_actor/src/udpactor.rs-336
2022-05-17 17:20:13 - WARN: 259970e723036d1f93fb5ea5e33884f896c4d242 written 1350 bytes -> quic_actor/src/udpactor.rs-336
2022-05-17 17:20:13 - WARN: 259970e723036d1f93fb5ea5e33884f896c4d242 written 1350 bytes -> quic_actor/src/udpactor.rs-336
2022-05-17 17:20:13 - WARN: 259970e723036d1f93fb5ea5e33884f896c4d242 written 1350 bytes -> quic_actor/src/udpactor.rs-336
2022-05-17 17:20:13 - INFO: Successfuly sent 1350 bytes -> quic_actor/src/udpactor.rs-79
2022-05-17 17:20:13 - WARN: 259970e723036d1f93fb5ea5e33884f896c4d242 written 1350 bytes -> quic_actor/src/udpactor.rs-336
2022-05-17 17:20:13 - INFO: Successfuly sent 1350 bytes -> quic_actor/src/udpactor.rs-79
2022-05-17 17:20:13 - WARN: 259970e723036d1f93fb5ea5e33884f896c4d242 written 1350 bytes -> quic_actor/src/udpactor.rs-336
2022-05-17 17:20:13 - INFO: Successfuly sent 1350 bytes -> quic_actor/src/udpactor.rs-79
2022-05-17 17:20:13 - WARN: 259970e723036d1f93fb5ea5e33884f896c4d242 written 1350 bytes -> quic_actor/src/udpactor.rs-336
2022-05-17 17:20:13 - WARN: 259970e723036d1f93fb5ea5e33884f896c4d242 written 1350 bytes -> quic_actor/src/udpactor.rs-336
2022-05-17 17:20:13 - WARN: 259970e723036d1f93fb5ea5e33884f896c4d242 written 1350 bytes -> quic_actor/src/udpactor.rs-336
2022-05-17 17:20:13 - WARN: 259970e723036d1f93fb5ea5e33884f896c4d242 written 72 bytes -> quic_actor/src/udpactor.rs-336
2022-05-17 17:20:13 - INFO: Successfuly sent 1350 bytes -> quic_actor/src/udpactor.rs-79
2022-05-17 17:20:13 - INFO: Successfuly sent 1350 bytes -> quic_actor/src/udpactor.rs-79
2022-05-17 17:20:13 - INFO: Successfuly sent 1350 bytes -> quic_actor/src/udpactor.rs-79
2022-05-17 17:20:13 - INFO: Successfuly sent 1350 bytes -> quic_actor/src/udpactor.rs-79
2022-05-17 17:20:13 - INFO: Successfuly sent 1350 bytes -> quic_actor/src/udpactor.rs-79
2022-05-17 17:20:13 - INFO: Successfuly sent 1350 bytes -> quic_actor/src/udpactor.rs-79
2022-05-17 17:20:13 - INFO: Successfuly sent 1350 bytes -> quic_actor/src/udpactor.rs-79
2022-05-17 17:20:13 - INFO: Successfuly sent 72 bytes -> quic_actor/src/udpactor.rs-79
2022-05-17 17:20:13 - INFO: Got packet Some(Short dcid=259970e723036d1f93fb5ea5e33884f896c4d242 key_phase=false) -> quic_actor/src/udpactor.rs-153
2022-05-17 17:20:13 - INFO: Client found -> quic_actor/src/udpactor.rs-233
2022-05-17 17:20:13 - INFO: 259970e723036d1f93fb5ea5e33884f896c4d242 processed 234 bytes -> quic_actor/src/udpactor.rs-255
2022-05-17 17:20:13 - WARN: 259970e723036d1f93fb5ea5e33884f896c4d242 received 190 bytes -> quic_actor/src/udpactor.rs-268
2022-05-17 17:20:13 - INFO: 259970e723036d1f93fb5ea5e33884f896c4d242 stream 4 has 190 bytes (fin? true) -> quic_actor/src/udpactor.rs-272
2022-05-17 17:20:13 - INFO: Got packet Some(Short dcid=259970e723036d1f93fb5ea5e33884f896c4d242 key_phase=false) -> quic_actor/src/udpactor.rs-153
2022-05-17 17:20:13 - INFO: Client found -> quic_actor/src/udpactor.rs-233
2022-05-17 17:20:13 - INFO: 259970e723036d1f93fb5ea5e33884f896c4d242 processed 44 bytes -> quic_actor/src/udpactor.rs-255
2022-05-17 17:20:13 - WARN: There's still 28627 bytes to write -> quic_actor/src/udpactor.rs-485
2022-05-17 17:20:13 - WARN: 259970e723036d1f93fb5ea5e33884f896c4d242 written 43 bytes -> quic_actor/src/udpactor.rs-336
2022-05-17 17:20:13 - INFO: Successfuly sent 43 bytes -> quic_actor/src/udpactor.rs-79
2022-05-17 17:20:13 - INFO: Got packet Some(Short dcid=259970e723036d1f93fb5ea5e33884f896c4d242 key_phase=false) -> quic_actor/src/udpactor.rs-153
2022-05-17 17:20:13 - INFO: Client found -> quic_actor/src/udpactor.rs-233
2022-05-17 17:20:13 - INFO: 259970e723036d1f93fb5ea5e33884f896c4d242 processed 44 bytes -> quic_actor/src/udpactor.rs-255
2022-05-17 17:20:13 - WARN: There's still 19249 bytes to write -> quic_actor/src/udpactor.rs-485
2022-05-17 17:20:13 - INFO: Got packet Some(Short dcid=259970e723036d1f93fb5ea5e33884f896c4d242 key_phase=false) -> quic_actor/src/udpactor.rs-153
2022-05-17 17:20:13 - INFO: Client found -> quic_actor/src/udpactor.rs-233
2022-05-17 17:20:13 - INFO: 259970e723036d1f93fb5ea5e33884f896c4d242 processed 44 bytes -> quic_actor/src/udpactor.rs-255
2022-05-17 17:20:13 - WARN: There's still 4471 bytes to write -> quic_actor/src/udpactor.rs-485
2022-05-17 17:20:13 - INFO: Got packet Some(Short dcid=259970e723036d1f93fb5ea5e33884f896c4d242 key_phase=false) -> quic_actor/src/udpactor.rs-153
2022-05-17 17:20:13 - INFO: Client found -> quic_actor/src/udpactor.rs-233
2022-05-17 17:20:13 - INFO: 259970e723036d1f93fb5ea5e33884f896c4d242 processed 43 bytes -> quic_actor/src/udpactor.rs-255
2022-05-17 17:22:25 - INFO: Got packet Some(Initial version=1 dcid=5dc29832ca7e1a11917466d98d21aaa1 scid=7edf98a5ded21575749bf54437ca543eb253b4c7 token=) -> quic_actor/src/udpactor.rs-153
2022-05-17 17:22:25 - WARN: New Client -> quic_actor/src/udpactor.rs-167
2022-05-17 17:22:25 - WARN: Doing stateless retry -> quic_actor/src/udpactor.rs-98
2022-05-17 17:22:25 - INFO: Successfuly sent 89 bytes -> quic_actor/src/udpactor.rs-79
2022-05-17 17:22:25 - INFO: Got packet Some(Initial version=1 dcid=edec0121ef12321e685ff13e550df438aa751e63 scid=7edf98a5ded21575749bf54437ca543eb253b4c7 token=7175696368657f0000015dc29832ca7e1a11917466d98d21aaa1) -> quic_actor/src/udpactor.rs-153
2022-05-17 17:22:25 - WARN: New Client -> quic_actor/src/udpactor.rs-167
2022-05-17 17:22:25 - INFO: edec0121ef12321e685ff13e550df438aa751e63 processed 1200 bytes -> quic_actor/src/udpactor.rs-255
2022-05-17 17:22:25 - WARN: 259970e723036d1f93fb5ea5e33884f896c4d242 written 1200 bytes -> quic_actor/src/udpactor.rs-336
2022-05-17 17:22:25 - WARN: 259970e723036d1f93fb5ea5e33884f896c4d242 written 1200 bytes -> quic_actor/src/udpactor.rs-336
2022-05-17 17:22:25 - WARN: 259970e723036d1f93fb5ea5e33884f896c4d242 written 1200 bytes -> quic_actor/src/udpactor.rs-336
2022-05-17 17:22:25 - INFO: Successfuly sent 1200 bytes -> quic_actor/src/udpactor.rs-79
2022-05-17 17:22:25 - WARN: 259970e723036d1f93fb5ea5e33884f896c4d242 written 1200 bytes -> quic_actor/src/udpactor.rs-336
2022-05-17 17:22:25 - INFO: Successfuly sent 1200 bytes -> quic_actor/src/udpactor.rs-79
2022-05-17 17:22:25 - WARN: 259970e723036d1f93fb5ea5e33884f896c4d242 written 1200 bytes -> quic_actor/src/udpactor.rs-336
2022-05-17 17:22:25 - INFO: Successfuly sent 1200 bytes -> quic_actor/src/udpactor.rs-79
2022-05-17 17:22:25 - WARN: 259970e723036d1f93fb5ea5e33884f896c4d242 written 1200 bytes -> quic_actor/src/udpactor.rs-336
2022-05-17 17:22:25 - WARN: 259970e723036d1f93fb5ea5e33884f896c4d242 written 1200 bytes -> quic_actor/src/udpactor.rs-336
2022-05-17 17:22:25 - WARN: 259970e723036d1f93fb5ea5e33884f896c4d242 written 1200 bytes -> quic_actor/src/udpactor.rs-336
2022-05-17 17:22:25 - WARN: 259970e723036d1f93fb5ea5e33884f896c4d242 written 1200 bytes -> quic_actor/src/udpactor.rs-336
2022-05-17 17:22:25 - WARN: 259970e723036d1f93fb5ea5e33884f896c4d242 written 1200 bytes -> quic_actor/src/udpactor.rs-336
2022-05-17 17:22:25 - WARN: 259970e723036d1f93fb5ea5e33884f896c4d242 written 1200 bytes -> quic_actor/src/udpactor.rs-336
2022-05-17 17:22:25 - WARN: 259970e723036d1f93fb5ea5e33884f896c4d242 written 1200 bytes -> quic_actor/src/udpactor.rs-336
2022-05-17 17:22:25 - WARN: 259970e723036d1f93fb5ea5e33884f896c4d242 written 1200 bytes -> quic_actor/src/udpactor.rs-336
2022-05-17 17:22:25 - INFO: Successfuly sent 1200 bytes -> quic_actor/src/udpactor.rs-79
2022-05-17 17:22:25 - WARN: 259970e723036d1f93fb5ea5e33884f896c4d242 written 1200 bytes -> quic_actor/src/udpactor.rs-336
2022-05-17 17:22:25 - INFO: Successfuly sent 1200 bytes -> quic_actor/src/udpactor.rs-79
2022-05-17 17:22:25 - WARN: 259970e723036d1f93fb5ea5e33884f896c4d242 written 1200 bytes -> quic_actor/src/udpactor.rs-336
2022-05-17 17:22:25 - INFO: Successfuly sent 1200 bytes -> quic_actor/src/udpactor.rs-79
2022-05-17 17:22:25 - INFO: Successfuly sent 1200 bytes -> quic_actor/src/udpactor.rs-79
2022-05-17 17:22:25 - INFO: Successfuly sent 1200 bytes -> quic_actor/src/udpactor.rs-79
2022-05-17 17:22:25 - INFO: Successfuly sent 1200 bytes -> quic_actor/src/udpactor.rs-79
2022-05-17 17:22:25 - INFO: Successfuly sent 1200 bytes -> quic_actor/src/udpactor.rs-79
2022-05-17 17:22:25 - INFO: Successfuly sent 1200 bytes -> quic_actor/src/udpactor.rs-79
2022-05-17 17:22:25 - WARN: 259970e723036d1f93fb5ea5e33884f896c4d242 written 1200 bytes -> quic_actor/src/udpactor.rs-336
2022-05-17 17:22:25 - WARN: 259970e723036d1f93fb5ea5e33884f896c4d242 written 1200 bytes -> quic_actor/src/udpactor.rs-336
2022-05-17 17:22:25 - WARN: 259970e723036d1f93fb5ea5e33884f896c4d242 written 1200 bytes -> quic_actor/src/udpactor.rs-336
2022-05-17 17:22:25 - WARN: 259970e723036d1f93fb5ea5e33884f896c4d242 written 1200 bytes -> quic_actor/src/udpactor.rs-336
2022-05-17 17:22:25 - WARN: 259970e723036d1f93fb5ea5e33884f896c4d242 written 1200 bytes -> quic_actor/src/udpactor.rs-336
2022-05-17 17:22:25 - WARN: 259970e723036d1f93fb5ea5e33884f896c4d242 written 1200 bytes -> quic_actor/src/udpactor.rs-336
2022-05-17 17:22:25 - WARN: 259970e723036d1f93fb5ea5e33884f896c4d242 written 1200 bytes -> quic_actor/src/udpactor.rs-336
2022-05-17 17:22:25 - WARN: 259970e723036d1f93fb5ea5e33884f896c4d242 written 600 bytes -> quic_actor/src/udpactor.rs-336
2022-05-17 17:22:25 - INFO: Successfuly sent 1200 bytes -> quic_actor/src/udpactor.rs-79
2022-05-17 17:22:25 - INFO: Successfuly sent 1200 bytes -> quic_actor/src/udpactor.rs-79
2022-05-17 17:22:25 - INFO: Successfuly sent 1200 bytes -> quic_actor/src/udpactor.rs-79
2022-05-17 17:22:25 - INFO: Successfuly sent 1200 bytes -> quic_actor/src/udpactor.rs-79
2022-05-17 17:22:25 - INFO: Successfuly sent 1200 bytes -> quic_actor/src/udpactor.rs-79
2022-05-17 17:22:25 - INFO: Successfuly sent 1200 bytes -> quic_actor/src/udpactor.rs-79
2022-05-17 17:22:25 - INFO: Successfuly sent 1200 bytes -> quic_actor/src/udpactor.rs-79
2022-05-17 17:22:25 - INFO: Successfuly sent 1200 bytes -> quic_actor/src/udpactor.rs-79
2022-05-17 17:22:25 - INFO: Successfuly sent 1200 bytes -> quic_actor/src/udpactor.rs-79
2022-05-17 17:22:25 - INFO: Successfuly sent 1200 bytes -> quic_actor/src/udpactor.rs-79
2022-05-17 17:22:25 - INFO: Successfuly sent 1200 bytes -> quic_actor/src/udpactor.rs-79
2022-05-17 17:22:25 - INFO: Successfuly sent 600 bytes -> quic_actor/src/udpactor.rs-79
2022-05-17 17:22:25 - INFO: Successfuly sent 1200 bytes -> quic_actor/src/udpactor.rs-79
2022-05-17 17:22:25 - WARN: edec0121ef12321e685ff13e550df438aa751e63 written 1200 bytes -> quic_actor/src/udpactor.rs-336
2022-05-17 17:22:25 - WARN: edec0121ef12321e685ff13e550df438aa751e63 written 715 bytes -> quic_actor/src/udpactor.rs-336
2022-05-17 17:22:25 - INFO: Successfuly sent 715 bytes -> quic_actor/src/udpactor.rs-79
2022-05-17 17:22:25 - INFO: Got packet Some(Initial version=1 dcid=edec0121ef12321e685ff13e550df438aa751e63 scid=7edf98a5ded21575749bf54437ca543eb253b4c7 token=7175696368657f0000015dc29832ca7e1a11917466d98d21aaa1) -> quic_actor/src/udpactor.rs-153
2022-05-17 17:22:25 - INFO: Client found -> quic_actor/src/udpactor.rs-233
2022-05-17 17:22:25 - INFO: edec0121ef12321e685ff13e550df438aa751e63 processed 1350 bytes -> quic_actor/src/udpactor.rs-255
2022-05-17 17:22:25 - WARN: edec0121ef12321e685ff13e550df438aa751e63 received 1096 bytes -> quic_actor/src/udpactor.rs-268
2022-05-17 17:22:25 - INFO: edec0121ef12321e685ff13e550df438aa751e63 stream 4 has 1096 bytes (fin? false) -> quic_actor/src/udpactor.rs-272
2022-05-17 17:22:25 - INFO: edec0121ef12321e685ff13e550df438aa751e63 got GET request for "./127.0.0.1:4480/LONG_README.md" on stream 4 -> quic_actor/src/udpactor.rs-430
2022-05-17 17:22:25 - ERROR: edec0121ef12321e685ff13e550df438aa751e63 sending response of size 42127 on stream 4 -> quic_actor/src/udpactor.rs-449
2022-05-17 17:22:25 - WARN: edec0121ef12321e685ff13e550df438aa751e63 written 1350 bytes -> quic_actor/src/udpactor.rs-336
2022-05-17 17:22:25 - WARN: edec0121ef12321e685ff13e550df438aa751e63 written 1350 bytes -> quic_actor/src/udpactor.rs-336
2022-05-17 17:22:25 - WARN: edec0121ef12321e685ff13e550df438aa751e63 written 1350 bytes -> quic_actor/src/udpactor.rs-336
2022-05-17 17:22:25 - WARN: edec0121ef12321e685ff13e550df438aa751e63 written 1350 bytes -> quic_actor/src/udpactor.rs-336
2022-05-17 17:22:25 - WARN: edec0121ef12321e685ff13e550df438aa751e63 written 1350 bytes -> quic_actor/src/udpactor.rs-336
2022-05-17 17:22:25 - WARN: edec0121ef12321e685ff13e550df438aa751e63 written 1350 bytes -> quic_actor/src/udpactor.rs-336
2022-05-17 17:22:25 - WARN: edec0121ef12321e685ff13e550df438aa751e63 written 1350 bytes -> quic_actor/src/udpactor.rs-336
2022-05-17 17:22:25 - WARN: edec0121ef12321e685ff13e550df438aa751e63 written 1350 bytes -> quic_actor/src/udpactor.rs-336
2022-05-17 17:22:25 - WARN: edec0121ef12321e685ff13e550df438aa751e63 written 1350 bytes -> quic_actor/src/udpactor.rs-336
2022-05-17 17:22:25 - WARN: edec0121ef12321e685ff13e550df438aa751e63 written 1350 bytes -> quic_actor/src/udpactor.rs-336
2022-05-17 17:22:25 - INFO: Successfuly sent 1350 bytes -> quic_actor/src/udpactor.rs-79
2022-05-17 17:22:25 - WARN: edec0121ef12321e685ff13e550df438aa751e63 written 72 bytes -> quic_actor/src/udpactor.rs-336
2022-05-17 17:22:25 - INFO: Successfuly sent 1350 bytes -> quic_actor/src/udpactor.rs-79
2022-05-17 17:22:25 - INFO: Got packet Some(Short dcid=edec0121ef12321e685ff13e550df438aa751e63 key_phase=false) -> quic_actor/src/udpactor.rs-153
2022-05-17 17:22:25 - INFO: Successfuly sent 1350 bytes -> quic_actor/src/udpactor.rs-79
2022-05-17 17:22:25 - INFO: Client found -> quic_actor/src/udpactor.rs-233
2022-05-17 17:22:25 - INFO: Successfuly sent 1350 bytes -> quic_actor/src/udpactor.rs-79
2022-05-17 17:22:25 - INFO: edec0121ef12321e685ff13e550df438aa751e63 processed 333 bytes -> quic_actor/src/udpactor.rs-255
2022-05-17 17:22:25 - INFO: Successfuly sent 1350 bytes -> quic_actor/src/udpactor.rs-79
2022-05-17 17:22:25 - INFO: Successfuly sent 1350 bytes -> quic_actor/src/udpactor.rs-79
2022-05-17 17:22:25 - INFO: Successfuly sent 1350 bytes -> quic_actor/src/udpactor.rs-79
2022-05-17 17:22:25 - INFO: Successfuly sent 1350 bytes -> quic_actor/src/udpactor.rs-79
2022-05-17 17:22:25 - INFO: Successfuly sent 1350 bytes -> quic_actor/src/udpactor.rs-79
2022-05-17 17:22:25 - INFO: Successfuly sent 1350 bytes -> quic_actor/src/udpactor.rs-79
2022-05-17 17:22:25 - INFO: Successfuly sent 72 bytes -> quic_actor/src/udpactor.rs-79
2022-05-17 17:22:25 - WARN: edec0121ef12321e685ff13e550df438aa751e63 received 289 bytes -> quic_actor/src/udpactor.rs-268
2022-05-17 17:22:25 - INFO: edec0121ef12321e685ff13e550df438aa751e63 stream 4 has 289 bytes (fin? true) -> quic_actor/src/udpactor.rs-272
2022-05-17 17:22:25 - INFO: Got packet Some(Short dcid=edec0121ef12321e685ff13e550df438aa751e63 key_phase=false) -> quic_actor/src/udpactor.rs-153
2022-05-17 17:22:25 - INFO: Client found -> quic_actor/src/udpactor.rs-233
2022-05-17 17:22:25 - INFO: edec0121ef12321e685ff13e550df438aa751e63 processed 44 bytes -> quic_actor/src/udpactor.rs-255
2022-05-17 17:22:25 - WARN: There's still 28627 bytes to write -> quic_actor/src/udpactor.rs-485
2022-05-17 17:22:25 - WARN: edec0121ef12321e685ff13e550df438aa751e63 written 43 bytes -> quic_actor/src/udpactor.rs-336
2022-05-17 17:22:25 - INFO: Successfuly sent 43 bytes -> quic_actor/src/udpactor.rs-79
2022-05-18 15:13:25 - INFO: Got packet Some(Initial version=1 dcid=bac57d8d400c2ba23803e60fdc7f38d7 scid=388dfcbe7ace561a788f63816a9caab8a67c1445 token=) -> quic_actor/src/udpactor.rs-153
2022-05-18 15:13:25 - WARN: New Client -> quic_actor/src/udpactor.rs-167
2022-05-18 15:13:25 - WARN: Doing stateless retry -> quic_actor/src/udpactor.rs-98
2022-05-18 15:13:25 - INFO: Successfuly sent 89 bytes -> quic_actor/src/udpactor.rs-79
2022-05-18 15:13:25 - INFO: Got packet Some(Initial version=1 dcid=9b51fe0f8d4861702dee6b326c3b68b651970037 scid=388dfcbe7ace561a788f63816a9caab8a67c1445 token=7175696368657f000001bac57d8d400c2ba23803e60fdc7f38d7) -> quic_actor/src/udpactor.rs-153
2022-05-18 15:13:25 - WARN: New Client -> quic_actor/src/udpactor.rs-167
2022-05-18 15:13:25 - INFO: 9b51fe0f8d4861702dee6b326c3b68b651970037 processed 1200 bytes -> quic_actor/src/udpactor.rs-255
2022-05-18 15:13:25 - WARN: edec0121ef12321e685ff13e550df438aa751e63 written 1200 bytes -> quic_actor/src/udpactor.rs-336
2022-05-18 15:13:25 - WARN: edec0121ef12321e685ff13e550df438aa751e63 written 1200 bytes -> quic_actor/src/udpactor.rs-336
2022-05-18 15:13:25 - INFO: Successfuly sent 1200 bytes -> quic_actor/src/udpactor.rs-79
2022-05-18 15:13:25 - INFO: Successfuly sent 1200 bytes -> quic_actor/src/udpactor.rs-79
2022-05-18 15:13:25 - INFO: Successfuly sent 1200 bytes -> quic_actor/src/udpactor.rs-79
2022-05-18 15:13:25 - WARN: edec0121ef12321e685ff13e550df438aa751e63 written 1200 bytes -> quic_actor/src/udpactor.rs-336
2022-05-18 15:13:25 - WARN: edec0121ef12321e685ff13e550df438aa751e63 written 1200 bytes -> quic_actor/src/udpactor.rs-336
2022-05-18 15:13:25 - WARN: edec0121ef12321e685ff13e550df438aa751e63 written 1200 bytes -> quic_actor/src/udpactor.rs-336
2022-05-18 15:13:25 - WARN: edec0121ef12321e685ff13e550df438aa751e63 written 1200 bytes -> quic_actor/src/udpactor.rs-336
2022-05-18 15:13:25 - WARN: edec0121ef12321e685ff13e550df438aa751e63 written 1200 bytes -> quic_actor/src/udpactor.rs-336
2022-05-18 15:13:25 - WARN: edec0121ef12321e685ff13e550df438aa751e63 written 1200 bytes -> quic_actor/src/udpactor.rs-336
2022-05-18 15:13:25 - WARN: edec0121ef12321e685ff13e550df438aa751e63 written 1200 bytes -> quic_actor/src/udpactor.rs-336
2022-05-18 15:13:25 - WARN: edec0121ef12321e685ff13e550df438aa751e63 written 1200 bytes -> quic_actor/src/udpactor.rs-336
2022-05-18 15:13:25 - WARN: edec0121ef12321e685ff13e550df438aa751e63 written 1200 bytes -> quic_actor/src/udpactor.rs-336
2022-05-18 15:13:25 - WARN: edec0121ef12321e685ff13e550df438aa751e63 written 1200 bytes -> quic_actor/src/udpactor.rs-336
2022-05-18 15:13:25 - WARN: edec0121ef12321e685ff13e550df438aa751e63 written 1200 bytes -> quic_actor/src/udpactor.rs-336
2022-05-18 15:13:25 - WARN: edec0121ef12321e685ff13e550df438aa751e63 written 1200 bytes -> quic_actor/src/udpactor.rs-336
2022-05-18 15:13:25 - WARN: edec0121ef12321e685ff13e550df438aa751e63 written 1200 bytes -> quic_actor/src/udpactor.rs-336
2022-05-18 15:13:25 - WARN: edec0121ef12321e685ff13e550df438aa751e63 written 1200 bytes -> quic_actor/src/udpactor.rs-336
2022-05-18 15:13:25 - WARN: edec0121ef12321e685ff13e550df438aa751e63 written 1200 bytes -> quic_actor/src/udpactor.rs-336
2022-05-18 15:13:25 - WARN: edec0121ef12321e685ff13e550df438aa751e63 written 1200 bytes -> quic_actor/src/udpactor.rs-336
2022-05-18 15:13:25 - WARN: edec0121ef12321e685ff13e550df438aa751e63 written 1200 bytes -> quic_actor/src/udpactor.rs-336
2022-05-18 15:13:25 - WARN: edec0121ef12321e685ff13e550df438aa751e63 written 1200 bytes -> quic_actor/src/udpactor.rs-336
2022-05-18 15:13:25 - WARN: edec0121ef12321e685ff13e550df438aa751e63 written 1200 bytes -> quic_actor/src/udpactor.rs-336
2022-05-18 15:13:25 - WARN: edec0121ef12321e685ff13e550df438aa751e63 written 1200 bytes -> quic_actor/src/udpactor.rs-336
2022-05-18 15:13:25 - INFO: Successfuly sent 1200 bytes -> quic_actor/src/udpactor.rs-79
2022-05-18 15:13:25 - INFO: Successfuly sent 1200 bytes -> quic_actor/src/udpactor.rs-79
2022-05-18 15:13:25 - INFO: Successfuly sent 1200 bytes -> quic_actor/src/udpactor.rs-79
2022-05-18 15:13:25 - INFO: Successfuly sent 1200 bytes -> quic_actor/src/udpactor.rs-79
2022-05-18 15:13:25 - INFO: Successfuly sent 1200 bytes -> quic_actor/src/udpactor.rs-79
2022-05-18 15:13:25 - INFO: Successfuly sent 1200 bytes -> quic_actor/src/udpactor.rs-79
2022-05-18 15:13:25 - INFO: Successfuly sent 1200 bytes -> quic_actor/src/udpactor.rs-79
2022-05-18 15:13:25 - INFO: Successfuly sent 1200 bytes -> quic_actor/src/udpactor.rs-79
2022-05-18 15:13:25 - INFO: Successfuly sent 1200 bytes -> quic_actor/src/udpactor.rs-79
2022-05-18 15:13:25 - INFO: Successfuly sent 1200 bytes -> quic_actor/src/udpactor.rs-79
2022-05-18 15:13:25 - INFO: Successfuly sent 1200 bytes -> quic_actor/src/udpactor.rs-79
2022-05-18 15:13:25 - INFO: Successfuly sent 1200 bytes -> quic_actor/src/udpactor.rs-79
2022-05-18 15:13:25 - INFO: Successfuly sent 1200 bytes -> quic_actor/src/udpactor.rs-79
2022-05-18 15:13:25 - INFO: Successfuly sent 1200 bytes -> quic_actor/src/udpactor.rs-79
2022-05-18 15:13:25 - INFO: Successfuly sent 1200 bytes -> quic_actor/src/udpactor.rs-79
2022-05-18 15:13:25 - INFO: Successfuly sent 1200 bytes -> quic_actor/src/udpactor.rs-79
2022-05-18 15:13:25 - INFO: Successfuly sent 1200 bytes -> quic_actor/src/udpactor.rs-79
2022-05-18 15:13:25 - INFO: Successfuly sent 1200 bytes -> quic_actor/src/udpactor.rs-79
2022-05-18 15:13:25 - INFO: Successfuly sent 1200 bytes -> quic_actor/src/udpactor.rs-79
2022-05-18 15:13:25 - INFO: Successfuly sent 600 bytes -> quic_actor/src/udpactor.rs-79
2022-05-18 15:13:25 - WARN: edec0121ef12321e685ff13e550df438aa751e63 written 600 bytes -> quic_actor/src/udpactor.rs-336
2022-05-18 15:13:25 - WARN: 9b51fe0f8d4861702dee6b326c3b68b651970037 written 1200 bytes -> quic_actor/src/udpactor.rs-336
2022-05-18 15:13:25 - WARN: 9b51fe0f8d4861702dee6b326c3b68b651970037 written 715 bytes -> quic_actor/src/udpactor.rs-336
2022-05-18 15:13:25 - INFO: Successfuly sent 1200 bytes -> quic_actor/src/udpactor.rs-79
2022-05-18 15:13:25 - INFO: Successfuly sent 715 bytes -> quic_actor/src/udpactor.rs-79
2022-05-18 15:13:25 - INFO: Got packet Some(Initial version=1 dcid=9b51fe0f8d4861702dee6b326c3b68b651970037 scid=388dfcbe7ace561a788f63816a9caab8a67c1445 token=7175696368657f000001bac57d8d400c2ba23803e60fdc7f38d7) -> quic_actor/src/udpactor.rs-153
2022-05-18 15:13:25 - INFO: Client found -> quic_actor/src/udpactor.rs-233
2022-05-18 15:13:25 - INFO: 9b51fe0f8d4861702dee6b326c3b68b651970037 processed 1200 bytes -> quic_actor/src/udpactor.rs-255
2022-05-18 15:13:25 - WARN: 9b51fe0f8d4861702dee6b326c3b68b651970037 written 558 bytes -> quic_actor/src/udpactor.rs-336
2022-05-18 15:13:25 - INFO: Successfuly sent 558 bytes -> quic_actor/src/udpactor.rs-79
2022-05-18 15:13:25 - INFO: Got packet Some(Short dcid=9b51fe0f8d4861702dee6b326c3b68b651970037 key_phase=false) -> quic_actor/src/udpactor.rs-153
2022-05-18 15:13:25 - INFO: Client found -> quic_actor/src/udpactor.rs-233
2022-05-18 15:13:25 - INFO: 9b51fe0f8d4861702dee6b326c3b68b651970037 processed 43 bytes -> quic_actor/src/udpactor.rs-255
2022-05-18 15:13:43 - INFO: Got packet Some(Initial version=1 dcid=c672bcbd824e227c4419332d608464c6 scid=95f21c6ed3ebe88544ccdc61a3dd93827e0170ba token=) -> quic_actor/src/udpactor.rs-153
2022-05-18 15:13:43 - WARN: New Client -> quic_actor/src/udpactor.rs-167
2022-05-18 15:13:43 - WARN: Doing stateless retry -> quic_actor/src/udpactor.rs-98
2022-05-18 15:13:43 - INFO: Successfuly sent 89 bytes -> quic_actor/src/udpactor.rs-79
2022-05-18 15:13:43 - INFO: Got packet Some(Initial version=1 dcid=7d0a7fbb8c6f808c9e626ffb469d0a6ee7bde066 scid=95f21c6ed3ebe88544ccdc61a3dd93827e0170ba token=7175696368657f000001c672bcbd824e227c4419332d608464c6) -> quic_actor/src/udpactor.rs-153
2022-05-18 15:13:43 - WARN: New Client -> quic_actor/src/udpactor.rs-167
2022-05-18 15:13:43 - INFO: 7d0a7fbb8c6f808c9e626ffb469d0a6ee7bde066 processed 1200 bytes -> quic_actor/src/udpactor.rs-255
2022-05-18 15:13:43 - WARN: 7d0a7fbb8c6f808c9e626ffb469d0a6ee7bde066 written 1200 bytes -> quic_actor/src/udpactor.rs-336
2022-05-18 15:13:43 - WARN: 7d0a7fbb8c6f808c9e626ffb469d0a6ee7bde066 written 715 bytes -> quic_actor/src/udpactor.rs-336
2022-05-18 15:13:43 - INFO: Successfuly sent 1200 bytes -> quic_actor/src/udpactor.rs-79
2022-05-18 15:13:43 - INFO: Successfuly sent 715 bytes -> quic_actor/src/udpactor.rs-79
2022-05-18 15:13:43 - INFO: Got packet Some(Initial version=1 dcid=7d0a7fbb8c6f808c9e626ffb469d0a6ee7bde066 scid=95f21c6ed3ebe88544ccdc61a3dd93827e0170ba token=7175696368657f000001c672bcbd824e227c4419332d608464c6) -> quic_actor/src/udpactor.rs-153
2022-05-18 15:13:43 - INFO: Client found -> quic_actor/src/udpactor.rs-233
2022-05-18 15:13:43 - INFO: 7d0a7fbb8c6f808c9e626ffb469d0a6ee7bde066 processed 1200 bytes -> quic_actor/src/udpactor.rs-255
2022-05-18 15:13:43 - WARN: 7d0a7fbb8c6f808c9e626ffb469d0a6ee7bde066 written 558 bytes -> quic_actor/src/udpactor.rs-336
2022-05-18 15:13:43 - INFO: Successfuly sent 558 bytes -> quic_actor/src/udpactor.rs-79
2022-05-18 15:13:43 - INFO: Got packet Some(Short dcid=7d0a7fbb8c6f808c9e626ffb469d0a6ee7bde066 key_phase=false) -> quic_actor/src/udpactor.rs-153
2022-05-18 15:13:43 - INFO: Client found -> quic_actor/src/udpactor.rs-233
2022-05-18 15:13:43 - INFO: 7d0a7fbb8c6f808c9e626ffb469d0a6ee7bde066 processed 43 bytes -> quic_actor/src/udpactor.rs-255
2022-05-18 15:14:00 - INFO: Got packet Some(Initial version=1 dcid=aa794eed0c8eb8188d9dc584ecfee0c8 scid=e972d6739506b3ca74e140c7a1a9ed4360216aa5 token=) -> quic_actor/src/udpactor.rs-153
2022-05-18 15:14:00 - WARN: New Client -> quic_actor/src/udpactor.rs-167
2022-05-18 15:14:00 - WARN: Doing stateless retry -> quic_actor/src/udpactor.rs-98
2022-05-18 15:14:00 - INFO: Successfuly sent 89 bytes -> quic_actor/src/udpactor.rs-79
2022-05-18 15:14:00 - INFO: Got packet Some(Initial version=1 dcid=0776d1d3af21e4bfac069f4da55ac71ca9e2b5d4 scid=e972d6739506b3ca74e140c7a1a9ed4360216aa5 token=7175696368657f000001aa794eed0c8eb8188d9dc584ecfee0c8) -> quic_actor/src/udpactor.rs-153
2022-05-18 15:14:00 - WARN: New Client -> quic_actor/src/udpactor.rs-167
2022-05-18 15:14:00 - INFO: 0776d1d3af21e4bfac069f4da55ac71ca9e2b5d4 processed 1200 bytes -> quic_actor/src/udpactor.rs-255
2022-05-18 15:14:00 - WARN: 0776d1d3af21e4bfac069f4da55ac71ca9e2b5d4 written 1200 bytes -> quic_actor/src/udpactor.rs-336
2022-05-18 15:14:00 - WARN: 0776d1d3af21e4bfac069f4da55ac71ca9e2b5d4 written 715 bytes -> quic_actor/src/udpactor.rs-336
2022-05-18 15:14:00 - INFO: Successfuly sent 1200 bytes -> quic_actor/src/udpactor.rs-79
2022-05-18 15:14:00 - INFO: Successfuly sent 715 bytes -> quic_actor/src/udpactor.rs-79
2022-05-18 15:14:00 - INFO: Got packet Some(Initial version=1 dcid=0776d1d3af21e4bfac069f4da55ac71ca9e2b5d4 scid=e972d6739506b3ca74e140c7a1a9ed4360216aa5 token=7175696368657f000001aa794eed0c8eb8188d9dc584ecfee0c8) -> quic_actor/src/udpactor.rs-153
2022-05-18 15:14:00 - INFO: Client found -> quic_actor/src/udpactor.rs-233
2022-05-18 15:14:00 - INFO: 0776d1d3af21e4bfac069f4da55ac71ca9e2b5d4 processed 1200 bytes -> quic_actor/src/udpactor.rs-255
2022-05-18 15:14:00 - INFO: Got packet Some(Handshake version=1 dcid=0776d1d3af21e4bfac069f4da55ac71ca9e2b5d4 scid=e972d6739506b3ca74e140c7a1a9ed4360216aa5) -> quic_actor/src/udpactor.rs-153
2022-05-18 15:14:00 - INFO: Client found -> quic_actor/src/udpactor.rs-233
2022-05-18 15:14:00 - INFO: 0776d1d3af21e4bfac069f4da55ac71ca9e2b5d4 processed 1350 bytes -> quic_actor/src/udpactor.rs-255
2022-05-18 15:14:00 - WARN: 0776d1d3af21e4bfac069f4da55ac71ca9e2b5d4 received 1195 bytes -> quic_actor/src/udpactor.rs-268
2022-05-18 15:14:00 - INFO: 0776d1d3af21e4bfac069f4da55ac71ca9e2b5d4 stream 2 has 1195 bytes (fin? false) -> quic_actor/src/udpactor.rs-272
2022-05-18 15:14:00 - INFO: 0776d1d3af21e4bfac069f4da55ac71ca9e2b5d4 got GET request for "./127.0.0.1:4480/LONG_README.md" on stream 2 -> quic_actor/src/udpactor.rs-430
2022-05-18 15:14:00 - ERROR: 0776d1d3af21e4bfac069f4da55ac71ca9e2b5d4 sending response of size 42127 on stream 2 -> quic_actor/src/udpactor.rs-449
2022-05-18 15:14:00 - ERROR: 0776d1d3af21e4bfac069f4da55ac71ca9e2b5d4 stream send failed InvalidStreamState(2) -> quic_actor/src/udpactor.rs-461
2022-05-18 15:14:00 - WARN: 0776d1d3af21e4bfac069f4da55ac71ca9e2b5d4 written 565 bytes -> quic_actor/src/udpactor.rs-336
2022-05-18 15:14:00 - INFO: Successfuly sent 565 bytes -> quic_actor/src/udpactor.rs-79
2022-05-18 15:14:00 - INFO: Got packet Some(Short dcid=0776d1d3af21e4bfac069f4da55ac71ca9e2b5d4 key_phase=false) -> quic_actor/src/udpactor.rs-153
2022-05-18 15:14:00 - INFO: Client found -> quic_actor/src/udpactor.rs-233
2022-05-18 15:14:00 - INFO: 0776d1d3af21e4bfac069f4da55ac71ca9e2b5d4 processed 234 bytes -> quic_actor/src/udpactor.rs-255
2022-05-18 15:14:00 - WARN: 0776d1d3af21e4bfac069f4da55ac71ca9e2b5d4 received 190 bytes -> quic_actor/src/udpactor.rs-268
2022-05-18 15:14:00 - INFO: 0776d1d3af21e4bfac069f4da55ac71ca9e2b5d4 stream 2 has 190 bytes (fin? true) -> quic_actor/src/udpactor.rs-272
2022-05-18 15:14:00 - WARN: 0776d1d3af21e4bfac069f4da55ac71ca9e2b5d4 written 43 bytes -> quic_actor/src/udpactor.rs-336
2022-05-18 15:14:00 - INFO: Got packet Some(Short dcid=0776d1d3af21e4bfac069f4da55ac71ca9e2b5d4 key_phase=false) -> quic_actor/src/udpactor.rs-153
2022-05-18 15:14:00 - INFO: Client found -> quic_actor/src/udpactor.rs-233
2022-05-18 15:14:00 - INFO: 0776d1d3af21e4bfac069f4da55ac71ca9e2b5d4 processed 43 bytes -> quic_actor/src/udpactor.rs-255
2022-05-18 15:14:00 - INFO: Successfuly sent 43 bytes -> quic_actor/src/udpactor.rs-79
2022-05-18 15:14:17 - INFO: Got packet Some(Initial version=1 dcid=b2f83819b4d0407722537df7fc688cb8 scid=ad5a68dc355afb8f1346ed38e3b6410c5efb0cb9 token=) -> quic_actor/src/udpactor.rs-153
2022-05-18 15:14:17 - WARN: New Client -> quic_actor/src/udpactor.rs-167
2022-05-18 15:14:17 - WARN: Doing stateless retry -> quic_actor/src/udpactor.rs-98
2022-05-18 15:14:17 - INFO: Successfuly sent 89 bytes -> quic_actor/src/udpactor.rs-79
2022-05-18 15:14:17 - INFO: Got packet Some(Initial version=1 dcid=fa469a87cf29b78fa2cd5cfba4277a510fb6681a scid=ad5a68dc355afb8f1346ed38e3b6410c5efb0cb9 token=7175696368657f000001b2f83819b4d0407722537df7fc688cb8) -> quic_actor/src/udpactor.rs-153
2022-05-18 15:14:17 - WARN: New Client -> quic_actor/src/udpactor.rs-167
2022-05-18 15:14:17 - INFO: fa469a87cf29b78fa2cd5cfba4277a510fb6681a processed 1200 bytes -> quic_actor/src/udpactor.rs-255
2022-05-18 15:14:17 - WARN: fa469a87cf29b78fa2cd5cfba4277a510fb6681a written 1200 bytes -> quic_actor/src/udpactor.rs-336
2022-05-18 15:14:17 - INFO: Successfuly sent 1200 bytes -> quic_actor/src/udpactor.rs-79
2022-05-18 15:14:17 - WARN: fa469a87cf29b78fa2cd5cfba4277a510fb6681a written 715 bytes -> quic_actor/src/udpactor.rs-336
2022-05-18 15:14:17 - INFO: Successfuly sent 715 bytes -> quic_actor/src/udpactor.rs-79
2022-05-18 15:14:17 - INFO: Got packet Some(Initial version=1 dcid=fa469a87cf29b78fa2cd5cfba4277a510fb6681a scid=ad5a68dc355afb8f1346ed38e3b6410c5efb0cb9 token=7175696368657f000001b2f83819b4d0407722537df7fc688cb8) -> quic_actor/src/udpactor.rs-153
2022-05-18 15:14:17 - INFO: Client found -> quic_actor/src/udpactor.rs-233
2022-05-18 15:14:17 - INFO: fa469a87cf29b78fa2cd5cfba4277a510fb6681a processed 1200 bytes -> quic_actor/src/udpactor.rs-255
2022-05-18 15:14:17 - WARN: fa469a87cf29b78fa2cd5cfba4277a510fb6681a written 558 bytes -> quic_actor/src/udpactor.rs-336
2022-05-18 15:14:17 - INFO: Successfuly sent 558 bytes -> quic_actor/src/udpactor.rs-79
2022-05-18 15:14:17 - INFO: Got packet Some(Short dcid=fa469a87cf29b78fa2cd5cfba4277a510fb6681a key_phase=false) -> quic_actor/src/udpactor.rs-153
2022-05-18 15:14:17 - INFO: Client found -> quic_actor/src/udpactor.rs-233
2022-05-18 15:14:17 - INFO: fa469a87cf29b78fa2cd5cfba4277a510fb6681a processed 43 bytes -> quic_actor/src/udpactor.rs-255
2022-05-18 23:05:14 - INFO: Got packet Some(Initial version=1 dcid=f7e2869cb2de391868b7675bc5b63a02 scid=abad8372f0f324ae4fcbfb1eb3f82573925fd43b token=) -> quic_actor/src/udpactor.rs-153
2022-05-18 23:05:14 - WARN: New Client -> quic_actor/src/udpactor.rs-167
2022-05-18 23:05:14 - WARN: Doing stateless retry -> quic_actor/src/udpactor.rs-98
2022-05-18 23:05:14 - INFO: Successfuly sent 89 bytes -> quic_actor/src/udpactor.rs-79
2022-05-18 23:05:14 - INFO: Got packet Some(Initial version=1 dcid=3c2ea5748748058ac22b7d8da40a839542d4339b scid=abad8372f0f324ae4fcbfb1eb3f82573925fd43b token=7175696368657f000001f7e2869cb2de391868b7675bc5b63a02) -> quic_actor/src/udpactor.rs-153
2022-05-18 23:05:14 - WARN: New Client -> quic_actor/src/udpactor.rs-167
2022-05-18 23:05:14 - INFO: 3c2ea5748748058ac22b7d8da40a839542d4339b processed 1200 bytes -> quic_actor/src/udpactor.rs-255
2022-05-18 23:05:14 - WARN: 3c2ea5748748058ac22b7d8da40a839542d4339b written 1200 bytes -> quic_actor/src/udpactor.rs-336
2022-05-18 23:05:14 - INFO: Successfuly sent 1200 bytes -> quic_actor/src/udpactor.rs-79
2022-05-18 23:05:14 - INFO: Successfuly sent 715 bytes -> quic_actor/src/udpactor.rs-79
2022-05-18 23:05:14 - WARN: 3c2ea5748748058ac22b7d8da40a839542d4339b written 715 bytes -> quic_actor/src/udpactor.rs-336
2022-05-18 23:05:14 - INFO: Got packet Some(Initial version=1 dcid=3c2ea5748748058ac22b7d8da40a839542d4339b scid=abad8372f0f324ae4fcbfb1eb3f82573925fd43b token=7175696368657f000001f7e2869cb2de391868b7675bc5b63a02) -> quic_actor/src/udpactor.rs-153
2022-05-18 23:05:14 - INFO: Client found -> quic_actor/src/udpactor.rs-233
2022-05-18 23:05:14 - INFO: 3c2ea5748748058ac22b7d8da40a839542d4339b processed 1200 bytes -> quic_actor/src/udpactor.rs-255
2022-05-18 23:05:14 - INFO: Got packet Some(Handshake version=1 dcid=3c2ea5748748058ac22b7d8da40a839542d4339b scid=abad8372f0f324ae4fcbfb1eb3f82573925fd43b) -> quic_actor/src/udpactor.rs-153
2022-05-18 23:05:14 - INFO: Client found -> quic_actor/src/udpactor.rs-233
2022-05-18 23:05:14 - INFO: 3c2ea5748748058ac22b7d8da40a839542d4339b processed 1350 bytes -> quic_actor/src/udpactor.rs-255
2022-05-18 23:05:14 - WARN: 3c2ea5748748058ac22b7d8da40a839542d4339b received 1195 bytes -> quic_actor/src/udpactor.rs-268
2022-05-18 23:05:14 - INFO: 3c2ea5748748058ac22b7d8da40a839542d4339b stream 4 has 1195 bytes (fin? false) -> quic_actor/src/udpactor.rs-272
2022-05-18 23:05:14 - INFO: 3c2ea5748748058ac22b7d8da40a839542d4339b got GET request for "./127.0.0.1:4480/LONG_README.md" on stream 4 -> quic_actor/src/udpactor.rs-430
2022-05-18 23:05:14 - ERROR: 3c2ea5748748058ac22b7d8da40a839542d4339b sending response of size 42127 on stream 4 -> quic_actor/src/udpactor.rs-449
2022-05-18 23:05:14 - WARN: 3c2ea5748748058ac22b7d8da40a839542d4339b written 1350 bytes -> quic_actor/src/udpactor.rs-336
2022-05-18 23:05:14 - WARN: 3c2ea5748748058ac22b7d8da40a839542d4339b written 1350 bytes -> quic_actor/src/udpactor.rs-336
2022-05-18 23:05:14 - WARN: 3c2ea5748748058ac22b7d8da40a839542d4339b written 1350 bytes -> quic_actor/src/udpactor.rs-336
2022-05-18 23:05:14 - WARN: 3c2ea5748748058ac22b7d8da40a839542d4339b written 1350 bytes -> quic_actor/src/udpactor.rs-336
2022-05-18 23:05:14 - WARN: 3c2ea5748748058ac22b7d8da40a839542d4339b written 1350 bytes -> quic_actor/src/udpactor.rs-336
2022-05-18 23:05:14 - INFO: Successfuly sent 1350 bytes -> quic_actor/src/udpactor.rs-79
2022-05-18 23:05:14 - WARN: 3c2ea5748748058ac22b7d8da40a839542d4339b written 1350 bytes -> quic_actor/src/udpactor.rs-336
2022-05-18 23:05:14 - INFO: Successfuly sent 1350 bytes -> quic_actor/src/udpactor.rs-79
2022-05-18 23:05:14 - INFO: Successfuly sent 1350 bytes -> quic_actor/src/udpactor.rs-79
2022-05-18 23:05:14 - INFO: Successfuly sent 1350 bytes -> quic_actor/src/udpactor.rs-79
2022-05-18 23:05:14 - INFO: Successfuly sent 1350 bytes -> quic_actor/src/udpactor.rs-79
2022-05-18 23:05:14 - INFO: Successfuly sent 1350 bytes -> quic_actor/src/udpactor.rs-79
2022-05-18 23:05:14 - INFO: Successfuly sent 1350 bytes -> quic_actor/src/udpactor.rs-79
2022-05-18 23:05:14 - WARN: 3c2ea5748748058ac22b7d8da40a839542d4339b written 1350 bytes -> quic_actor/src/udpactor.rs-336
2022-05-18 23:05:14 - WARN: 3c2ea5748748058ac22b7d8da40a839542d4339b written 1350 bytes -> quic_actor/src/udpactor.rs-336
2022-05-18 23:05:14 - WARN: 3c2ea5748748058ac22b7d8da40a839542d4339b written 1350 bytes -> quic_actor/src/udpactor.rs-336
2022-05-18 23:05:14 - WARN: 3c2ea5748748058ac22b7d8da40a839542d4339b written 1350 bytes -> quic_actor/src/udpactor.rs-336
2022-05-18 23:05:14 - WARN: 3c2ea5748748058ac22b7d8da40a839542d4339b written 72 bytes -> quic_actor/src/udpactor.rs-336
2022-05-18 23:05:14 - INFO: Got packet Some(Short dcid=3c2ea5748748058ac22b7d8da40a839542d4339b key_phase=false) -> quic_actor/src/udpactor.rs-153
2022-05-18 23:05:14 - INFO: Successfuly sent 1350 bytes -> quic_actor/src/udpactor.rs-79
2022-05-18 23:05:14 - INFO: Client found -> quic_actor/src/udpactor.rs-233
2022-05-18 23:05:14 - INFO: Successfuly sent 1350 bytes -> quic_actor/src/udpactor.rs-79
2022-05-18 23:05:14 - INFO: 3c2ea5748748058ac22b7d8da40a839542d4339b processed 234 bytes -> quic_actor/src/udpactor.rs-255
2022-05-18 23:05:14 - WARN: 3c2ea5748748058ac22b7d8da40a839542d4339b received 190 bytes -> quic_actor/src/udpactor.rs-268
2022-05-18 23:05:14 - INFO: 3c2ea5748748058ac22b7d8da40a839542d4339b stream 4 has 190 bytes (fin? true) -> quic_actor/src/udpactor.rs-272
2022-05-18 23:05:14 - INFO: Successfuly sent 1350 bytes -> quic_actor/src/udpactor.rs-79
2022-05-18 23:05:14 - INFO: Successfuly sent 72 bytes -> quic_actor/src/udpactor.rs-79
2022-05-18 23:05:14 - INFO: Got packet Some(Short dcid=3c2ea5748748058ac22b7d8da40a839542d4339b key_phase=false) -> quic_actor/src/udpactor.rs-153
2022-05-18 23:05:14 - INFO: Client found -> quic_actor/src/udpactor.rs-233
2022-05-18 23:05:14 - INFO: 3c2ea5748748058ac22b7d8da40a839542d4339b processed 44 bytes -> quic_actor/src/udpactor.rs-255
2022-05-18 23:05:14 - WARN: There's still 28627 bytes to write -> quic_actor/src/udpactor.rs-485
2022-05-18 23:05:14 - WARN: 3c2ea5748748058ac22b7d8da40a839542d4339b written 43 bytes -> quic_actor/src/udpactor.rs-336
2022-05-18 23:05:14 - INFO: Successfuly sent 43 bytes -> quic_actor/src/udpactor.rs-79
2022-05-18 23:05:14 - INFO: Got packet Some(Short dcid=3c2ea5748748058ac22b7d8da40a839542d4339b key_phase=false) -> quic_actor/src/udpactor.rs-153
2022-05-18 23:05:14 - INFO: Client found -> quic_actor/src/udpactor.rs-233
2022-05-18 23:05:14 - INFO: 3c2ea5748748058ac22b7d8da40a839542d4339b processed 44 bytes -> quic_actor/src/udpactor.rs-255
2022-05-18 23:05:14 - WARN: There's still 21949 bytes to write -> quic_actor/src/udpactor.rs-485
2022-05-18 23:05:14 - INFO: Got packet Some(Short dcid=3c2ea5748748058ac22b7d8da40a839542d4339b key_phase=false) -> quic_actor/src/udpactor.rs-153
2022-05-18 23:05:14 - INFO: Client found -> quic_actor/src/udpactor.rs-233
2022-05-18 23:05:14 - INFO: 3c2ea5748748058ac22b7d8da40a839542d4339b processed 43 bytes -> quic_actor/src/udpactor.rs-255
2022-05-18 23:05:14 - WARN: There's still 4471 bytes to write -> quic_actor/src/udpactor.rs-485
2022-05-18 23:05:27 - INFO: Got packet Some(Initial version=1 dcid=ec5109c7e93edb768cb916e610777dfa scid=4bc01d204862a52caa6616f6a6014cc5dc0fd844 token=) -> quic_actor/src/udpactor.rs-153
2022-05-18 23:05:27 - WARN: New Client -> quic_actor/src/udpactor.rs-167
2022-05-18 23:05:27 - WARN: Doing stateless retry -> quic_actor/src/udpactor.rs-98
2022-05-18 23:05:27 - INFO: Successfuly sent 89 bytes -> quic_actor/src/udpactor.rs-79
2022-05-18 23:05:27 - INFO: Got packet Some(Initial version=1 dcid=bab21ae761df0f93ce0f0fa7d2ac30aa4070b6a1 scid=4bc01d204862a52caa6616f6a6014cc5dc0fd844 token=7175696368657f000001ec5109c7e93edb768cb916e610777dfa) -> quic_actor/src/udpactor.rs-153
2022-05-18 23:05:27 - WARN: New Client -> quic_actor/src/udpactor.rs-167
2022-05-18 23:05:27 - INFO: bab21ae761df0f93ce0f0fa7d2ac30aa4070b6a1 processed 1200 bytes -> quic_actor/src/udpactor.rs-255
2022-05-18 23:05:27 - WARN: bab21ae761df0f93ce0f0fa7d2ac30aa4070b6a1 written 1200 bytes -> quic_actor/src/udpactor.rs-336
2022-05-18 23:05:27 - WARN: bab21ae761df0f93ce0f0fa7d2ac30aa4070b6a1 written 715 bytes -> quic_actor/src/udpactor.rs-336
2022-05-18 23:05:27 - WARN: 3c2ea5748748058ac22b7d8da40a839542d4339b written 1200 bytes -> quic_actor/src/udpactor.rs-336
2022-05-18 23:05:27 - WARN: 3c2ea5748748058ac22b7d8da40a839542d4339b written 1200 bytes -> quic_actor/src/udpactor.rs-336
2022-05-18 23:05:27 - INFO: Successfuly sent 1200 bytes -> quic_actor/src/udpactor.rs-79
2022-05-18 23:05:27 - WARN: 3c2ea5748748058ac22b7d8da40a839542d4339b written 1200 bytes -> quic_actor/src/udpactor.rs-336
2022-05-18 23:05:27 - INFO: Successfuly sent 715 bytes -> quic_actor/src/udpactor.rs-79
2022-05-18 23:05:27 - WARN: 3c2ea5748748058ac22b7d8da40a839542d4339b written 1200 bytes -> quic_actor/src/udpactor.rs-336
2022-05-18 23:05:27 - WARN: 3c2ea5748748058ac22b7d8da40a839542d4339b written 1200 bytes -> quic_actor/src/udpactor.rs-336
2022-05-18 23:05:27 - WARN: 3c2ea5748748058ac22b7d8da40a839542d4339b written 1200 bytes -> quic_actor/src/udpactor.rs-336
2022-05-18 23:05:27 - WARN: 3c2ea5748748058ac22b7d8da40a839542d4339b written 1200 bytes -> quic_actor/src/udpactor.rs-336
2022-05-18 23:05:27 - WARN: 3c2ea5748748058ac22b7d8da40a839542d4339b written 1200 bytes -> quic_actor/src/udpactor.rs-336
2022-05-18 23:05:27 - WARN: 3c2ea5748748058ac22b7d8da40a839542d4339b written 1200 bytes -> quic_actor/src/udpactor.rs-336
2022-05-18 23:05:27 - WARN: 3c2ea5748748058ac22b7d8da40a839542d4339b written 1200 bytes -> quic_actor/src/udpactor.rs-336
2022-05-18 23:05:27 - WARN: 3c2ea5748748058ac22b7d8da40a839542d4339b written 1200 bytes -> quic_actor/src/udpactor.rs-336
2022-05-18 23:05:27 - WARN: 3c2ea5748748058ac22b7d8da40a839542d4339b written 1200 bytes -> quic_actor/src/udpactor.rs-336
2022-05-18 23:05:27 - WARN: 3c2ea5748748058ac22b7d8da40a839542d4339b written 1200 bytes -> quic_actor/src/udpactor.rs-336
2022-05-18 23:05:27 - WARN: 3c2ea5748748058ac22b7d8da40a839542d4339b written 1200 bytes -> quic_actor/src/udpactor.rs-336
2022-05-18 23:05:27 - WARN: 3c2ea5748748058ac22b7d8da40a839542d4339b written 1200 bytes -> quic_actor/src/udpactor.rs-336
2022-05-18 23:05:27 - WARN: 3c2ea5748748058ac22b7d8da40a839542d4339b written 1200 bytes -> quic_actor/src/udpactor.rs-336
2022-05-18 23:05:27 - WARN: 3c2ea5748748058ac22b7d8da40a839542d4339b written 1200 bytes -> quic_actor/src/udpactor.rs-336
2022-05-18 23:05:27 - WARN: 3c2ea5748748058ac22b7d8da40a839542d4339b written 1200 bytes -> quic_actor/src/udpactor.rs-336
2022-05-18 23:05:27 - WARN: 3c2ea5748748058ac22b7d8da40a839542d4339b written 1200 bytes -> quic_actor/src/udpactor.rs-336
2022-05-18 23:05:27 - WARN: 3c2ea5748748058ac22b7d8da40a839542d4339b written 1200 bytes -> quic_actor/src/udpactor.rs-336
2022-05-18 23:05:27 - WARN: 3c2ea5748748058ac22b7d8da40a839542d4339b written 1200 bytes -> quic_actor/src/udpactor.rs-336
2022-05-18 23:05:27 - WARN: 3c2ea5748748058ac22b7d8da40a839542d4339b written 1200 bytes -> quic_actor/src/udpactor.rs-336
2022-05-18 23:05:27 - WARN: 3c2ea5748748058ac22b7d8da40a839542d4339b written 600 bytes -> quic_actor/src/udpactor.rs-336
2022-05-18 23:05:27 - INFO: Got packet Some(Initial version=1 dcid=bab21ae761df0f93ce0f0fa7d2ac30aa4070b6a1 scid=4bc01d204862a52caa6616f6a6014cc5dc0fd844 token=7175696368657f000001ec5109c7e93edb768cb916e610777dfa) -> quic_actor/src/udpactor.rs-153
2022-05-18 23:05:27 - INFO: Client found -> quic_actor/src/udpactor.rs-233
2022-05-18 23:05:27 - INFO: bab21ae761df0f93ce0f0fa7d2ac30aa4070b6a1 processed 1350 bytes -> quic_actor/src/udpactor.rs-255
2022-05-18 23:05:27 - WARN: bab21ae761df0f93ce0f0fa7d2ac30aa4070b6a1 received 1096 bytes -> quic_actor/src/udpactor.rs-268
2022-05-18 23:05:27 - INFO: bab21ae761df0f93ce0f0fa7d2ac30aa4070b6a1 stream 4 has 1096 bytes (fin? false) -> quic_actor/src/udpactor.rs-272
2022-05-18 23:05:27 - INFO: bab21ae761df0f93ce0f0fa7d2ac30aa4070b6a1 got GET request for "./127.0.0.1:4480/LONG_README.md" on stream 4 -> quic_actor/src/udpactor.rs-430
2022-05-18 23:05:27 - ERROR: bab21ae761df0f93ce0f0fa7d2ac30aa4070b6a1 sending response of size 42127 on stream 4 -> quic_actor/src/udpactor.rs-449
2022-05-18 23:05:27 - WARN: bab21ae761df0f93ce0f0fa7d2ac30aa4070b6a1 written 1350 bytes -> quic_actor/src/udpactor.rs-336
2022-05-18 23:05:27 - WARN: bab21ae761df0f93ce0f0fa7d2ac30aa4070b6a1 written 1350 bytes -> quic_actor/src/udpactor.rs-336
2022-05-18 23:05:27 - WARN: bab21ae761df0f93ce0f0fa7d2ac30aa4070b6a1 written 1350 bytes -> quic_actor/src/udpactor.rs-336
2022-05-18 23:05:27 - WARN: bab21ae761df0f93ce0f0fa7d2ac30aa4070b6a1 written 1350 bytes -> quic_actor/src/udpactor.rs-336
2022-05-18 23:05:27 - WARN: bab21ae761df0f93ce0f0fa7d2ac30aa4070b6a1 written 1350 bytes -> quic_actor/src/udpactor.rs-336
2022-05-18 23:05:27 - WARN: bab21ae761df0f93ce0f0fa7d2ac30aa4070b6a1 written 1350 bytes -> quic_actor/src/udpactor.rs-336
2022-05-18 23:05:27 - WARN: bab21ae761df0f93ce0f0fa7d2ac30aa4070b6a1 written 1350 bytes -> quic_actor/src/udpactor.rs-336
2022-05-18 23:05:27 - WARN: bab21ae761df0f93ce0f0fa7d2ac30aa4070b6a1 written 1350 bytes -> quic_actor/src/udpactor.rs-336
2022-05-18 23:05:27 - WARN: bab21ae761df0f93ce0f0fa7d2ac30aa4070b6a1 written 1350 bytes -> quic_actor/src/udpactor.rs-336
2022-05-18 23:05:27 - WARN: bab21ae761df0f93ce0f0fa7d2ac30aa4070b6a1 written 1350 bytes -> quic_actor/src/udpactor.rs-336
2022-05-18 23:05:27 - WARN: bab21ae761df0f93ce0f0fa7d2ac30aa4070b6a1 written 72 bytes -> quic_actor/src/udpactor.rs-336
2022-05-18 23:05:27 - INFO: Got packet Some(Short dcid=bab21ae761df0f93ce0f0fa7d2ac30aa4070b6a1 key_phase=false) -> quic_actor/src/udpactor.rs-153
2022-05-18 23:05:27 - INFO: Client found -> quic_actor/src/udpactor.rs-233
2022-05-18 23:05:27 - INFO: bab21ae761df0f93ce0f0fa7d2ac30aa4070b6a1 processed 333 bytes -> quic_actor/src/udpactor.rs-255
2022-05-18 23:05:27 - WARN: bab21ae761df0f93ce0f0fa7d2ac30aa4070b6a1 received 289 bytes -> quic_actor/src/udpactor.rs-268
2022-05-18 23:05:27 - INFO: bab21ae761df0f93ce0f0fa7d2ac30aa4070b6a1 stream 4 has 289 bytes (fin? true) -> quic_actor/src/udpactor.rs-272
2022-05-18 23:05:27 - INFO: Successfuly sent 1200 bytes -> quic_actor/src/udpactor.rs-79
2022-05-18 23:05:27 - INFO: Successfuly sent 1200 bytes -> quic_actor/src/udpactor.rs-79
2022-05-18 23:05:27 - INFO: Successfuly sent 1200 bytes -> quic_actor/src/udpactor.rs-79
2022-05-18 23:05:27 - INFO: Successfuly sent 1200 bytes -> quic_actor/src/udpactor.rs-79
2022-05-18 23:05:27 - INFO: Successfuly sent 1200 bytes -> quic_actor/src/udpactor.rs-79
2022-05-18 23:05:27 - INFO: Successfuly sent 1200 bytes -> quic_actor/src/udpactor.rs-79
2022-05-18 23:05:27 - INFO: Successfuly sent 1200 bytes -> quic_actor/src/udpactor.rs-79
2022-05-18 23:05:27 - INFO: Successfuly sent 1200 bytes -> quic_actor/src/udpactor.rs-79
2022-05-18 23:05:27 - INFO: Successfuly sent 1200 bytes -> quic_actor/src/udpactor.rs-79
2022-05-18 23:05:27 - INFO: Successfuly sent 1200 bytes -> quic_actor/src/udpactor.rs-79
2022-05-18 23:05:27 - INFO: Successfuly sent 1200 bytes -> quic_actor/src/udpactor.rs-79
2022-05-18 23:05:27 - INFO: Successfuly sent 1200 bytes -> quic_actor/src/udpactor.rs-79
2022-05-18 23:05:27 - INFO: Successfuly sent 1200 bytes -> quic_actor/src/udpactor.rs-79
2022-05-18 23:05:27 - INFO: Successfuly sent 1200 bytes -> quic_actor/src/udpactor.rs-79
2022-05-18 23:05:27 - INFO: Successfuly sent 1200 bytes -> quic_actor/src/udpactor.rs-79
2022-05-18 23:05:27 - INFO: Successfuly sent 1200 bytes -> quic_actor/src/udpactor.rs-79
2022-05-18 23:05:27 - INFO: Successfuly sent 1200 bytes -> quic_actor/src/udpactor.rs-79
2022-05-18 23:05:27 - INFO: Successfuly sent 1200 bytes -> quic_actor/src/udpactor.rs-79
2022-05-18 23:05:27 - INFO: Successfuly sent 1200 bytes -> quic_actor/src/udpactor.rs-79
2022-05-18 23:05:27 - INFO: Successfuly sent 1200 bytes -> quic_actor/src/udpactor.rs-79
2022-05-18 23:05:27 - INFO: Successfuly sent 1200 bytes -> quic_actor/src/udpactor.rs-79
2022-05-18 23:05:27 - INFO: Successfuly sent 1200 bytes -> quic_actor/src/udpactor.rs-79
2022-05-18 23:05:27 - INFO: Successfuly sent 600 bytes -> quic_actor/src/udpactor.rs-79
2022-05-18 23:05:27 - INFO: Successfuly sent 1350 bytes -> quic_actor/src/udpactor.rs-79
2022-05-18 23:05:27 - INFO: Successfuly sent 1350 bytes -> quic_actor/src/udpactor.rs-79
2022-05-18 23:05:27 - INFO: Successfuly sent 1350 bytes -> quic_actor/src/udpactor.rs-79
2022-05-18 23:05:27 - INFO: Successfuly sent 1350 bytes -> quic_actor/src/udpactor.rs-79
2022-05-18 23:05:27 - INFO: Successfuly sent 1350 bytes -> quic_actor/src/udpactor.rs-79
2022-05-18 23:05:27 - INFO: Successfuly sent 1350 bytes -> quic_actor/src/udpactor.rs-79
2022-05-18 23:05:27 - INFO: Successfuly sent 1350 bytes -> quic_actor/src/udpactor.rs-79
2022-05-18 23:05:27 - INFO: Successfuly sent 1350 bytes -> quic_actor/src/udpactor.rs-79
2022-05-18 23:05:27 - INFO: Successfuly sent 1350 bytes -> quic_actor/src/udpactor.rs-79
2022-05-18 23:05:27 - INFO: Successfuly sent 1350 bytes -> quic_actor/src/udpactor.rs-79
2022-05-18 23:05:27 - INFO: Successfuly sent 72 bytes -> quic_actor/src/udpactor.rs-79
2022-05-18 23:05:27 - INFO: Got packet Some(Short dcid=bab21ae761df0f93ce0f0fa7d2ac30aa4070b6a1 key_phase=false) -> quic_actor/src/udpactor.rs-153
2022-05-18 23:05:27 - INFO: Client found -> quic_actor/src/udpactor.rs-233
2022-05-18 23:05:27 - INFO: bab21ae761df0f93ce0f0fa7d2ac30aa4070b6a1 processed 44 bytes -> quic_actor/src/udpactor.rs-255
2022-05-18 23:05:27 - WARN: There's still 28627 bytes to write -> quic_actor/src/udpactor.rs-485
2022-05-18 23:05:27 - WARN: bab21ae761df0f93ce0f0fa7d2ac30aa4070b6a1 written 43 bytes -> quic_actor/src/udpactor.rs-336
2022-05-18 23:05:27 - INFO: Successfuly sent 43 bytes -> quic_actor/src/udpactor.rs-79
2022-05-18 23:05:27 - INFO: Got packet Some(Short dcid=bab21ae761df0f93ce0f0fa7d2ac30aa4070b6a1 key_phase=false) -> quic_actor/src/udpactor.rs-153
2022-05-18 23:05:27 - INFO: Client found -> quic_actor/src/udpactor.rs-233
2022-05-18 23:05:27 - INFO: bab21ae761df0f93ce0f0fa7d2ac30aa4070b6a1 processed 44 bytes -> quic_actor/src/udpactor.rs-255
2022-05-18 23:05:27 - WARN: There's still 13849 bytes to write -> quic_actor/src/udpactor.rs-485
2022-05-18 23:05:27 - INFO: Got packet Some(Short dcid=bab21ae761df0f93ce0f0fa7d2ac30aa4070b6a1 key_phase=false) -> quic_actor/src/udpactor.rs-153
2022-05-18 23:05:27 - INFO: Client found -> quic_actor/src/udpactor.rs-233
2022-05-18 23:05:27 - INFO: bab21ae761df0f93ce0f0fa7d2ac30aa4070b6a1 processed 43 bytes -> quic_actor/src/udpactor.rs-255
