2022-05-20 04:25:38 - WARN: Stream capacity is Ok(0) -> quic_actor/src/udpactor.rs-304
2022-05-20 04:25:38 - WARN: ab8d0a500e2cb1330698804e5005bcbbdf9d1e5c written 617 bytes -> quic_actor/src/udpactor.rs-326
2022-05-20 04:25:38 - WARN: ab8d0a500e2cb1330698804e5005bcbbdf9d1e5c written 511 bytes -> quic_actor/src/udpactor.rs-326
2022-05-20 04:25:38 - ERROR: ab8d0a500e2cb1330698804e5005bcbbdf9d1e5c done writing -> quic_actor/src/udpactor.rs-311
2022-05-20 04:25:38 - INFO: Got packet Some(Short dcid=ab8d0a500e2cb1330698804e5005bcbbdf9d1e5c key_phase=false) -> quic_actor/src/udpactor.rs-159
2022-05-20 04:25:38 - ERROR: Successfuly sent 617 bytes -> quic_actor/src/udpactor.rs-82
2022-05-20 04:25:38 - INFO: Client found -> quic_actor/src/udpactor.rs-243
2022-05-20 04:25:38 - ERROR: Successfuly sent 511 bytes -> quic_actor/src/udpactor.rs-82
2022-05-20 04:25:38 - INFO: ab8d0a500e2cb1330698804e5005bcbbdf9d1e5c processed 44 bytes -> quic_actor/src/udpactor.rs-271
2022-05-20 04:25:38 - WARN: ab8d0a500e2cb1330698804e5005bcbbdf9d1e5c stream 128 is writable -> quic_actor/src/udpactor.rs-505
2022-05-20 04:25:38 - WARN: There's still 28999 bytes to write -> quic_actor/src/udpactor.rs-513
2022-05-20 04:25:38 - WARN: Wrote 2400 bytes -> quic_actor/src/udpactor.rs-530
2022-05-20 04:25:38 - WARN: Handling early established -> quic_actor/src/udpactor.rs-302
2022-05-20 04:25:38 - WARN: Stream capacity is Ok(0) -> quic_actor/src/udpactor.rs-304
2022-05-20 04:25:38 - ERROR: ab8d0a500e2cb1330698804e5005bcbbdf9d1e5c done writing -> quic_actor/src/udpactor.rs-311
2022-05-20 04:25:38 - INFO: Got packet Some(Short dcid=ab8d0a500e2cb1330698804e5005bcbbdf9d1e5c key_phase=false) -> quic_actor/src/udpactor.rs-159
2022-05-20 04:25:38 - INFO: Client found -> quic_actor/src/udpactor.rs-243
2022-05-20 04:25:38 - INFO: ab8d0a500e2cb1330698804e5005bcbbdf9d1e5c processed 44 bytes -> quic_actor/src/udpactor.rs-271
2022-05-20 04:25:38 - WARN: ab8d0a500e2cb1330698804e5005bcbbdf9d1e5c stream 128 is writable -> quic_actor/src/udpactor.rs-505
2022-05-20 04:25:38 - WARN: There's still 26599 bytes to write -> quic_actor/src/udpactor.rs-513
2022-05-20 04:25:38 - WARN: Wrote 9600 bytes -> quic_actor/src/udpactor.rs-530
2022-05-20 04:25:38 - WARN: Handling early established -> quic_actor/src/udpactor.rs-302
2022-05-20 04:25:38 - WARN: Stream capacity is Ok(0) -> quic_actor/src/udpactor.rs-304
2022-05-20 04:25:38 - ERROR: ab8d0a500e2cb1330698804e5005bcbbdf9d1e5c done writing -> quic_actor/src/udpactor.rs-311
2022-05-20 04:25:38 - INFO: Got packet Some(Short dcid=ab8d0a500e2cb1330698804e5005bcbbdf9d1e5c key_phase=false) -> quic_actor/src/udpactor.rs-159
2022-05-20 04:25:38 - INFO: Client found -> quic_actor/src/udpactor.rs-243
2022-05-20 04:25:38 - INFO: ab8d0a500e2cb1330698804e5005bcbbdf9d1e5c processed 44 bytes -> quic_actor/src/udpactor.rs-271
2022-05-20 04:25:38 - WARN: ab8d0a500e2cb1330698804e5005bcbbdf9d1e5c stream 128 is writable -> quic_actor/src/udpactor.rs-505
2022-05-20 04:25:38 - WARN: There's still 16999 bytes to write -> quic_actor/src/udpactor.rs-513
2022-05-20 04:25:38 - WARN: Wrote 12000 bytes -> quic_actor/src/udpactor.rs-530
2022-05-20 04:25:38 - WARN: Handling early established -> quic_actor/src/udpactor.rs-302
2022-05-20 04:25:38 - WARN: Stream capacity is Ok(0) -> quic_actor/src/udpactor.rs-304
2022-05-20 04:25:38 - ERROR: ab8d0a500e2cb1330698804e5005bcbbdf9d1e5c done writing -> quic_actor/src/udpactor.rs-311
2022-05-20 04:25:38 - INFO: Got packet Some(Short dcid=ab8d0a500e2cb1330698804e5005bcbbdf9d1e5c key_phase=false) -> quic_actor/src/udpactor.rs-159
2022-05-20 04:25:38 - INFO: Client found -> quic_actor/src/udpactor.rs-243
2022-05-20 04:25:38 - INFO: ab8d0a500e2cb1330698804e5005bcbbdf9d1e5c processed 44 bytes -> quic_actor/src/udpactor.rs-271
2022-05-20 04:25:38 - WARN: ab8d0a500e2cb1330698804e5005bcbbdf9d1e5c stream 128 is writable -> quic_actor/src/udpactor.rs-505
2022-05-20 04:25:38 - WARN: There's still 4999 bytes to write -> quic_actor/src/udpactor.rs-513
2022-05-20 04:25:38 - WARN: Wrote 4999 bytes -> quic_actor/src/udpactor.rs-530
2022-05-20 04:25:38 - WARN: QUANTUM: 12000 -> quic_actor/src/udpactor.rs-538
2022-05-20 04:25:38 - WARN: Handling early established -> quic_actor/src/udpactor.rs-302
2022-05-20 04:25:38 - WARN: Stream capacity is Ok(15701) -> quic_actor/src/udpactor.rs-304
2022-05-20 04:25:38 - ERROR: ab8d0a500e2cb1330698804e5005bcbbdf9d1e5c done writing -> quic_actor/src/udpactor.rs-311
2022-05-20 04:25:38 - INFO: Got packet Some(Short dcid=ab8d0a500e2cb1330698804e5005bcbbdf9d1e5c key_phase=false) -> quic_actor/src/udpactor.rs-159
2022-05-20 04:25:38 - INFO: Client found -> quic_actor/src/udpactor.rs-243
2022-05-20 04:25:38 - INFO: ab8d0a500e2cb1330698804e5005bcbbdf9d1e5c processed 44 bytes -> quic_actor/src/udpactor.rs-271
2022-05-20 04:25:38 - WARN: Handling early established -> quic_actor/src/udpactor.rs-302
2022-05-20 04:25:38 - WARN: Stream capacity is Ok(21689) -> quic_actor/src/udpactor.rs-304
2022-05-20 04:25:38 - ERROR: ab8d0a500e2cb1330698804e5005bcbbdf9d1e5c done writing -> quic_actor/src/udpactor.rs-311
2022-05-20 04:25:38 - INFO: Got packet Some(Short dcid=ab8d0a500e2cb1330698804e5005bcbbdf9d1e5c key_phase=false) -> quic_actor/src/udpactor.rs-159
2022-05-20 04:25:38 - INFO: Client found -> quic_actor/src/udpactor.rs-243
2022-05-20 04:25:38 - INFO: ab8d0a500e2cb1330698804e5005bcbbdf9d1e5c processed 44 bytes -> quic_actor/src/udpactor.rs-271
2022-05-20 04:25:38 - WARN: Handling early established -> quic_actor/src/udpactor.rs-302
2022-05-20 04:25:38 - WARN: Stream capacity is Ok(22200) -> quic_actor/src/udpactor.rs-304
2022-05-20 04:25:38 - ERROR: ab8d0a500e2cb1330698804e5005bcbbdf9d1e5c done writing -> quic_actor/src/udpactor.rs-311
