2022-05-20 03:46:05 - ERROR: STREAM_ID = 128 -> udp_client/src/main.rs-118
2022-05-20 03:46:05 - WARN: received 610 bytes -> udp_client/src/main.rs-125
2022-05-20 03:46:05 - INFO: stream 128 has 610 bytes (fin? false) -> udp_client/src/main.rs-129
2022-05-20 03:46:05 - INFO: Unsafe stream is itur ne illud quidem. Ratio quidem vestra sic cogit. Cum audissem Antiochum, Brute, ut solebam, cum M. An quod ita callida est, ut optime possit architectari voluptates?

Idemne, quod iucunde?
Haec mihi videtur delicatior, ut ita dicam, molliorque ratio, quam virtutis vis gravitasque postulat. Sed quoniam et advesperascit et mihi ad villam revertendum est, nunc quidem hactenus; Cuius ad naturam apta ratio vera illa et summa lex a philosophis dicitur. Neque solum ea communia, verum etiam paria esse dixerunt. Sed nunc, quod agimus; A mene tu?
Quod equidem non reprehendo;
Lorem ipsum dolor sit amet, consec -> udp_client/src/main.rs-131
2022-05-20 03:46:05 - WARN: Wrote 610 bytes to file -> udp_client/src/main.rs-136
2022-05-20 03:46:05 - WARN: STREAM ID: 128 is FIN? false -> udp_client/src/main.rs-139
2022-05-20 03:46:05 - INFO: 657 bytes received from 127.0.0.1:4480 -> udp_client/src/main.rs-97
2022-05-20 03:46:05 - ERROR: STREAM_ID = 128 -> udp_client/src/main.rs-118
2022-05-20 03:46:05 - WARN: received 610 bytes -> udp_client/src/main.rs-125
2022-05-20 03:46:05 - INFO: stream 128 has 610 bytes (fin? false) -> udp_client/src/main.rs-129
2022-05-20 03:46:05 - INFO: Unsafe stream is tetur adipiscing elit. Quibus natura iure responderit non esse verum aliunde finem beate vivendi, a se principia rei gerendae peti; Quae enim adhuc protulisti, popularia sunt, ego autem a te elegantiora desidero. Duo Reges: constructio interrete. Tum Lucius: Mihi vero ista valde probata sunt, quod item fratri puto. Bestiarum vero nullum iudicium puto. Nihil enim iam habes, quod ad corpus referas; Deinde prima illa, quae in congressu solemus: Quid tu, inquit, huc? Et homini, qui ceteris animantibus plurimum praestat, praecipue a natura nihil datum esse dicemus?

Iam id ipsum absurdum, maximum malum negle -> udp_client/src/main.rs-131
2022-05-20 03:46:05 - WARN: Wrote 610 bytes to file -> udp_client/src/main.rs-136
2022-05-20 03:46:05 - WARN: STREAM ID: 128 is FIN? false -> udp_client/src/main.rs-139
2022-05-20 03:46:05 - INFO: Sending 44, with info: SendInfo { to: 127.0.0.1:4480, at: Instant { t: 282927471089781 } } -> udp_client/src/main.rs-74
2022-05-20 03:46:05 - INFO: 657 bytes received from 127.0.0.1:4480 -> udp_client/src/main.rs-97
2022-05-20 03:46:05 - ERROR: STREAM_ID = 128 -> udp_client/src/main.rs-118
2022-05-20 03:46:05 - WARN: received 610 bytes -> udp_client/src/main.rs-125
2022-05-20 03:46:05 - INFO: stream 128 has 610 bytes (fin? false) -> udp_client/src/main.rs-129
2022-05-20 03:46:05 - INFO: Unsafe stream is gi. Quod ea non occurrentia fingunt, vincunt Aristonem; Atqui perspicuum est hominem e corpore animoque constare, cum primae sint animi partes, secundae corporis. Fieri, inquam, Triari, nullo pacto potest, ut non dicas, quid non probes eius, a quo dissentias. Equidem e Cn. An dubium est, quin virtus ita maximam partem optineat in rebus humanis, ut reliquas obruat?

Quis istum dolorem timet?
Summus dolor plures dies manere non potest? Dicet pro me ipsa virtus nec dubitabit isti vestro beato M. Tubulum fuisse, qua illum, cuius is condemnatus est rogatione, P. Quod si ita sit, cur opera philosophiae sit da -> udp_client/src/main.rs-131
2022-05-20 03:46:05 - WARN: Wrote 610 bytes to file -> udp_client/src/main.rs-136
2022-05-20 03:46:05 - WARN: STREAM ID: 128 is FIN? false -> udp_client/src/main.rs-139
2022-05-20 03:46:05 - INFO: 657 bytes received from 127.0.0.1:4480 -> udp_client/src/main.rs-97
2022-05-20 03:46:05 - ERROR: STREAM_ID = 128 -> udp_client/src/main.rs-118
2022-05-20 03:46:05 - WARN: received 610 bytes -> udp_client/src/main.rs-125
2022-05-20 03:46:05 - INFO: stream 128 has 610 bytes (fin? false) -> udp_client/src/main.rs-129
2022-05-20 03:46:05 - INFO: Unsafe stream is nda nescio.

Ex eorum enim scriptis et institutis cum omnis doctrina liberalis, omnis historia.
Quod si ita est, sequitur id ipsum, quod te velle video, omnes semper beatos esse sapientes. Cum enim fertur quasi torrens oratio, quamvis multa cuiusque modi rapiat, nihil tamen teneas, nihil apprehendas, nusquam orationem rapidam coerceas. Ita redarguitur ipse a sese, convincunturque scripta eius probitate ipsius ac moribus. At quanta conantur! Mundum hunc omnem oppidum esse nostrum! Incendi igitur eos, qui audiunt, vides. Vide, ne magis, inquam, tuum fuerit, cum re idem tibi, quod mihi, videretur, non nova -> udp_client/src/main.rs-131
2022-05-20 03:46:05 - WARN: Wrote 610 bytes to file -> udp_client/src/main.rs-136
2022-05-20 03:46:05 - WARN: STREAM ID: 128 is FIN? false -> udp_client/src/main.rs-139
2022-05-20 03:46:05 - INFO: 657 bytes received from 127.0.0.1:4480 -> udp_client/src/main.rs-97
2022-05-20 03:46:05 - ERROR: STREAM_ID = 128 -> udp_client/src/main.rs-118
2022-05-20 03:46:05 - WARN: received 610 bytes -> udp_client/src/main.rs-125
2022-05-20 03:46:05 - INFO: stream 128 has 610 bytes (fin? false) -> udp_client/src/main.rs-129
2022-05-20 03:46:05 - INFO: Unsafe stream is  te rebus nomina inponere. Qui-vere falsone, quaerere mittimus-dicitur oculis se privasse; Si ista mala sunt, in quae potest incidere sapiens, sapientem esse non esse ad beate vivendum satis. At vero si ad vitem sensus accesserit, ut appetitum quendam habeat et per se ipsa moveatur, quid facturam putas?

Quem si tenueris, non modo meum Ciceronem, sed etiam me ipsum abducas licebit.
Stulti autem malorum memoria torquentur, sapientes bona praeterita grata recordatione renovata delectant.
Esse enim quam vellet iniquus iustus poterat inpune.
Quae autem natura suae primae institutionis oblita est?
Verum tame -> udp_client/src/main.rs-131
2022-05-20 03:46:05 - WARN: Wrote 610 bytes to file -> udp_client/src/main.rs-136
2022-05-20 03:46:05 - WARN: STREAM ID: 128 is FIN? false -> udp_client/src/main.rs-139
2022-05-20 03:46:05 - INFO: 657 bytes received from 127.0.0.1:4480 -> udp_client/src/main.rs-97
2022-05-20 03:46:05 - ERROR: STREAM_ID = 128 -> udp_client/src/main.rs-118
2022-05-20 03:46:05 - WARN: received 610 bytes -> udp_client/src/main.rs-125
2022-05-20 03:46:05 - INFO: stream 128 has 610 bytes (fin? false) -> udp_client/src/main.rs-129
2022-05-20 03:46:05 - INFO: Unsafe stream is n cum de rebus grandioribus dicas, ipsae res verba rapiunt;
Hoc est non modo cor non habere, sed ne palatum quidem.
Voluptatem cum summum bonum diceret, primum in eo ipso parum vidit, deinde hoc quoque alienum; Sed tu istuc dixti bene Latine, parum plane. Nam haec ipsa mihi erunt in promptu, quae modo audivi, nec ante aggrediar, quam te ab istis, quos dicis, instructum videro. Fatebuntur Stoici haec omnia dicta esse praeclare, neque eam causam Zenoni desciscendi fuisse. Non autem hoc: igitur ne illud quidem. Ratio quidem vestra sic cogit. Cum audissem Antiochum, Brute, ut solebam, cum M. An quod ita cal -> udp_client/src/main.rs-131
2022-05-20 03:46:05 - WARN: Wrote 610 bytes to file -> udp_client/src/main.rs-136
2022-05-20 03:46:05 - WARN: STREAM ID: 128 is FIN? false -> udp_client/src/main.rs-139
2022-05-20 03:46:05 - INFO: 657 bytes received from 127.0.0.1:4480 -> udp_client/src/main.rs-97
2022-05-20 03:46:05 - ERROR: STREAM_ID = 128 -> udp_client/src/main.rs-118
2022-05-20 03:46:05 - WARN: received 610 bytes -> udp_client/src/main.rs-125
2022-05-20 03:46:05 - INFO: stream 128 has 610 bytes (fin? false) -> udp_client/src/main.rs-129
2022-05-20 03:46:05 - INFO: Unsafe stream is lida est, ut optime possit architectari voluptates?

Idemne, quod iucunde?
Haec mihi videtur delicatior, ut ita dicam, molliorque ratio, quam virtutis vis gravitasque postulat. Sed quoniam et advesperascit et mihi ad villam revertendum est, nunc quidem hactenus; Cuius ad naturam apta ratio vera illa et summa lex a philosophis dicitur. Neque solum ea communia, verum etiam paria esse dixerunt. Sed nunc, quod agimus; A mene tu?
Quod equidem non reprehendo;
Lorem ipsum dolor sit amet, consectetur adipiscing elit. Quibus natura iure responderit non esse verum aliunde finem beate vivendi, a se principia rei g -> udp_client/src/main.rs-131
2022-05-20 03:46:05 - WARN: Wrote 610 bytes to file -> udp_client/src/main.rs-136
2022-05-20 03:46:05 - WARN: STREAM ID: 128 is FIN? false -> udp_client/src/main.rs-139
2022-05-20 03:46:05 - INFO: 657 bytes received from 127.0.0.1:4480 -> udp_client/src/main.rs-97
2022-05-20 03:46:05 - ERROR: STREAM_ID = 128 -> udp_client/src/main.rs-118
2022-05-20 03:46:05 - WARN: received 610 bytes -> udp_client/src/main.rs-125
2022-05-20 03:46:05 - INFO: stream 128 has 610 bytes (fin? false) -> udp_client/src/main.rs-129
2022-05-20 03:46:05 - INFO: Unsafe stream is erendae peti; Quae enim adhuc protulisti, popularia sunt, ego autem a te elegantiora desidero. Duo Reges: constructio interrete. Tum Lucius: Mihi vero ista valde probata sunt, quod item fratri puto. Bestiarum vero nullum iudicium puto. Nihil enim iam habes, quod ad corpus referas; Deinde prima illa, quae in congressu solemus: Quid tu, inquit, huc? Et homini, qui ceteris animantibus plurimum praestat, praecipue a natura nihil datum esse dicemus?

Iam id ipsum absurdum, maximum malum neglegi. Quod ea non occurrentia fingunt, vincunt Aristonem; Atqui perspicuum est hominem e corpore animoque constare, cum  -> udp_client/src/main.rs-131
2022-05-20 03:46:05 - WARN: Wrote 610 bytes to file -> udp_client/src/main.rs-136
2022-05-20 03:46:05 - WARN: STREAM ID: 128 is FIN? false -> udp_client/src/main.rs-139
2022-05-20 03:46:05 - INFO: 657 bytes received from 127.0.0.1:4480 -> udp_client/src/main.rs-97
2022-05-20 03:46:05 - ERROR: STREAM_ID = 128 -> udp_client/src/main.rs-118
2022-05-20 03:46:05 - WARN: received 610 bytes -> udp_client/src/main.rs-125
2022-05-20 03:46:05 - INFO: stream 128 has 610 bytes (fin? false) -> udp_client/src/main.rs-129
2022-05-20 03:46:05 - INFO: Unsafe stream is primae sint animi partes, secundae corporis. Fieri, inquam, Triari, nullo pacto potest, ut non dicas, quid non probes eius, a quo dissentias. Equidem e Cn. An dubium est, quin virtus ita maximam partem optineat in rebus humanis, ut reliquas obruat?

Quis istum dolorem timet?
Summus dolor plures dies manere non potest? Dicet pro me ipsa virtus nec dubitabit isti vestro beato M. Tubulum fuisse, qua illum, cuius is condemnatus est rogatione, P. Quod si ita sit, cur opera philosophiae sit danda nescio.

Ex eorum enim scriptis et institutis cum omnis doctrina liberalis, omnis historia.
Quod si ita est, sequi -> udp_client/src/main.rs-131
2022-05-20 03:46:05 - WARN: Wrote 610 bytes to file -> udp_client/src/main.rs-136
2022-05-20 03:46:05 - WARN: STREAM ID: 128 is FIN? false -> udp_client/src/main.rs-139
2022-05-20 03:46:05 - INFO: 657 bytes received from 127.0.0.1:4480 -> udp_client/src/main.rs-97
2022-05-20 03:46:05 - ERROR: STREAM_ID = 128 -> udp_client/src/main.rs-118
2022-05-20 03:46:05 - WARN: received 610 bytes -> udp_client/src/main.rs-125
2022-05-20 03:46:05 - INFO: stream 128 has 610 bytes (fin? false) -> udp_client/src/main.rs-129
2022-05-20 03:46:05 - INFO: Unsafe stream is tur id ipsum, quod te velle video, omnes semper beatos esse sapientes. Cum enim fertur quasi torrens oratio, quamvis multa cuiusque modi rapiat, nihil tamen teneas, nihil apprehendas, nusquam orationem rapidam coerceas. Ita redarguitur ipse a sese, convincunturque scripta eius probitate ipsius ac moribus. At quanta conantur! Mundum hunc omnem oppidum esse nostrum! Incendi igitur eos, qui audiunt, vides. Vide, ne magis, inquam, tuum fuerit, cum re idem tibi, quod mihi, videretur, non nova te rebus nomina inponere. Qui-vere falsone, quaerere mittimus-dicitur oculis se privasse; Si ista mala sunt, in quae  -> udp_client/src/main.rs-131
2022-05-20 03:46:05 - WARN: Wrote 610 bytes to file -> udp_client/src/main.rs-136
2022-05-20 03:46:05 - WARN: STREAM ID: 128 is FIN? false -> udp_client/src/main.rs-139
2022-05-20 03:46:05 - INFO: 657 bytes received from 127.0.0.1:4480 -> udp_client/src/main.rs-97
2022-05-20 03:46:05 - ERROR: STREAM_ID = 128 -> udp_client/src/main.rs-118
2022-05-20 03:46:05 - WARN: received 610 bytes -> udp_client/src/main.rs-125
2022-05-20 03:46:05 - INFO: stream 128 has 610 bytes (fin? false) -> udp_client/src/main.rs-129
2022-05-20 03:46:05 - INFO: Unsafe stream is potest incidere sapiens, sapientem esse non esse ad beate vivendum satis. At vero si ad vitem sensus accesserit, ut appetitum quendam habeat et per se ipsa moveatur, quid facturam putas?

Quem si tenueris, non modo meum Ciceronem, sed etiam me ipsum abducas licebit.
Stulti autem malorum memoria torquentur, sapientes bona praeterita grata recordatione renovata delectant.
Esse enim quam vellet iniquus iustus poterat inpune.
Quae autem natura suae primae institutionis oblita est?
Verum tamen cum de rebus grandioribus dicas, ipsae res verba rapiunt;
Hoc est non modo cor non habere, sed ne palatum quidem.
Vo -> udp_client/src/main.rs-131
2022-05-20 03:46:05 - WARN: Wrote 610 bytes to file -> udp_client/src/main.rs-136
2022-05-20 03:46:05 - WARN: STREAM ID: 128 is FIN? false -> udp_client/src/main.rs-139
2022-05-20 03:46:05 - INFO: 657 bytes received from 127.0.0.1:4480 -> udp_client/src/main.rs-97
2022-05-20 03:46:05 - ERROR: STREAM_ID = 128 -> udp_client/src/main.rs-118
2022-05-20 03:46:05 - WARN: received 610 bytes -> udp_client/src/main.rs-125
2022-05-20 03:46:05 - INFO: stream 128 has 610 bytes (fin? false) -> udp_client/src/main.rs-129
2022-05-20 03:46:05 - INFO: Unsafe stream is luptatem cum summum bonum diceret, primum in eo ipso parum vidit, deinde hoc quoque alienum; Sed tu istuc dixti bene Latine, parum plane. Nam haec ipsa mihi erunt in promptu, quae modo audivi, nec ante aggrediar, quam te ab istis, quos dicis, instructum videro. Fatebuntur Stoici haec omnia dicta esse praeclare, neque eam causam Zenoni desciscendi fuisse. Non autem hoc: igitur ne illud quidem. Ratio quidem vestra sic cogit. Cum audissem Antiochum, Brute, ut solebam, cum M. An quod ita callida est, ut optime possit architectari voluptates?

Idemne, quod iucunde?
Haec mihi videtur delicatior, ut ita dicam, -> udp_client/src/main.rs-131
2022-05-20 03:46:05 - WARN: Wrote 610 bytes to file -> udp_client/src/main.rs-136
2022-05-20 03:46:05 - WARN: STREAM ID: 128 is FIN? false -> udp_client/src/main.rs-139
2022-05-20 03:46:05 - INFO: 657 bytes received from 127.0.0.1:4480 -> udp_client/src/main.rs-97
2022-05-20 03:46:05 - ERROR: STREAM_ID = 128 -> udp_client/src/main.rs-118
2022-05-20 03:46:05 - WARN: received 610 bytes -> udp_client/src/main.rs-125
2022-05-20 03:46:05 - INFO: stream 128 has 610 bytes (fin? false) -> udp_client/src/main.rs-129
2022-05-20 03:46:05 - INFO: Unsafe stream is  molliorque ratio, quam virtutis vis gravitasque postulat. Sed quoniam et advesperascit et mihi ad villam revertendum est, nunc quidem hactenus; Cuius ad naturam apta ratio vera illa et summa lex a philosophis dicitur. Neque solum ea communia, verum etiam paria esse dixerunt. Sed nunc, quod agimus; A mene tu?
Quod equidem non reprehendo;
Lorem ipsum dolor sit amet, consectetur adipiscing elit. Quibus natura iure responderit non esse verum aliunde finem beate vivendi, a se principia rei gerendae peti; Quae enim adhuc protulisti, popularia sunt, ego autem a te elegantiora desidero. Duo Reges: constructio  -> udp_client/src/main.rs-131
2022-05-20 03:46:05 - WARN: Wrote 610 bytes to file -> udp_client/src/main.rs-136
2022-05-20 03:46:05 - WARN: STREAM ID: 128 is FIN? false -> udp_client/src/main.rs-139
2022-05-20 03:46:05 - INFO: 657 bytes received from 127.0.0.1:4480 -> udp_client/src/main.rs-97
2022-05-20 03:46:05 - ERROR: STREAM_ID = 128 -> udp_client/src/main.rs-118
2022-05-20 03:46:05 - WARN: received 610 bytes -> udp_client/src/main.rs-125
2022-05-20 03:46:05 - INFO: stream 128 has 610 bytes (fin? false) -> udp_client/src/main.rs-129
2022-05-20 03:46:05 - INFO: Unsafe stream is interrete. Tum Lucius: Mihi vero ista valde probata sunt, quod item fratri puto. Bestiarum vero nullum iudicium puto. Nihil enim iam habes, quod ad corpus referas; Deinde prima illa, quae in congressu solemus: Quid tu, inquit, huc? Et homini, qui ceteris animantibus plurimum praestat, praecipue a natura nihil datum esse dicemus?

Iam id ipsum absurdum, maximum malum neglegi. Quod ea non occurrentia fingunt, vincunt Aristonem; Atqui perspicuum est hominem e corpore animoque constare, cum primae sint animi partes, secundae corporis. Fieri, inquam, Triari, nullo pacto potest, ut non dicas, quid non probes  -> udp_client/src/main.rs-131
2022-05-20 03:46:05 - WARN: Wrote 610 bytes to file -> udp_client/src/main.rs-136
2022-05-20 03:46:05 - WARN: STREAM ID: 128 is FIN? false -> udp_client/src/main.rs-139
2022-05-20 03:46:05 - INFO: Sending 44, with info: SendInfo { to: 127.0.0.1:4480, at: Instant { t: 282927478327294 } } -> udp_client/src/main.rs-74
2022-05-20 03:46:05 - INFO: 657 bytes received from 127.0.0.1:4480 -> udp_client/src/main.rs-97
2022-05-20 03:46:05 - ERROR: STREAM_ID = 128 -> udp_client/src/main.rs-118
2022-05-20 03:46:05 - WARN: received 610 bytes -> udp_client/src/main.rs-125
2022-05-20 03:46:05 - INFO: stream 128 has 610 bytes (fin? false) -> udp_client/src/main.rs-129
2022-05-20 03:46:05 - INFO: Unsafe stream is eius, a quo dissentias. Equidem e Cn. An dubium est, quin virtus ita maximam partem optineat in rebus humanis, ut reliquas obruat?

Quis istum dolorem timet?
Summus dolor plures dies manere non potest? Dicet pro me ipsa virtus nec dubitabit isti vestro beato M. Tubulum fuisse, qua illum, cuius is condemnatus est rogatione, P. Quod si ita sit, cur opera philosophiae sit danda nescio.

Ex eorum enim scriptis et institutis cum omnis doctrina liberalis, omnis historia.
Quod si ita est, sequitur id ipsum, quod te velle video, omnes semper beatos esse sapientes. Cum enim fertur quasi torrens oratio, quamvis m -> udp_client/src/main.rs-131
2022-05-20 03:46:05 - WARN: Wrote 610 bytes to file -> udp_client/src/main.rs-136
2022-05-20 03:46:05 - WARN: STREAM ID: 128 is FIN? false -> udp_client/src/main.rs-139
2022-05-20 03:46:05 - INFO: 657 bytes received from 127.0.0.1:4480 -> udp_client/src/main.rs-97
2022-05-20 03:46:05 - ERROR: STREAM_ID = 128 -> udp_client/src/main.rs-118
2022-05-20 03:46:05 - WARN: received 610 bytes -> udp_client/src/main.rs-125
2022-05-20 03:46:05 - INFO: stream 128 has 610 bytes (fin? false) -> udp_client/src/main.rs-129
2022-05-20 03:46:05 - INFO: Unsafe stream is ulta cuiusque modi rapiat, nihil tamen teneas, nihil apprehendas, nusquam orationem rapidam coerceas. Ita redarguitur ipse a sese, convincunturque scripta eius probitate ipsius ac moribus. At quanta conantur! Mundum hunc omnem oppidum esse nostrum! Incendi igitur eos, qui audiunt, vides. Vide, ne magis, inquam, tuum fuerit, cum re idem tibi, quod mihi, videretur, non nova te rebus nomina inponere. Qui-vere falsone, quaerere mittimus-dicitur oculis se privasse; Si ista mala sunt, in quae potest incidere sapiens, sapientem esse non esse ad beate vivendum satis. At vero si ad vitem sensus accesserit, ut ap -> udp_client/src/main.rs-131
2022-05-20 03:46:05 - WARN: Wrote 610 bytes to file -> udp_client/src/main.rs-136
2022-05-20 03:46:05 - WARN: STREAM ID: 128 is FIN? false -> udp_client/src/main.rs-139
2022-05-20 03:46:05 - INFO: 657 bytes received from 127.0.0.1:4480 -> udp_client/src/main.rs-97
2022-05-20 03:46:05 - ERROR: STREAM_ID = 128 -> udp_client/src/main.rs-118
2022-05-20 03:46:05 - WARN: received 610 bytes -> udp_client/src/main.rs-125
2022-05-20 03:46:05 - INFO: stream 128 has 610 bytes (fin? false) -> udp_client/src/main.rs-129
2022-05-20 03:46:05 - INFO: Unsafe stream is petitum quendam habeat et per se ipsa moveatur, quid facturam putas?

Quem si tenueris, non modo meum Ciceronem, sed etiam me ipsum abducas licebit.
Stulti autem malorum memoria torquentur, sapientes bona praeterita grata recordatione renovata delectant.
Esse enim quam vellet iniquus iustus poterat inpune.
Quae autem natura suae primae institutionis oblita est?
Verum tamen cum de rebus grandioribus dicas, ipsae res verba rapiunt;
Hoc est non modo cor non habere, sed ne palatum quidem.
Voluptatem cum summum bonum diceret, primum in eo ipso parum vidit, deinde hoc quoque alienum; Sed tu istuc dixti bene L -> udp_client/src/main.rs-131
2022-05-20 03:46:05 - WARN: Wrote 610 bytes to file -> udp_client/src/main.rs-136
2022-05-20 03:46:05 - WARN: STREAM ID: 128 is FIN? false -> udp_client/src/main.rs-139
2022-05-20 03:46:05 - INFO: 657 bytes received from 127.0.0.1:4480 -> udp_client/src/main.rs-97
2022-05-20 03:46:05 - ERROR: STREAM_ID = 128 -> udp_client/src/main.rs-118
2022-05-20 03:46:05 - WARN: received 610 bytes -> udp_client/src/main.rs-125
2022-05-20 03:46:05 - INFO: stream 128 has 610 bytes (fin? false) -> udp_client/src/main.rs-129
2022-05-20 03:46:05 - INFO: Unsafe stream is atine, parum plane. Nam haec ipsa mihi erunt in promptu, quae modo audivi, nec ante aggrediar, quam te ab istis, quos dicis, instructum videro. Fatebuntur Stoici haec omnia dicta esse praeclare, neque eam causam Zenoni desciscendi fuisse. Non autem hoc: igitur ne illud quidem. Ratio quidem vestra sic cogit. Cum audissem Antiochum, Brute, ut solebam, cum M. An quod ita callida est, ut optime possit architectari voluptates?

Idemne, quod iucunde?
Haec mihi videtur delicatior, ut ita dicam, molliorque ratio, quam virtutis vis gravitasque postulat. Sed quoniam et advesperascit et mihi ad villam revertendum  -> udp_client/src/main.rs-131
2022-05-20 03:46:05 - WARN: Wrote 610 bytes to file -> udp_client/src/main.rs-136
2022-05-20 03:46:05 - WARN: STREAM ID: 128 is FIN? false -> udp_client/src/main.rs-139
2022-05-20 03:46:05 - INFO: 657 bytes received from 127.0.0.1:4480 -> udp_client/src/main.rs-97
2022-05-20 03:46:05 - ERROR: STREAM_ID = 128 -> udp_client/src/main.rs-118
2022-05-20 03:46:05 - WARN: received 610 bytes -> udp_client/src/main.rs-125
2022-05-20 03:46:05 - INFO: stream 128 has 610 bytes (fin? false) -> udp_client/src/main.rs-129
2022-05-20 03:46:05 - INFO: Unsafe stream is est, nunc quidem hactenus; Cuius ad naturam apta ratio vera illa et summa lex a philosophis dicitur. Neque solum ea communia, verum etiam paria esse dixerunt. Sed nunc, quod agimus; A mene tu?
Quod equidem non reprehendo;
Lorem ipsum dolor sit amet, consectetur adipiscing elit. Quibus natura iure responderit non esse verum aliunde finem beate vivendi, a se principia rei gerendae peti; Quae enim adhuc protulisti, popularia sunt, ego autem a te elegantiora desidero. Duo Reges: constructio interrete. Tum Lucius: Mihi vero ista valde probata sunt, quod item fratri puto. Bestiarum vero nullum iudicium puto.  -> udp_client/src/main.rs-131
2022-05-20 03:46:05 - WARN: Wrote 610 bytes to file -> udp_client/src/main.rs-136
2022-05-20 03:46:05 - WARN: STREAM ID: 128 is FIN? false -> udp_client/src/main.rs-139
2022-05-20 03:46:05 - INFO: Sending 44, with info: SendInfo { to: 127.0.0.1:4480, at: Instant { t: 282927483930033 } } -> udp_client/src/main.rs-74
2022-05-20 03:46:05 - INFO: 657 bytes received from 127.0.0.1:4480 -> udp_client/src/main.rs-97
2022-05-20 03:46:05 - ERROR: STREAM_ID = 128 -> udp_client/src/main.rs-118
2022-05-20 03:46:05 - WARN: received 610 bytes -> udp_client/src/main.rs-125
2022-05-20 03:46:05 - INFO: stream 128 has 610 bytes (fin? false) -> udp_client/src/main.rs-129
2022-05-20 03:46:05 - INFO: Unsafe stream is Nihil enim iam habes, quod ad corpus referas; Deinde prima illa, quae in congressu solemus: Quid tu, inquit, huc? Et homini, qui ceteris animantibus plurimum praestat, praecipue a natura nihil datum esse dicemus?

Iam id ipsum absurdum, maximum malum neglegi. Quod ea non occurrentia fingunt, vincunt Aristonem; Atqui perspicuum est hominem e corpore animoque constare, cum primae sint animi partes, secundae corporis. Fieri, inquam, Triari, nullo pacto potest, ut non dicas, quid non probes eius, a quo dissentias. Equidem e Cn. An dubium est, quin virtus ita maximam partem optineat in rebus humanis, ut reli -> udp_client/src/main.rs-131
2022-05-20 03:46:05 - WARN: Wrote 610 bytes to file -> udp_client/src/main.rs-136
2022-05-20 03:46:05 - WARN: STREAM ID: 128 is FIN? false -> udp_client/src/main.rs-139
2022-05-20 03:46:05 - INFO: 618 bytes received from 127.0.0.1:4480 -> udp_client/src/main.rs-97
2022-05-20 03:46:05 - ERROR: STREAM_ID = 128 -> udp_client/src/main.rs-118
2022-05-20 03:46:05 - WARN: received 571 bytes -> udp_client/src/main.rs-125
2022-05-20 03:46:05 - INFO: stream 128 has 571 bytes (fin? false) -> udp_client/src/main.rs-129
2022-05-20 03:46:05 - INFO: Unsafe stream is quas obruat?

Quis istum dolorem timet?
Summus dolor plures dies manere non potest? Dicet pro me ipsa virtus nec dubitabit isti vestro beato M. Tubulum fuisse, qua illum, cuius is condemnatus est rogatione, P. Quod si ita sit, cur opera philosophiae sit danda nescio.

Ex eorum enim scriptis et institutis cum omnis doctrina liberalis, omnis historia.
Quod si ita est, sequitur id ipsum, quod te velle video, omnes semper beatos esse sapientes. Cum enim fertur quasi torrens oratio, quamvis multa cuiusque modi rapiat, nihil tamen teneas, nihil apprehendas, nusquam orati -> udp_client/src/main.rs-131
2022-05-20 03:46:05 - WARN: Wrote 571 bytes to file -> udp_client/src/main.rs-136
2022-05-20 03:46:05 - WARN: STREAM ID: 128 is FIN? false -> udp_client/src/main.rs-139
2022-05-20 03:46:05 - INFO: Sending 44, with info: SendInfo { to: 127.0.0.1:4480, at: Instant { t: 282927485481568 } } -> udp_client/src/main.rs-74
2022-05-20 03:46:22 - INFO: Sending 1200, with info: SendInfo { to: 127.0.0.1:4480, at: Instant { t: 282943936488540 } } -> udp_client/src/main.rs-74
2022-05-20 03:46:22 - INFO: 89 bytes received from 127.0.0.1:4480 -> udp_client/src/main.rs-97
2022-05-20 03:46:22 - INFO: Sending 1200, with info: SendInfo { to: 127.0.0.1:4480, at: Instant { t: 282943938051682 } } -> udp_client/src/main.rs-74
2022-05-20 03:46:22 - INFO: 1200 bytes received from 127.0.0.1:4480 -> udp_client/src/main.rs-97
2022-05-20 03:46:22 - INFO: 709 bytes received from 127.0.0.1:4480 -> udp_client/src/main.rs-97
2022-05-20 03:46:22 - ERROR: sending HTTP request for 127.0.0.1:4480 -> udp_client/src/main.rs-101
2022-05-20 03:46:22 - INFO: 12000 bytes sent in stream -> udp_client/src/main.rs-110
2022-05-20 03:46:22 - INFO: Sending 1200, with info: SendInfo { to: 127.0.0.1:4480, at: Instant { t: 282943942480799 } } -> udp_client/src/main.rs-74
2022-05-20 03:46:22 - INFO: Sending 1200, with info: SendInfo { to: 127.0.0.1:4480, at: Instant { t: 282943942680632 } } -> udp_client/src/main.rs-74
2022-05-20 03:46:22 - INFO: Sending 1200, with info: SendInfo { to: 127.0.0.1:4480, at: Instant { t: 282943942822127 } } -> udp_client/src/main.rs-74
2022-05-20 03:46:22 - INFO: Sending 1200, with info: SendInfo { to: 127.0.0.1:4480, at: Instant { t: 282943942958191 } } -> udp_client/src/main.rs-74
2022-05-20 03:46:22 - INFO: Sending 1200, with info: SendInfo { to: 127.0.0.1:4480, at: Instant { t: 282943943088700 } } -> udp_client/src/main.rs-74
2022-05-20 03:46:22 - INFO: Sending 1200, with info: SendInfo { to: 127.0.0.1:4480, at: Instant { t: 282943943226872 } } -> udp_client/src/main.rs-74
2022-05-20 03:46:22 - INFO: Sending 1200, with info: SendInfo { to: 127.0.0.1:4480, at: Instant { t: 282943943356807 } } -> udp_client/src/main.rs-74
2022-05-20 03:46:22 - INFO: Sending 1200, with info: SendInfo { to: 127.0.0.1:4480, at: Instant { t: 282943943493009 } } -> udp_client/src/main.rs-74
2022-05-20 03:46:22 - INFO: Sending 1200, with info: SendInfo { to: 127.0.0.1:4480, at: Instant { t: 282943944256329 } } -> udp_client/src/main.rs-74
2022-05-20 03:46:22 - INFO: Sending 1200, with info: SendInfo { to: 127.0.0.1:4480, at: Instant { t: 282943944451199 } } -> udp_client/src/main.rs-74
2022-05-20 03:46:22 - INFO: Sending 99, with info: SendInfo { to: 127.0.0.1:4480, at: Instant { t: 282943944587353 } } -> udp_client/src/main.rs-74
2022-05-20 03:46:22 - INFO: 1200 bytes received from 127.0.0.1:4480 -> udp_client/src/main.rs-97
2022-05-20 03:46:22 - ERROR: STREAM_ID = 128 -> udp_client/src/main.rs-118
2022-05-20 03:46:22 - WARN: received 629 bytes -> udp_client/src/main.rs-125
2022-05-20 03:46:22 - INFO: stream 128 has 629 bytes (fin? false) -> udp_client/src/main.rs-129
2022-05-20 03:46:22 - INFO: Unsafe stream is Quod equidem non reprehendo;
Lorem ipsum dolor sit amet, consectetur adipiscing elit. Quibus natura iure responderit non esse verum aliunde finem beate vivendi, a se principia rei gerendae peti; Quae enim adhuc protulisti, popularia sunt, ego autem a te elegantiora desidero. Duo Reges: constructio interrete. Tum Lucius: Mihi vero ista valde probata sunt, quod item fratri puto. Bestiarum vero nullum iudicium puto. Nihil enim iam habes, quod ad corpus referas; Deinde prima illa, quae in congressu solemus: Quid tu, inquit, huc? Et homini, qui ceteris animantibus plurimum praestat, praecipue a natura nihil datum esse dicemus? -> udp_client/src/main.rs-131
2022-05-20 03:46:22 - WARN: Wrote 629 bytes to file -> udp_client/src/main.rs-136
2022-05-20 03:46:22 - WARN: STREAM ID: 128 is FIN? false -> udp_client/src/main.rs-139
2022-05-20 03:46:22 - INFO: Sending 657, with info: SendInfo { to: 127.0.0.1:4480, at: Instant { t: 282943949443613 } } -> udp_client/src/main.rs-74
2022-05-20 03:46:22 - INFO: 1200 bytes received from 127.0.0.1:4480 -> udp_client/src/main.rs-97
2022-05-20 03:46:22 - ERROR: STREAM_ID = 128 -> udp_client/src/main.rs-118
2022-05-20 03:46:22 - WARN: received 1155 bytes -> udp_client/src/main.rs-125
2022-05-20 03:46:22 - INFO: stream 128 has 1155 bytes (fin? false) -> udp_client/src/main.rs-129
2022-05-20 03:46:22 - INFO: Unsafe stream is 

Iam id ipsum absurdum, maximum malum neglegi. Quod ea non occurrentia fingunt, vincunt Aristonem; Atqui perspicuum est hominem e corpore animoque constare, cum primae sint animi partes, secundae corporis. Fieri, inquam, Triari, nullo pacto potest, ut non dicas, quid non probes eius, a quo dissentias. Equidem e Cn. An dubium est, quin virtus ita maximam partem optineat in rebus humanis, ut reliquas obruat?

Quis istum dolorem timet?
Summus dolor plures dies manere non potest? Dicet pro me ipsa virtus nec dubitabit isti vestro beato M. Tubulum fuisse, qua illum, cuius is condemnatus est rogatione, P. Quod si ita sit, cur opera philosophiae sit danda nescio.

Ex eorum enim scriptis et institutis cum omnis doctrina liberalis, omnis historia.
Quod si ita est, sequitur id ipsum, quod te velle video, omnes semper beatos esse sapientes. Cum enim fertur quasi torrens oratio, quamvis multa cuiusque modi rapiat, nihil tamen teneas, nihil apprehendas, nusquam orationem rapidam coerceas. Ita redarguitur ipse a sese, convincunturque scripta eius probitate ipsius ac moribus. At quanta conantur! Mundum hunc omnem oppidum esse nostrum! Incendi igitur e -> udp_client/src/main.rs-131
2022-05-20 03:46:22 - WARN: Wrote 1155 bytes to file -> udp_client/src/main.rs-136
2022-05-20 03:46:22 - WARN: STREAM ID: 128 is FIN? false -> udp_client/src/main.rs-139
2022-05-20 03:46:22 - INFO: 1200 bytes received from 127.0.0.1:4480 -> udp_client/src/main.rs-97
2022-05-20 03:46:22 - ERROR: STREAM_ID = 128 -> udp_client/src/main.rs-118
2022-05-20 03:46:22 - WARN: received 1155 bytes -> udp_client/src/main.rs-125
2022-05-20 03:46:22 - INFO: stream 128 has 1155 bytes (fin? false) -> udp_client/src/main.rs-129
2022-05-20 03:46:22 - INFO: Unsafe stream is os, qui audiunt, vides. Vide, ne magis, inquam, tuum fuerit, cum re idem tibi, quod mihi, videretur, non nova te rebus nomina inponere. Qui-vere falsone, quaerere mittimus-dicitur oculis se privasse; Si ista mala sunt, in quae potest incidere sapiens, sapientem esse non esse ad beate vivendum satis. At vero si ad vitem sensus accesserit, ut appetitum quendam habeat et per se ipsa moveatur, quid facturam putas?

Quem si tenueris, non modo meum Ciceronem, sed etiam me ipsum abducas licebit.
Stulti autem malorum memoria torquentur, sapientes bona praeterita grata recordatione renovata delectant.
Esse enim quam vellet iniquus iustus poterat inpune.
Quae autem natura suae primae institutionis oblita est?
Verum tamen cum de rebus grandioribus dicas, ipsae res verba rapiunt;
Hoc est non modo cor non habere, sed ne palatum quidem.
Voluptatem cum summum bonum diceret, primum in eo ipso parum vidit, deinde hoc quoque alienum; Sed tu istuc dixti bene Latine, parum plane. Nam haec ipsa mihi erunt in promptu, quae modo audivi, nec ante aggrediar, quam te ab istis, quos dicis, instructum videro. Fatebuntur Stoici haec omnia dicta esse praeclare, neque -> udp_client/src/main.rs-131
2022-05-20 03:46:22 - WARN: Wrote 1155 bytes to file -> udp_client/src/main.rs-136
2022-05-20 03:46:22 - WARN: STREAM ID: 128 is FIN? false -> udp_client/src/main.rs-139
2022-05-20 03:46:22 - INFO: Sending 44, with info: SendInfo { to: 127.0.0.1:4480, at: Instant { t: 282943951871451 } } -> udp_client/src/main.rs-74
2022-05-20 03:46:22 - INFO: 1200 bytes received from 127.0.0.1:4480 -> udp_client/src/main.rs-97
2022-05-20 03:46:22 - ERROR: STREAM_ID = 128 -> udp_client/src/main.rs-118
2022-05-20 03:46:22 - WARN: received 1155 bytes -> udp_client/src/main.rs-125
2022-05-20 03:46:22 - INFO: stream 128 has 1155 bytes (fin? false) -> udp_client/src/main.rs-129
2022-05-20 03:46:22 - INFO: Unsafe stream is  eam causam Zenoni desciscendi fuisse. Non autem hoc: igitur ne illud quidem. Ratio quidem vestra sic cogit. Cum audissem Antiochum, Brute, ut solebam, cum M. An quod ita callida est, ut optime possit architectari voluptates?

Idemne, quod iucunde?
Haec mihi videtur delicatior, ut ita dicam, molliorque ratio, quam virtutis vis gravitasque postulat. Sed quoniam et advesperascit et mihi ad villam revertendum est, nunc quidem hactenus; Cuius ad naturam apta ratio vera illa et summa lex a philosophis dicitur. Neque solum ea communia, verum etiam paria esse dixerunt. Sed nunc, quod agimus; A mene tu?
Quod equidem non reprehendo;
Lorem ipsum dolor sit amet, consectetur adipiscing elit. Quibus natura iure responderit non esse verum aliunde finem beate vivendi, a se principia rei gerendae peti; Quae enim adhuc protulisti, popularia sunt, ego autem a te elegantiora desidero. Duo Reges: constructio interrete. Tum Lucius: Mihi vero ista valde probata sunt, quod item fratri puto. Bestiarum vero nullum iudicium puto. Nihil enim iam habes, quod ad corpus referas; Deinde prima illa, quae in congressu solemus: Quid tu, inquit, huc? Et homini, qui ceteri -> udp_client/src/main.rs-131
2022-05-20 03:46:22 - WARN: Wrote 1155 bytes to file -> udp_client/src/main.rs-136
2022-05-20 03:46:22 - WARN: STREAM ID: 128 is FIN? false -> udp_client/src/main.rs-139
2022-05-20 03:46:22 - INFO: 1200 bytes received from 127.0.0.1:4480 -> udp_client/src/main.rs-97
2022-05-20 03:46:22 - ERROR: STREAM_ID = 128 -> udp_client/src/main.rs-118
2022-05-20 03:46:22 - WARN: received 1155 bytes -> udp_client/src/main.rs-125
2022-05-20 03:46:22 - INFO: stream 128 has 1155 bytes (fin? false) -> udp_client/src/main.rs-129
2022-05-20 03:46:22 - INFO: Unsafe stream is s animantibus plurimum praestat, praecipue a natura nihil datum esse dicemus?

Iam id ipsum absurdum, maximum malum neglegi. Quod ea non occurrentia fingunt, vincunt Aristonem; Atqui perspicuum est hominem e corpore animoque constare, cum primae sint animi partes, secundae corporis. Fieri, inquam, Triari, nullo pacto potest, ut non dicas, quid non probes eius, a quo dissentias. Equidem e Cn. An dubium est, quin virtus ita maximam partem optineat in rebus humanis, ut reliquas obruat?

Quis istum dolorem timet?
Summus dolor plures dies manere non potest? Dicet pro me ipsa virtus nec dubitabit isti vestro beato M. Tubulum fuisse, qua illum, cuius is condemnatus est rogatione, P. Quod si ita sit, cur opera philosophiae sit danda nescio.

Ex eorum enim scriptis et institutis cum omnis doctrina liberalis, omnis historia.
Quod si ita est, sequitur id ipsum, quod te velle video, omnes semper beatos esse sapientes. Cum enim fertur quasi torrens oratio, quamvis multa cuiusque modi rapiat, nihil tamen teneas, nihil apprehendas, nusquam orationem rapidam coerceas. Ita redarguitur ipse a sese, convincunturque scripta eius probitate ipsius ac moribus. -> udp_client/src/main.rs-131
2022-05-20 03:46:22 - WARN: Wrote 1155 bytes to file -> udp_client/src/main.rs-136
2022-05-20 03:46:22 - WARN: STREAM ID: 128 is FIN? false -> udp_client/src/main.rs-139
2022-05-20 03:46:22 - INFO: 1200 bytes received from 127.0.0.1:4480 -> udp_client/src/main.rs-97
2022-05-20 03:46:22 - ERROR: STREAM_ID = 128 -> udp_client/src/main.rs-118
2022-05-20 03:46:22 - WARN: received 1155 bytes -> udp_client/src/main.rs-125
2022-05-20 03:46:22 - INFO: stream 128 has 1155 bytes (fin? false) -> udp_client/src/main.rs-129
2022-05-20 03:46:22 - INFO: Unsafe stream is  At quanta conantur! Mundum hunc omnem oppidum esse nostrum! Incendi igitur eos, qui audiunt, vides. Vide, ne magis, inquam, tuum fuerit, cum re idem tibi, quod mihi, videretur, non nova te rebus nomina inponere. Qui-vere falsone, quaerere mittimus-dicitur oculis se privasse; Si ista mala sunt, in quae potest incidere sapiens, sapientem esse non esse ad beate vivendum satis. At vero si ad vitem sensus accesserit, ut appetitum quendam habeat et per se ipsa moveatur, quid facturam putas?

Quem si tenueris, non modo meum Ciceronem, sed etiam me ipsum abducas licebit.
Stulti autem malorum memoria torquentur, sapientes bona praeterita grata recordatione renovata delectant.
Esse enim quam vellet iniquus iustus poterat inpune.
Quae autem natura suae primae institutionis oblita est?
Verum tamen cum de rebus grandioribus dicas, ipsae res verba rapiunt;
Hoc est non modo cor non habere, sed ne palatum quidem.
Voluptatem cum summum bonum diceret, primum in eo ipso parum vidit, deinde hoc quoque alienum; Sed tu istuc dixti bene Latine, parum plane. Nam haec ipsa mihi erunt in promptu, quae modo audivi, nec ante aggrediar, quam te ab istis, quos dicis -> udp_client/src/main.rs-131
2022-05-20 03:46:22 - WARN: Wrote 1155 bytes to file -> udp_client/src/main.rs-136
2022-05-20 03:46:22 - WARN: STREAM ID: 128 is FIN? false -> udp_client/src/main.rs-139
2022-05-20 03:46:22 - INFO: Sending 44, with info: SendInfo { to: 127.0.0.1:4480, at: Instant { t: 282943962891107 } } -> udp_client/src/main.rs-74
2022-05-20 03:46:22 - INFO: 1200 bytes received from 127.0.0.1:4480 -> udp_client/src/main.rs-97
2022-05-20 03:46:22 - ERROR: STREAM_ID = 128 -> udp_client/src/main.rs-118
2022-05-20 03:46:22 - WARN: received 1155 bytes -> udp_client/src/main.rs-125
2022-05-20 03:46:22 - INFO: stream 128 has 1155 bytes (fin? false) -> udp_client/src/main.rs-129
2022-05-20 03:46:22 - INFO: Unsafe stream is , instructum videro. Fatebuntur Stoici haec omnia dicta esse praeclare, neque eam causam Zenoni desciscendi fuisse. Non autem hoc: igitur ne illud quidem. Ratio quidem vestra sic cogit. Cum audissem Antiochum, Brute, ut solebam, cum M. An quod ita callida est, ut optime possit architectari voluptates?

Idemne, quod iucunde?
Haec mihi videtur delicatior, ut ita dicam, molliorque ratio, quam virtutis vis gravitasque postulat. Sed quoniam et advesperascit et mihi ad villam revertendum est, nunc quidem hactenus; Cuius ad naturam apta ratio vera illa et summa lex a philosophis dicitur. Neque solum ea communia, verum etiam paria esse dixerunt. Sed nunc, quod agimus; A mene tu?
Quod equidem non reprehendo;
Lorem ipsum dolor sit amet, consectetur adipiscing elit. Quibus natura iure responderit non esse verum aliunde finem beate vivendi, a se principia rei gerendae peti; Quae enim adhuc protulisti, popularia sunt, ego autem a te elegantiora desidero. Duo Reges: constructio interrete. Tum Lucius: Mihi vero ista valde probata sunt, quod item fratri puto. Bestiarum vero nullum iudicium puto. Nihil enim iam habes, quod ad corpus referas; Deinde prima -> udp_client/src/main.rs-131
2022-05-20 03:46:22 - WARN: Wrote 1155 bytes to file -> udp_client/src/main.rs-136
2022-05-20 03:46:22 - WARN: STREAM ID: 128 is FIN? false -> udp_client/src/main.rs-139
2022-05-20 03:46:22 - INFO: Sending 44, with info: SendInfo { to: 127.0.0.1:4480, at: Instant { t: 282943964582355 } } -> udp_client/src/main.rs-74
2022-05-20 03:46:22 - INFO: 1200 bytes received from 127.0.0.1:4480 -> udp_client/src/main.rs-97
2022-05-20 03:46:22 - ERROR: STREAM_ID = 128 -> udp_client/src/main.rs-118
2022-05-20 03:46:22 - WARN: received 1155 bytes -> udp_client/src/main.rs-125
2022-05-20 03:46:22 - INFO: stream 128 has 1155 bytes (fin? false) -> udp_client/src/main.rs-129
2022-05-20 03:46:22 - INFO: Unsafe stream is  illa, quae in congressu solemus: Quid tu, inquit, huc? Et homini, qui ceteris animantibus plurimum praestat, praecipue a natura nihil datum esse dicemus?

Iam id ipsum absurdum, maximum malum neglegi. Quod ea non occurrentia fingunt, vincunt Aristonem; Atqui perspicuum est hominem e corpore animoque constare, cum primae sint animi partes, secundae corporis. Fieri, inquam, Triari, nullo pacto potest, ut non dicas, quid non probes eius, a quo dissentias. Equidem e Cn. An dubium est, quin virtus ita maximam partem optineat in rebus humanis, ut reliquas obruat?

Quis istum dolorem timet?
Summus dolor plures dies manere non potest? Dicet pro me ipsa virtus nec dubitabit isti vestro beato M. Tubulum fuisse, qua illum, cuius is condemnatus est rogatione, P. Quod si ita sit, cur opera philosophiae sit danda nescio.

Ex eorum enim scriptis et institutis cum omnis doctrina liberalis, omnis historia.
Quod si ita est, sequitur id ipsum, quod te velle video, omnes semper beatos esse sapientes. Cum enim fertur quasi torrens oratio, quamvis multa cuiusque modi rapiat, nihil tamen teneas, nihil apprehendas, nusquam orationem rapidam coerceas. Ita redar -> udp_client/src/main.rs-131
2022-05-20 03:46:22 - WARN: Wrote 1155 bytes to file -> udp_client/src/main.rs-136
2022-05-20 03:46:22 - WARN: STREAM ID: 128 is FIN? false -> udp_client/src/main.rs-139
2022-05-20 03:46:22 - INFO: 1200 bytes received from 127.0.0.1:4480 -> udp_client/src/main.rs-97
2022-05-20 03:46:22 - ERROR: STREAM_ID = 128 -> udp_client/src/main.rs-118
2022-05-20 03:46:22 - WARN: received 1155 bytes -> udp_client/src/main.rs-125
2022-05-20 03:46:22 - INFO: stream 128 has 1155 bytes (fin? false) -> udp_client/src/main.rs-129
2022-05-20 03:46:22 - INFO: Unsafe stream is guitur ipse a sese, convincunturque scripta eius probitate ipsius ac moribus. At quanta conantur! Mundum hunc omnem oppidum esse nostrum! Incendi igitur eos, qui audiunt, vides. Vide, ne magis, inquam, tuum fuerit, cum re idem tibi, quod mihi, videretur, non nova te rebus nomina inponere. Qui-vere falsone, quaerere mittimus-dicitur oculis se privasse; Si ista mala sunt, in quae potest incidere sapiens, sapientem esse non esse ad beate vivendum satis. At vero si ad vitem sensus accesserit, ut appetitum quendam habeat et per se ipsa moveatur, quid facturam putas?

Quem si tenueris, non modo meum Ciceronem, sed etiam me ipsum abducas licebit.
Stulti autem malorum memoria torquentur, sapientes bona praeterita grata recordatione renovata delectant.
Esse enim quam vellet iniquus iustus poterat inpune.
Quae autem natura suae primae institutionis oblita est?
Verum tamen cum de rebus grandioribus dicas, ipsae res verba rapiunt;
Hoc est non modo cor non habere, sed ne palatum quidem.
Voluptatem cum summum bonum diceret, primum in eo ipso parum vidit, deinde hoc quoque alienum; Sed tu istuc dixti bene Latine, parum plane. Nam haec ipsa mihi erunt i -> udp_client/src/main.rs-131
2022-05-20 03:46:22 - WARN: Wrote 1155 bytes to file -> udp_client/src/main.rs-136
2022-05-20 03:46:22 - WARN: STREAM ID: 128 is FIN? false -> udp_client/src/main.rs-139
2022-05-20 03:46:22 - INFO: Sending 44, with info: SendInfo { to: 127.0.0.1:4480, at: Instant { t: 282943966910004 } } -> udp_client/src/main.rs-74
2022-05-20 03:46:22 - INFO: 1200 bytes received from 127.0.0.1:4480 -> udp_client/src/main.rs-97
2022-05-20 03:46:22 - ERROR: STREAM_ID = 128 -> udp_client/src/main.rs-118
2022-05-20 03:46:22 - WARN: received 1155 bytes -> udp_client/src/main.rs-125
2022-05-20 03:46:22 - INFO: stream 128 has 1155 bytes (fin? false) -> udp_client/src/main.rs-129
2022-05-20 03:46:22 - INFO: Unsafe stream is n promptu, quae modo audivi, nec ante aggrediar, quam te ab istis, quos dicis, instructum videro. Fatebuntur Stoici haec omnia dicta esse praeclare, neque eam causam Zenoni desciscendi fuisse. Non autem hoc: igitur ne illud quidem. Ratio quidem vestra sic cogit. Cum audissem Antiochum, Brute, ut solebam, cum M. An quod ita callida est, ut optime possit architectari voluptates?

Idemne, quod iucunde?
Haec mihi videtur delicatior, ut ita dicam, molliorque ratio, quam virtutis vis gravitasque postulat. Sed quoniam et advesperascit et mihi ad villam revertendum est, nunc quidem hactenus; Cuius ad naturam apta ratio vera illa et summa lex a philosophis dicitur. Neque solum ea communia, verum etiam paria esse dixerunt. Sed nunc, quod agimus; A mene tu?
Quod equidem non reprehendo;
Lorem ipsum dolor sit amet, consectetur adipiscing elit. Quibus natura iure responderit non esse verum aliunde finem beate vivendi, a se principia rei gerendae peti; Quae enim adhuc protulisti, popularia sunt, ego autem a te elegantiora desidero. Duo Reges: constructio interrete. Tum Lucius: Mihi vero ista valde probata sunt, quod item fratri puto. Bestiarum vero nul -> udp_client/src/main.rs-131
2022-05-20 03:46:22 - WARN: Wrote 1155 bytes to file -> udp_client/src/main.rs-136
2022-05-20 03:46:22 - WARN: STREAM ID: 128 is FIN? false -> udp_client/src/main.rs-139
2022-05-20 03:46:22 - INFO: Sending 44, with info: SendInfo { to: 127.0.0.1:4480, at: Instant { t: 282943968996753 } } -> udp_client/src/main.rs-74
2022-05-20 03:46:22 - INFO: 72 bytes received from 127.0.0.1:4480 -> udp_client/src/main.rs-97
2022-05-20 03:46:22 - ERROR: STREAM_ID = 128 -> udp_client/src/main.rs-118
2022-05-20 03:46:22 - WARN: received 27 bytes -> udp_client/src/main.rs-125
2022-05-20 03:46:22 - INFO: stream 128 has 27 bytes (fin? false) -> udp_client/src/main.rs-129
2022-05-20 03:46:22 - INFO: Unsafe stream is lum iudicium puto. Nihil en -> udp_client/src/main.rs-131
2022-05-20 03:46:22 - WARN: Wrote 27 bytes to file -> udp_client/src/main.rs-136
2022-05-20 03:46:22 - WARN: STREAM ID: 128 is FIN? false -> udp_client/src/main.rs-139
2022-05-20 03:46:22 - INFO: Sending 44, with info: SendInfo { to: 127.0.0.1:4480, at: Instant { t: 282943969790122 } } -> udp_client/src/main.rs-74
2022-05-20 03:46:22 - INFO: 657 bytes received from 127.0.0.1:4480 -> udp_client/src/main.rs-97
2022-05-20 03:46:22 - ERROR: STREAM_ID = 128 -> udp_client/src/main.rs-118
2022-05-20 03:46:22 - WARN: received 606 bytes -> udp_client/src/main.rs-125
2022-05-20 03:46:22 - INFO: stream 128 has 606 bytes (fin? false) -> udp_client/src/main.rs-129
2022-05-20 03:46:22 - INFO: Unsafe stream is im iam habes, quod ad corpus referas; Deinde prima illa, quae in congressu solemus: Quid tu, inquit, huc? Et homini, qui ceteris animantibus plurimum praestat, praecipue a natura nihil datum esse dicemus?

Iam id ipsum absurdum, maximum malum neglegi. Quod ea non occurrentia fingunt, vincunt Aristonem; Atqui perspicuum est hominem e corpore animoque constare, cum primae sint animi partes, secundae corporis. Fieri, inquam, Triari, nullo pacto potest, ut non dicas, quid non probes eius, a quo dissentias. Equidem e Cn. An dubium est, quin virtus ita maximam partem optineat in rebus humanis, ut reliquas -> udp_client/src/main.rs-131
2022-05-20 03:46:22 - WARN: Wrote 606 bytes to file -> udp_client/src/main.rs-136
2022-05-20 03:46:22 - WARN: STREAM ID: 128 is FIN? false -> udp_client/src/main.rs-139
2022-05-20 03:46:22 - INFO: 471 bytes received from 127.0.0.1:4480 -> udp_client/src/main.rs-97
2022-05-20 03:46:22 - ERROR: STREAM_ID = 128 -> udp_client/src/main.rs-118
2022-05-20 03:46:22 - WARN: received 426 bytes -> udp_client/src/main.rs-125
2022-05-20 03:46:22 - INFO: stream 128 has 426 bytes (fin? false) -> udp_client/src/main.rs-129
2022-05-20 03:46:22 - INFO: Unsafe stream is  obruat?

Quis istum dolorem timet?
Summus dolor plures dies manere non potest? Dicet pro me ipsa virtus nec dubitabit isti vestro beato M. Tubulum fuisse, qua illum, cuius is condemnatus est rogatione, P. Quod si ita sit, cur opera philosophiae sit danda nescio.

Ex eorum enim scriptis et institutis cum omnis doctrina liberalis, omnis historia.
Quod si ita est, sequitur id ipsum, quod te velle video, omnes semper beatos e -> udp_client/src/main.rs-131
2022-05-20 03:46:22 - WARN: Wrote 426 bytes to file -> udp_client/src/main.rs-136
2022-05-20 03:46:22 - WARN: STREAM ID: 128 is FIN? false -> udp_client/src/main.rs-139
2022-05-20 03:46:22 - INFO: Sending 44, with info: SendInfo { to: 127.0.0.1:4480, at: Instant { t: 282943972402425 } } -> udp_client/src/main.rs-74
2022-05-20 03:46:35 - INFO: Sending 1200, with info: SendInfo { to: 127.0.0.1:4480, at: Instant { t: 282956815933056 } } -> udp_client/src/main.rs-74
2022-05-20 03:46:35 - INFO: 89 bytes received from 127.0.0.1:4480 -> udp_client/src/main.rs-97
2022-05-20 03:46:35 - INFO: Sending 1200, with info: SendInfo { to: 127.0.0.1:4480, at: Instant { t: 282956817540760 } } -> udp_client/src/main.rs-74
2022-05-20 03:46:35 - INFO: 1200 bytes received from 127.0.0.1:4480 -> udp_client/src/main.rs-97
2022-05-20 03:46:35 - INFO: 709 bytes received from 127.0.0.1:4480 -> udp_client/src/main.rs-97
2022-05-20 03:46:35 - ERROR: sending HTTP request for 127.0.0.1:4480 -> udp_client/src/main.rs-101
2022-05-20 03:46:35 - INFO: 12000 bytes sent in stream -> udp_client/src/main.rs-110
2022-05-20 03:46:35 - INFO: Sending 1200, with info: SendInfo { to: 127.0.0.1:4480, at: Instant { t: 282956822509694 } } -> udp_client/src/main.rs-74
2022-05-20 03:46:35 - INFO: Sending 1200, with info: SendInfo { to: 127.0.0.1:4480, at: Instant { t: 282956822691100 } } -> udp_client/src/main.rs-74
2022-05-20 03:46:35 - INFO: Sending 1200, with info: SendInfo { to: 127.0.0.1:4480, at: Instant { t: 282956822842430 } } -> udp_client/src/main.rs-74
2022-05-20 03:46:35 - INFO: Sending 1200, with info: SendInfo { to: 127.0.0.1:4480, at: Instant { t: 282956822970518 } } -> udp_client/src/main.rs-74
2022-05-20 03:46:35 - INFO: Sending 1200, with info: SendInfo { to: 127.0.0.1:4480, at: Instant { t: 282956823326645 } } -> udp_client/src/main.rs-74
2022-05-20 03:46:35 - INFO: Sending 1200, with info: SendInfo { to: 127.0.0.1:4480, at: Instant { t: 282956823490910 } } -> udp_client/src/main.rs-74
2022-05-20 03:46:35 - INFO: Sending 1200, with info: SendInfo { to: 127.0.0.1:4480, at: Instant { t: 282956824126596 } } -> udp_client/src/main.rs-74
2022-05-20 03:46:35 - INFO: Sending 1200, with info: SendInfo { to: 127.0.0.1:4480, at: Instant { t: 282956824278607 } } -> udp_client/src/main.rs-74
2022-05-20 03:46:35 - INFO: Sending 1200, with info: SendInfo { to: 127.0.0.1:4480, at: Instant { t: 282956824404202 } } -> udp_client/src/main.rs-74
2022-05-20 03:46:35 - INFO: Sending 1200, with info: SendInfo { to: 127.0.0.1:4480, at: Instant { t: 282956824531650 } } -> udp_client/src/main.rs-74
2022-05-20 03:46:35 - INFO: Sending 99, with info: SendInfo { to: 127.0.0.1:4480, at: Instant { t: 282956824655887 } } -> udp_client/src/main.rs-74
2022-05-20 03:46:35 - INFO: 1200 bytes received from 127.0.0.1:4480 -> udp_client/src/main.rs-97
2022-05-20 03:46:35 - ERROR: STREAM_ID = 128 -> udp_client/src/main.rs-118
2022-05-20 03:46:35 - WARN: received 629 bytes -> udp_client/src/main.rs-125
2022-05-20 03:46:35 - INFO: stream 128 has 629 bytes (fin? false) -> udp_client/src/main.rs-129
2022-05-20 03:46:35 - INFO: Unsafe stream is Quod equidem non reprehendo;
Lorem ipsum dolor sit amet, consectetur adipiscing elit. Quibus natura iure responderit non esse verum aliunde finem beate vivendi, a se principia rei gerendae peti; Quae enim adhuc protulisti, popularia sunt, ego autem a te elegantiora desidero. Duo Reges: constructio interrete. Tum Lucius: Mihi vero ista valde probata sunt, quod item fratri puto. Bestiarum vero nullum iudicium puto. Nihil enim iam habes, quod ad corpus referas; Deinde prima illa, quae in congressu solemus: Quid tu, inquit, huc? Et homini, qui ceteris animantibus plurimum praestat, praecipue a natura nihil datum esse dicemus? -> udp_client/src/main.rs-131
2022-05-20 03:46:35 - WARN: Wrote 629 bytes to file -> udp_client/src/main.rs-136
2022-05-20 03:46:35 - WARN: STREAM ID: 128 is FIN? false -> udp_client/src/main.rs-139
2022-05-20 03:46:35 - INFO: 1200 bytes received from 127.0.0.1:4480 -> udp_client/src/main.rs-97
2022-05-20 03:46:35 - ERROR: STREAM_ID = 128 -> udp_client/src/main.rs-118
2022-05-20 03:46:35 - WARN: received 1155 bytes -> udp_client/src/main.rs-125
2022-05-20 03:46:35 - INFO: stream 128 has 1155 bytes (fin? false) -> udp_client/src/main.rs-129
2022-05-20 03:46:35 - INFO: Unsafe stream is 

Iam id ipsum absurdum, maximum malum neglegi. Quod ea non occurrentia fingunt, vincunt Aristonem; Atqui perspicuum est hominem e corpore animoque constare, cum primae sint animi partes, secundae corporis. Fieri, inquam, Triari, nullo pacto potest, ut non dicas, quid non probes eius, a quo dissentias. Equidem e Cn. An dubium est, quin virtus ita maximam partem optineat in rebus humanis, ut reliquas obruat?

Quis istum dolorem timet?
Summus dolor plures dies manere non potest? Dicet pro me ipsa virtus nec dubitabit isti vestro beato M. Tubulum fuisse, qua illum, cuius is condemnatus est rogatione, P. Quod si ita sit, cur opera philosophiae sit danda nescio.

Ex eorum enim scriptis et institutis cum omnis doctrina liberalis, omnis historia.
Quod si ita est, sequitur id ipsum, quod te velle video, omnes semper beatos esse sapientes. Cum enim fertur quasi torrens oratio, quamvis multa cuiusque modi rapiat, nihil tamen teneas, nihil apprehendas, nusquam orationem rapidam coerceas. Ita redarguitur ipse a sese, convincunturque scripta eius probitate ipsius ac moribus. At quanta conantur! Mundum hunc omnem oppidum esse nostrum! Incendi igitur e -> udp_client/src/main.rs-131
2022-05-20 03:46:35 - WARN: Wrote 1155 bytes to file -> udp_client/src/main.rs-136
2022-05-20 03:46:35 - WARN: STREAM ID: 128 is FIN? false -> udp_client/src/main.rs-139
2022-05-20 03:46:35 - INFO: 1200 bytes received from 127.0.0.1:4480 -> udp_client/src/main.rs-97
2022-05-20 03:46:35 - ERROR: STREAM_ID = 128 -> udp_client/src/main.rs-118
2022-05-20 03:46:35 - WARN: received 1155 bytes -> udp_client/src/main.rs-125
2022-05-20 03:46:35 - INFO: stream 128 has 1155 bytes (fin? false) -> udp_client/src/main.rs-129
2022-05-20 03:46:35 - INFO: Unsafe stream is os, qui audiunt, vides. Vide, ne magis, inquam, tuum fuerit, cum re idem tibi, quod mihi, videretur, non nova te rebus nomina inponere. Qui-vere falsone, quaerere mittimus-dicitur oculis se privasse; Si ista mala sunt, in quae potest incidere sapiens, sapientem esse non esse ad beate vivendum satis. At vero si ad vitem sensus accesserit, ut appetitum quendam habeat et per se ipsa moveatur, quid facturam putas?

Quem si tenueris, non modo meum Ciceronem, sed etiam me ipsum abducas licebit.
Stulti autem malorum memoria torquentur, sapientes bona praeterita grata recordatione renovata delectant.
Esse enim quam vellet iniquus iustus poterat inpune.
Quae autem natura suae primae institutionis oblita est?
Verum tamen cum de rebus grandioribus dicas, ipsae res verba rapiunt;
Hoc est non modo cor non habere, sed ne palatum quidem.
Voluptatem cum summum bonum diceret, primum in eo ipso parum vidit, deinde hoc quoque alienum; Sed tu istuc dixti bene Latine, parum plane. Nam haec ipsa mihi erunt in promptu, quae modo audivi, nec ante aggrediar, quam te ab istis, quos dicis, instructum videro. Fatebuntur Stoici haec omnia dicta esse praeclare, neque -> udp_client/src/main.rs-131
2022-05-20 03:46:35 - WARN: Wrote 1155 bytes to file -> udp_client/src/main.rs-136
2022-05-20 03:46:35 - WARN: STREAM ID: 128 is FIN? false -> udp_client/src/main.rs-139
2022-05-20 03:46:35 - INFO: Sending 657, with info: SendInfo { to: 127.0.0.1:4480, at: Instant { t: 282956829378320 } } -> udp_client/src/main.rs-74
2022-05-20 03:46:35 - INFO: 1200 bytes received from 127.0.0.1:4480 -> udp_client/src/main.rs-97
2022-05-20 03:46:35 - ERROR: STREAM_ID = 128 -> udp_client/src/main.rs-118
2022-05-20 03:46:35 - WARN: received 1155 bytes -> udp_client/src/main.rs-125
2022-05-20 03:46:35 - INFO: stream 128 has 1155 bytes (fin? false) -> udp_client/src/main.rs-129
2022-05-20 03:46:35 - INFO: Unsafe stream is  eam causam Zenoni desciscendi fuisse. Non autem hoc: igitur ne illud quidem. Ratio quidem vestra sic cogit. Cum audissem Antiochum, Brute, ut solebam, cum M. An quod ita callida est, ut optime possit architectari voluptates?

Idemne, quod iucunde?
Haec mihi videtur delicatior, ut ita dicam, molliorque ratio, quam virtutis vis gravitasque postulat. Sed quoniam et advesperascit et mihi ad villam revertendum est, nunc quidem hactenus; Cuius ad naturam apta ratio vera illa et summa lex a philosophis dicitur. Neque solum ea communia, verum etiam paria esse dixerunt. Sed nunc, quod agimus; A mene tu?
Quod equidem non reprehendo;
Lorem ipsum dolor sit amet, consectetur adipiscing elit. Quibus natura iure responderit non esse verum aliunde finem beate vivendi, a se principia rei gerendae peti; Quae enim adhuc protulisti, popularia sunt, ego autem a te elegantiora desidero. Duo Reges: constructio interrete. Tum Lucius: Mihi vero ista valde probata sunt, quod item fratri puto. Bestiarum vero nullum iudicium puto. Nihil enim iam habes, quod ad corpus referas; Deinde prima illa, quae in congressu solemus: Quid tu, inquit, huc? Et homini, qui ceteri -> udp_client/src/main.rs-131
2022-05-20 03:46:35 - WARN: Wrote 1155 bytes to file -> udp_client/src/main.rs-136
2022-05-20 03:46:35 - WARN: STREAM ID: 128 is FIN? false -> udp_client/src/main.rs-139
2022-05-20 03:46:35 - INFO: 1200 bytes received from 127.0.0.1:4480 -> udp_client/src/main.rs-97
2022-05-20 03:46:35 - ERROR: STREAM_ID = 128 -> udp_client/src/main.rs-118
2022-05-20 03:46:35 - WARN: received 1155 bytes -> udp_client/src/main.rs-125
2022-05-20 03:46:35 - INFO: stream 128 has 1155 bytes (fin? false) -> udp_client/src/main.rs-129
2022-05-20 03:46:35 - INFO: Unsafe stream is s animantibus plurimum praestat, praecipue a natura nihil datum esse dicemus?

Iam id ipsum absurdum, maximum malum neglegi. Quod ea non occurrentia fingunt, vincunt Aristonem; Atqui perspicuum est hominem e corpore animoque constare, cum primae sint animi partes, secundae corporis. Fieri, inquam, Triari, nullo pacto potest, ut non dicas, quid non probes eius, a quo dissentias. Equidem e Cn. An dubium est, quin virtus ita maximam partem optineat in rebus humanis, ut reliquas obruat?

Quis istum dolorem timet?
Summus dolor plures dies manere non potest? Dicet pro me ipsa virtus nec dubitabit isti vestro beato M. Tubulum fuisse, qua illum, cuius is condemnatus est rogatione, P. Quod si ita sit, cur opera philosophiae sit danda nescio.

Ex eorum enim scriptis et institutis cum omnis doctrina liberalis, omnis historia.
Quod si ita est, sequitur id ipsum, quod te velle video, omnes semper beatos esse sapientes. Cum enim fertur quasi torrens oratio, quamvis multa cuiusque modi rapiat, nihil tamen teneas, nihil apprehendas, nusquam orationem rapidam coerceas. Ita redarguitur ipse a sese, convincunturque scripta eius probitate ipsius ac moribus. -> udp_client/src/main.rs-131
2022-05-20 03:46:35 - WARN: Wrote 1155 bytes to file -> udp_client/src/main.rs-136
2022-05-20 03:46:35 - WARN: STREAM ID: 128 is FIN? false -> udp_client/src/main.rs-139
2022-05-20 03:46:35 - INFO: Sending 44, with info: SendInfo { to: 127.0.0.1:4480, at: Instant { t: 282956832988380 } } -> udp_client/src/main.rs-74
2022-05-20 03:46:35 - INFO: 1200 bytes received from 127.0.0.1:4480 -> udp_client/src/main.rs-97
2022-05-20 03:46:35 - ERROR: STREAM_ID = 128 -> udp_client/src/main.rs-118
2022-05-20 03:46:35 - WARN: received 1155 bytes -> udp_client/src/main.rs-125
2022-05-20 03:46:35 - INFO: stream 128 has 1155 bytes (fin? false) -> udp_client/src/main.rs-129
2022-05-20 03:46:35 - INFO: Unsafe stream is  At quanta conantur! Mundum hunc omnem oppidum esse nostrum! Incendi igitur eos, qui audiunt, vides. Vide, ne magis, inquam, tuum fuerit, cum re idem tibi, quod mihi, videretur, non nova te rebus nomina inponere. Qui-vere falsone, quaerere mittimus-dicitur oculis se privasse; Si ista mala sunt, in quae potest incidere sapiens, sapientem esse non esse ad beate vivendum satis. At vero si ad vitem sensus accesserit, ut appetitum quendam habeat et per se ipsa moveatur, quid facturam putas?

Quem si tenueris, non modo meum Ciceronem, sed etiam me ipsum abducas licebit.
Stulti autem malorum memoria torquentur, sapientes bona praeterita grata recordatione renovata delectant.
Esse enim quam vellet iniquus iustus poterat inpune.
Quae autem natura suae primae institutionis oblita est?
Verum tamen cum de rebus grandioribus dicas, ipsae res verba rapiunt;
Hoc est non modo cor non habere, sed ne palatum quidem.
Voluptatem cum summum bonum diceret, primum in eo ipso parum vidit, deinde hoc quoque alienum; Sed tu istuc dixti bene Latine, parum plane. Nam haec ipsa mihi erunt in promptu, quae modo audivi, nec ante aggrediar, quam te ab istis, quos dicis -> udp_client/src/main.rs-131
2022-05-20 03:46:35 - WARN: Wrote 1155 bytes to file -> udp_client/src/main.rs-136
2022-05-20 03:46:35 - WARN: STREAM ID: 128 is FIN? false -> udp_client/src/main.rs-139
2022-05-20 03:46:35 - INFO: 1200 bytes received from 127.0.0.1:4480 -> udp_client/src/main.rs-97
2022-05-20 03:46:35 - ERROR: STREAM_ID = 128 -> udp_client/src/main.rs-118
2022-05-20 03:46:35 - WARN: received 1155 bytes -> udp_client/src/main.rs-125
2022-05-20 03:46:35 - INFO: stream 128 has 1155 bytes (fin? false) -> udp_client/src/main.rs-129
2022-05-20 03:46:35 - INFO: Unsafe stream is , instructum videro. Fatebuntur Stoici haec omnia dicta esse praeclare, neque eam causam Zenoni desciscendi fuisse. Non autem hoc: igitur ne illud quidem. Ratio quidem vestra sic cogit. Cum audissem Antiochum, Brute, ut solebam, cum M. An quod ita callida est, ut optime possit architectari voluptates?

Idemne, quod iucunde?
Haec mihi videtur delicatior, ut ita dicam, molliorque ratio, quam virtutis vis gravitasque postulat. Sed quoniam et advesperascit et mihi ad villam revertendum est, nunc quidem hactenus; Cuius ad naturam apta ratio vera illa et summa lex a philosophis dicitur. Neque solum ea communia, verum etiam paria esse dixerunt. Sed nunc, quod agimus; A mene tu?
Quod equidem non reprehendo;
Lorem ipsum dolor sit amet, consectetur adipiscing elit. Quibus natura iure responderit non esse verum aliunde finem beate vivendi, a se principia rei gerendae peti; Quae enim adhuc protulisti, popularia sunt, ego autem a te elegantiora desidero. Duo Reges: constructio interrete. Tum Lucius: Mihi vero ista valde probata sunt, quod item fratri puto. Bestiarum vero nullum iudicium puto. Nihil enim iam habes, quod ad corpus referas; Deinde prima -> udp_client/src/main.rs-131
2022-05-20 03:46:35 - WARN: Wrote 1155 bytes to file -> udp_client/src/main.rs-136
2022-05-20 03:46:35 - WARN: STREAM ID: 128 is FIN? false -> udp_client/src/main.rs-139
2022-05-20 03:46:35 - INFO: 1200 bytes received from 127.0.0.1:4480 -> udp_client/src/main.rs-97
2022-05-20 03:46:35 - ERROR: STREAM_ID = 128 -> udp_client/src/main.rs-118
2022-05-20 03:46:35 - WARN: received 1155 bytes -> udp_client/src/main.rs-125
2022-05-20 03:46:35 - INFO: stream 128 has 1155 bytes (fin? false) -> udp_client/src/main.rs-129
2022-05-20 03:46:35 - INFO: Unsafe stream is  illa, quae in congressu solemus: Quid tu, inquit, huc? Et homini, qui ceteris animantibus plurimum praestat, praecipue a natura nihil datum esse dicemus?

Iam id ipsum absurdum, maximum malum neglegi. Quod ea non occurrentia fingunt, vincunt Aristonem; Atqui perspicuum est hominem e corpore animoque constare, cum primae sint animi partes, secundae corporis. Fieri, inquam, Triari, nullo pacto potest, ut non dicas, quid non probes eius, a quo dissentias. Equidem e Cn. An dubium est, quin virtus ita maximam partem optineat in rebus humanis, ut reliquas obruat?

Quis istum dolorem timet?
Summus dolor plures dies manere non potest? Dicet pro me ipsa virtus nec dubitabit isti vestro beato M. Tubulum fuisse, qua illum, cuius is condemnatus est rogatione, P. Quod si ita sit, cur opera philosophiae sit danda nescio.

Ex eorum enim scriptis et institutis cum omnis doctrina liberalis, omnis historia.
Quod si ita est, sequitur id ipsum, quod te velle video, omnes semper beatos esse sapientes. Cum enim fertur quasi torrens oratio, quamvis multa cuiusque modi rapiat, nihil tamen teneas, nihil apprehendas, nusquam orationem rapidam coerceas. Ita redar -> udp_client/src/main.rs-131
2022-05-20 03:46:35 - WARN: Wrote 1155 bytes to file -> udp_client/src/main.rs-136
2022-05-20 03:46:35 - WARN: STREAM ID: 128 is FIN? false -> udp_client/src/main.rs-139
2022-05-20 03:46:35 - INFO: 1200 bytes received from 127.0.0.1:4480 -> udp_client/src/main.rs-97
2022-05-20 03:46:35 - ERROR: STREAM_ID = 128 -> udp_client/src/main.rs-118
2022-05-20 03:46:35 - WARN: received 1155 bytes -> udp_client/src/main.rs-125
2022-05-20 03:46:35 - INFO: stream 128 has 1155 bytes (fin? false) -> udp_client/src/main.rs-129
2022-05-20 03:46:35 - INFO: Unsafe stream is guitur ipse a sese, convincunturque scripta eius probitate ipsius ac moribus. At quanta conantur! Mundum hunc omnem oppidum esse nostrum! Incendi igitur eos, qui audiunt, vides. Vide, ne magis, inquam, tuum fuerit, cum re idem tibi, quod mihi, videretur, non nova te rebus nomina inponere. Qui-vere falsone, quaerere mittimus-dicitur oculis se privasse; Si ista mala sunt, in quae potest incidere sapiens, sapientem esse non esse ad beate vivendum satis. At vero si ad vitem sensus accesserit, ut appetitum quendam habeat et per se ipsa moveatur, quid facturam putas?

Quem si tenueris, non modo meum Ciceronem, sed etiam me ipsum abducas licebit.
Stulti autem malorum memoria torquentur, sapientes bona praeterita grata recordatione renovata delectant.
Esse enim quam vellet iniquus iustus poterat inpune.
Quae autem natura suae primae institutionis oblita est?
Verum tamen cum de rebus grandioribus dicas, ipsae res verba rapiunt;
Hoc est non modo cor non habere, sed ne palatum quidem.
Voluptatem cum summum bonum diceret, primum in eo ipso parum vidit, deinde hoc quoque alienum; Sed tu istuc dixti bene Latine, parum plane. Nam haec ipsa mihi erunt i -> udp_client/src/main.rs-131
2022-05-20 03:46:35 - WARN: Wrote 1155 bytes to file -> udp_client/src/main.rs-136
2022-05-20 03:46:35 - WARN: STREAM ID: 128 is FIN? false -> udp_client/src/main.rs-139
2022-05-20 03:46:35 - INFO: 1200 bytes received from 127.0.0.1:4480 -> udp_client/src/main.rs-97
2022-05-20 03:46:35 - ERROR: STREAM_ID = 128 -> udp_client/src/main.rs-118
2022-05-20 03:46:35 - WARN: received 1155 bytes -> udp_client/src/main.rs-125
2022-05-20 03:46:35 - INFO: stream 128 has 1155 bytes (fin? false) -> udp_client/src/main.rs-129
2022-05-20 03:46:35 - INFO: Unsafe stream is n promptu, quae modo audivi, nec ante aggrediar, quam te ab istis, quos dicis, instructum videro. Fatebuntur Stoici haec omnia dicta esse praeclare, neque eam causam Zenoni desciscendi fuisse. Non autem hoc: igitur ne illud quidem. Ratio quidem vestra sic cogit. Cum audissem Antiochum, Brute, ut solebam, cum M. An quod ita callida est, ut optime possit architectari voluptates?

Idemne, quod iucunde?
Haec mihi videtur delicatior, ut ita dicam, molliorque ratio, quam virtutis vis gravitasque postulat. Sed quoniam et advesperascit et mihi ad villam revertendum est, nunc quidem hactenus; Cuius ad naturam apta ratio vera illa et summa lex a philosophis dicitur. Neque solum ea communia, verum etiam paria esse dixerunt. Sed nunc, quod agimus; A mene tu?
Quod equidem non reprehendo;
Lorem ipsum dolor sit amet, consectetur adipiscing elit. Quibus natura iure responderit non esse verum aliunde finem beate vivendi, a se principia rei gerendae peti; Quae enim adhuc protulisti, popularia sunt, ego autem a te elegantiora desidero. Duo Reges: constructio interrete. Tum Lucius: Mihi vero ista valde probata sunt, quod item fratri puto. Bestiarum vero nul -> udp_client/src/main.rs-131
2022-05-20 03:46:35 - WARN: Wrote 1155 bytes to file -> udp_client/src/main.rs-136
2022-05-20 03:46:35 - WARN: STREAM ID: 128 is FIN? false -> udp_client/src/main.rs-139
2022-05-20 03:46:35 - INFO: 72 bytes received from 127.0.0.1:4480 -> udp_client/src/main.rs-97
2022-05-20 03:46:35 - ERROR: STREAM_ID = 128 -> udp_client/src/main.rs-118
2022-05-20 03:46:35 - WARN: received 27 bytes -> udp_client/src/main.rs-125
2022-05-20 03:46:35 - INFO: stream 128 has 27 bytes (fin? false) -> udp_client/src/main.rs-129
2022-05-20 03:46:35 - INFO: Unsafe stream is lum iudicium puto. Nihil en -> udp_client/src/main.rs-131
2022-05-20 03:46:35 - WARN: Wrote 27 bytes to file -> udp_client/src/main.rs-136
2022-05-20 03:46:35 - WARN: STREAM ID: 128 is FIN? false -> udp_client/src/main.rs-139
2022-05-20 03:46:35 - INFO: 657 bytes received from 127.0.0.1:4480 -> udp_client/src/main.rs-97
2022-05-20 03:46:35 - ERROR: STREAM_ID = 128 -> udp_client/src/main.rs-118
2022-05-20 03:46:35 - WARN: received 606 bytes -> udp_client/src/main.rs-125
2022-05-20 03:46:35 - INFO: stream 128 has 606 bytes (fin? false) -> udp_client/src/main.rs-129
2022-05-20 03:46:35 - INFO: Unsafe stream is im iam habes, quod ad corpus referas; Deinde prima illa, quae in congressu solemus: Quid tu, inquit, huc? Et homini, qui ceteris animantibus plurimum praestat, praecipue a natura nihil datum esse dicemus?

Iam id ipsum absurdum, maximum malum neglegi. Quod ea non occurrentia fingunt, vincunt Aristonem; Atqui perspicuum est hominem e corpore animoque constare, cum primae sint animi partes, secundae corporis. Fieri, inquam, Triari, nullo pacto potest, ut non dicas, quid non probes eius, a quo dissentias. Equidem e Cn. An dubium est, quin virtus ita maximam partem optineat in rebus humanis, ut reliquas -> udp_client/src/main.rs-131
2022-05-20 03:46:35 - WARN: Wrote 606 bytes to file -> udp_client/src/main.rs-136
2022-05-20 03:46:35 - WARN: STREAM ID: 128 is FIN? false -> udp_client/src/main.rs-139
2022-05-20 03:46:35 - INFO: Sending 44, with info: SendInfo { to: 127.0.0.1:4480, at: Instant { t: 282956845651115 } } -> udp_client/src/main.rs-74
2022-05-20 03:46:35 - INFO: 657 bytes received from 127.0.0.1:4480 -> udp_client/src/main.rs-97
2022-05-20 03:46:35 - ERROR: STREAM_ID = 128 -> udp_client/src/main.rs-118
2022-05-20 03:46:35 - WARN: received 612 bytes -> udp_client/src/main.rs-125
2022-05-20 03:46:35 - INFO: stream 128 has 612 bytes (fin? false) -> udp_client/src/main.rs-129
2022-05-20 03:46:35 - INFO: Unsafe stream is  obruat?

Quis istum dolorem timet?
Summus dolor plures dies manere non potest? Dicet pro me ipsa virtus nec dubitabit isti vestro beato M. Tubulum fuisse, qua illum, cuius is condemnatus est rogatione, P. Quod si ita sit, cur opera philosophiae sit danda nescio.

Ex eorum enim scriptis et institutis cum omnis doctrina liberalis, omnis historia.
Quod si ita est, sequitur id ipsum, quod te velle video, omnes semper beatos esse sapientes. Cum enim fertur quasi torrens oratio, quamvis multa cuiusque modi rapiat, nihil tamen teneas, nihil apprehendas, nusquam orationem rapidam coerceas. Ita redarguitur ipse a -> udp_client/src/main.rs-131
2022-05-20 03:46:35 - WARN: Wrote 612 bytes to file -> udp_client/src/main.rs-136
2022-05-20 03:46:35 - WARN: STREAM ID: 128 is FIN? false -> udp_client/src/main.rs-139
2022-05-20 03:46:35 - INFO: 657 bytes received from 127.0.0.1:4480 -> udp_client/src/main.rs-97
2022-05-20 03:46:35 - ERROR: STREAM_ID = 128 -> udp_client/src/main.rs-118
2022-05-20 03:46:35 - WARN: received 612 bytes -> udp_client/src/main.rs-125
2022-05-20 03:46:35 - INFO: stream 128 has 612 bytes (fin? false) -> udp_client/src/main.rs-129
2022-05-20 03:46:35 - INFO: Unsafe stream is  sese, convincunturque scripta eius probitate ipsius ac moribus. At quanta conantur! Mundum hunc omnem oppidum esse nostrum! Incendi igitur eos, qui audiunt, vides. Vide, ne magis, inquam, tuum fuerit, cum re idem tibi, quod mihi, videretur, non nova te rebus nomina inponere. Qui-vere falsone, quaerere mittimus-dicitur oculis se privasse; Si ista mala sunt, in quae potest incidere sapiens, sapientem esse non esse ad beate vivendum satis. At vero si ad vitem sensus accesserit, ut appetitum quendam habeat et per se ipsa moveatur, quid facturam putas?

Quem si tenueris, non modo meum Ciceronem, sed etiam me  -> udp_client/src/main.rs-131
2022-05-20 03:46:35 - WARN: Wrote 612 bytes to file -> udp_client/src/main.rs-136
2022-05-20 03:46:35 - WARN: STREAM ID: 128 is FIN? false -> udp_client/src/main.rs-139
2022-05-20 03:46:35 - INFO: 657 bytes received from 127.0.0.1:4480 -> udp_client/src/main.rs-97
2022-05-20 03:46:35 - ERROR: STREAM_ID = 128 -> udp_client/src/main.rs-118
2022-05-20 03:46:35 - WARN: received 612 bytes -> udp_client/src/main.rs-125
2022-05-20 03:46:35 - INFO: stream 128 has 612 bytes (fin? false) -> udp_client/src/main.rs-129
2022-05-20 03:46:35 - INFO: Unsafe stream is ipsum abducas licebit.
Stulti autem malorum memoria torquentur, sapientes bona praeterita grata recordatione renovata delectant.
Esse enim quam vellet iniquus iustus poterat inpune.
Quae autem natura suae primae institutionis oblita est?
Verum tamen cum de rebus grandioribus dicas, ipsae res verba rapiunt;
Hoc est non modo cor non habere, sed ne palatum quidem.
Voluptatem cum summum bonum diceret, primum in eo ipso parum vidit, deinde hoc quoque alienum; Sed tu istuc dixti bene Latine, parum plane. Nam haec ipsa mihi erunt in promptu, quae modo audivi, nec ante aggrediar, quam te ab istis, quos dicis, ins -> udp_client/src/main.rs-131
2022-05-20 03:46:35 - WARN: Wrote 612 bytes to file -> udp_client/src/main.rs-136
2022-05-20 03:46:35 - WARN: STREAM ID: 128 is FIN? false -> udp_client/src/main.rs-139
2022-05-20 03:46:35 - INFO: Sending 44, with info: SendInfo { to: 127.0.0.1:4480, at: Instant { t: 282956849194349 } } -> udp_client/src/main.rs-74
2022-05-20 03:46:35 - INFO: 657 bytes received from 127.0.0.1:4480 -> udp_client/src/main.rs-97
2022-05-20 03:46:35 - ERROR: STREAM_ID = 128 -> udp_client/src/main.rs-118
2022-05-20 03:46:35 - WARN: received 612 bytes -> udp_client/src/main.rs-125
2022-05-20 03:46:35 - INFO: stream 128 has 612 bytes (fin? false) -> udp_client/src/main.rs-129
2022-05-20 03:46:35 - INFO: Unsafe stream is tructum videro. Fatebuntur Stoici haec omnia dicta esse praeclare, neque eam causam Zenoni desciscendi fuisse. Non autem hoc: igitur ne illud quidem. Ratio quidem vestra sic cogit. Cum audissem Antiochum, Brute, ut solebam, cum M. An quod ita callida est, ut optime possit architectari voluptates?

Idemne, quod iucunde?
Haec mihi videtur delicatior, ut ita dicam, molliorque ratio, quam virtutis vis gravitasque postulat. Sed quoniam et advesperascit et mihi ad villam revertendum est, nunc quidem hactenus; Cuius ad naturam apta ratio vera illa et summa lex a philosophis dicitur. Neque solum ea communia, veru -> udp_client/src/main.rs-131
2022-05-20 03:46:35 - WARN: Wrote 612 bytes to file -> udp_client/src/main.rs-136
2022-05-20 03:46:35 - WARN: STREAM ID: 128 is FIN? false -> udp_client/src/main.rs-139
2022-05-20 03:46:35 - INFO: 657 bytes received from 127.0.0.1:4480 -> udp_client/src/main.rs-97
2022-05-20 03:46:35 - ERROR: STREAM_ID = 128 -> udp_client/src/main.rs-118
2022-05-20 03:46:35 - WARN: received 612 bytes -> udp_client/src/main.rs-125
2022-05-20 03:46:35 - INFO: stream 128 has 612 bytes (fin? false) -> udp_client/src/main.rs-129
2022-05-20 03:46:35 - INFO: Unsafe stream is m etiam paria esse dixerunt. Sed nunc, quod agimus; A mene tu?
Quod equidem non reprehendo;
Lorem ipsum dolor sit amet, consectetur adipiscing elit. Quibus natura iure responderit non esse verum aliunde finem beate vivendi, a se principia rei gerendae peti; Quae enim adhuc protulisti, popularia sunt, ego autem a te elegantiora desidero. Duo Reges: constructio interrete. Tum Lucius: Mihi vero ista valde probata sunt, quod item fratri puto. Bestiarum vero nullum iudicium puto. Nihil enim iam habes, quod ad corpus referas; Deinde prima illa, quae in congressu solemus: Quid tu, inquit, huc? Et homini, qui cet -> udp_client/src/main.rs-131
2022-05-20 03:46:35 - WARN: Wrote 612 bytes to file -> udp_client/src/main.rs-136
2022-05-20 03:46:35 - WARN: STREAM ID: 128 is FIN? false -> udp_client/src/main.rs-139
2022-05-20 03:46:35 - INFO: Sending 44, with info: SendInfo { to: 127.0.0.1:4480, at: Instant { t: 282956851212217 } } -> udp_client/src/main.rs-74
2022-05-20 03:46:35 - INFO: 657 bytes received from 127.0.0.1:4480 -> udp_client/src/main.rs-97
2022-05-20 03:46:35 - ERROR: STREAM_ID = 128 -> udp_client/src/main.rs-118
2022-05-20 03:46:35 - WARN: received 612 bytes -> udp_client/src/main.rs-125
2022-05-20 03:46:35 - INFO: stream 128 has 612 bytes (fin? false) -> udp_client/src/main.rs-129
2022-05-20 03:46:35 - INFO: Unsafe stream is eris animantibus plurimum praestat, praecipue a natura nihil datum esse dicemus?

Iam id ipsum absurdum, maximum malum neglegi. Quod ea non occurrentia fingunt, vincunt Aristonem; Atqui perspicuum est hominem e corpore animoque constare, cum primae sint animi partes, secundae corporis. Fieri, inquam, Triari, nullo pacto potest, ut non dicas, quid non probes eius, a quo dissentias. Equidem e Cn. An dubium est, quin virtus ita maximam partem optineat in rebus humanis, ut reliquas obruat?

Quis istum dolorem timet?
Summus dolor plures dies manere non potest? Dicet pro me ipsa virtus nec dubitabit isti vestro -> udp_client/src/main.rs-131
2022-05-20 03:46:35 - WARN: Wrote 612 bytes to file -> udp_client/src/main.rs-136
2022-05-20 03:46:35 - WARN: STREAM ID: 128 is FIN? false -> udp_client/src/main.rs-139
2022-05-20 03:46:35 - INFO: 657 bytes received from 127.0.0.1:4480 -> udp_client/src/main.rs-97
2022-05-20 03:46:35 - ERROR: STREAM_ID = 128 -> udp_client/src/main.rs-118
2022-05-20 03:46:35 - WARN: received 612 bytes -> udp_client/src/main.rs-125
2022-05-20 03:46:35 - INFO: stream 128 has 612 bytes (fin? false) -> udp_client/src/main.rs-129
2022-05-20 03:46:35 - INFO: Unsafe stream is  beato M. Tubulum fuisse, qua illum, cuius is condemnatus est rogatione, P. Quod si ita sit, cur opera philosophiae sit danda nescio.

Ex eorum enim scriptis et institutis cum omnis doctrina liberalis, omnis historia.
Quod si ita est, sequitur id ipsum, quod te velle video, omnes semper beatos esse sapientes. Cum enim fertur quasi torrens oratio, quamvis multa cuiusque modi rapiat, nihil tamen teneas, nihil apprehendas, nusquam orationem rapidam coerceas. Ita redarguitur ipse a sese, convincunturque scripta eius probitate ipsius ac moribus. At quanta conantur! Mundum hunc omnem oppidum esse nostrum! Incen -> udp_client/src/main.rs-131
2022-05-20 03:46:35 - WARN: Wrote 612 bytes to file -> udp_client/src/main.rs-136
2022-05-20 03:46:35 - WARN: STREAM ID: 128 is FIN? false -> udp_client/src/main.rs-139
2022-05-20 03:46:35 - INFO: Sending 44, with info: SendInfo { to: 127.0.0.1:4480, at: Instant { t: 282956852715366 } } -> udp_client/src/main.rs-74
2022-05-20 03:46:35 - INFO: 657 bytes received from 127.0.0.1:4480 -> udp_client/src/main.rs-97
2022-05-20 03:46:35 - ERROR: STREAM_ID = 128 -> udp_client/src/main.rs-118
2022-05-20 03:46:35 - WARN: received 612 bytes -> udp_client/src/main.rs-125
2022-05-20 03:46:35 - INFO: stream 128 has 612 bytes (fin? false) -> udp_client/src/main.rs-129
2022-05-20 03:46:35 - INFO: Unsafe stream is di igitur eos, qui audiunt, vides. Vide, ne magis, inquam, tuum fuerit, cum re idem tibi, quod mihi, videretur, non nova te rebus nomina inponere. Qui-vere falsone, quaerere mittimus-dicitur oculis se privasse; Si ista mala sunt, in quae potest incidere sapiens, sapientem esse non esse ad beate vivendum satis. At vero si ad vitem sensus accesserit, ut appetitum quendam habeat et per se ipsa moveatur, quid facturam putas?

Quem si tenueris, non modo meum Ciceronem, sed etiam me ipsum abducas licebit.
Stulti autem malorum memoria torquentur, sapientes bona praeterita grata recordatione renovata delectant.
E -> udp_client/src/main.rs-131
2022-05-20 03:46:35 - WARN: Wrote 612 bytes to file -> udp_client/src/main.rs-136
2022-05-20 03:46:35 - WARN: STREAM ID: 128 is FIN? false -> udp_client/src/main.rs-139
2022-05-20 03:46:35 - INFO: Sending 44, with info: SendInfo { to: 127.0.0.1:4480, at: Instant { t: 282956854677387 } } -> udp_client/src/main.rs-74
